ARM GAS  /tmp/cc9jgcL4.s 			page 1


   1              		.cpu cortex-m7
   2              		.arch armv7e-m
   3              		.fpu fpv5-sp-d16
   4              		.eabi_attribute 27, 1
   5              		.eabi_attribute 28, 1
   6              		.eabi_attribute 20, 1
   7              		.eabi_attribute 21, 1
   8              		.eabi_attribute 23, 3
   9              		.eabi_attribute 24, 1
  10              		.eabi_attribute 25, 1
  11              		.eabi_attribute 26, 1
  12              		.eabi_attribute 30, 1
  13              		.eabi_attribute 34, 1
  14              		.eabi_attribute 18, 4
  15              		.file	"gpio.c"
  16              		.text
  17              	.Ltext0:
  18              		.cfi_sections	.debug_frame
  19              		.section	.text.MX_GPIO_Init,"ax",%progbits
  20              		.align	1
  21              		.global	MX_GPIO_Init
  22              		.syntax unified
  23              		.thumb
  24              		.thumb_func
  26              	MX_GPIO_Init:
  27              	.LFB141:
  28              		.file 1 "Core/Src/gpio.c"
   1:Core/Src/gpio.c **** /**
   2:Core/Src/gpio.c ****   ******************************************************************************
   3:Core/Src/gpio.c ****   * @file    gpio.c
   4:Core/Src/gpio.c ****   * @brief   This file provides code for the configuration
   5:Core/Src/gpio.c ****   *          of all used GPIO pins.
   6:Core/Src/gpio.c ****   ******************************************************************************
   7:Core/Src/gpio.c ****   * @attention
   8:Core/Src/gpio.c ****   *
   9:Core/Src/gpio.c ****   * <h2><center>&copy; Copyright (c) 2022 STMicroelectronics.
  10:Core/Src/gpio.c ****   * All rights reserved.</center></h2>
  11:Core/Src/gpio.c ****   *
  12:Core/Src/gpio.c ****   * This software component is licensed by ST under Ultimate Liberty license
  13:Core/Src/gpio.c ****   * SLA0044, the "License"; You may not use this file except in compliance with
  14:Core/Src/gpio.c ****   * the License. You may obtain a copy of the License at:
  15:Core/Src/gpio.c ****   *                             www.st.com/SLA0044
  16:Core/Src/gpio.c ****   *
  17:Core/Src/gpio.c ****   ******************************************************************************
  18:Core/Src/gpio.c ****   */
  19:Core/Src/gpio.c **** 
  20:Core/Src/gpio.c **** /* Includes ------------------------------------------------------------------*/
  21:Core/Src/gpio.c **** #include "gpio.h"
  22:Core/Src/gpio.c **** 
  23:Core/Src/gpio.c **** /* USER CODE BEGIN 0 */
  24:Core/Src/gpio.c **** 
  25:Core/Src/gpio.c **** /* USER CODE END 0 */
  26:Core/Src/gpio.c **** 
  27:Core/Src/gpio.c **** /*----------------------------------------------------------------------------*/
  28:Core/Src/gpio.c **** /* Configure GPIO                                                             */
  29:Core/Src/gpio.c **** /*----------------------------------------------------------------------------*/
  30:Core/Src/gpio.c **** /* USER CODE BEGIN 1 */
ARM GAS  /tmp/cc9jgcL4.s 			page 2


  31:Core/Src/gpio.c **** 
  32:Core/Src/gpio.c **** /* USER CODE END 1 */
  33:Core/Src/gpio.c **** 
  34:Core/Src/gpio.c **** /** Configure pins as
  35:Core/Src/gpio.c ****         * Analog
  36:Core/Src/gpio.c ****         * Input
  37:Core/Src/gpio.c ****         * Output
  38:Core/Src/gpio.c ****         * EVENT_OUT
  39:Core/Src/gpio.c ****         * EXTI
  40:Core/Src/gpio.c **** */
  41:Core/Src/gpio.c **** void MX_GPIO_Init(void)
  42:Core/Src/gpio.c **** {
  29              		.loc 1 42 1 view -0
  30              		.cfi_startproc
  31              		@ args = 0, pretend = 0, frame = 48
  32              		@ frame_needed = 0, uses_anonymous_args = 0
  33 0000 F0B5     		push	{r4, r5, r6, r7, lr}
  34              	.LCFI0:
  35              		.cfi_def_cfa_offset 20
  36              		.cfi_offset 4, -20
  37              		.cfi_offset 5, -16
  38              		.cfi_offset 6, -12
  39              		.cfi_offset 7, -8
  40              		.cfi_offset 14, -4
  41 0002 8DB0     		sub	sp, sp, #52
  42              	.LCFI1:
  43              		.cfi_def_cfa_offset 72
  43:Core/Src/gpio.c **** 
  44:Core/Src/gpio.c ****   GPIO_InitTypeDef GPIO_InitStruct = {0};
  44              		.loc 1 44 3 view .LVU1
  45              		.loc 1 44 20 is_stmt 0 view .LVU2
  46 0004 0024     		movs	r4, #0
  47 0006 0794     		str	r4, [sp, #28]
  48 0008 0894     		str	r4, [sp, #32]
  49 000a 0994     		str	r4, [sp, #36]
  50 000c 0A94     		str	r4, [sp, #40]
  51 000e 0B94     		str	r4, [sp, #44]
  45:Core/Src/gpio.c **** 
  46:Core/Src/gpio.c ****   /* GPIO Ports Clock Enable */
  47:Core/Src/gpio.c ****   __HAL_RCC_GPIOC_CLK_ENABLE();
  52              		.loc 1 47 3 is_stmt 1 view .LVU3
  53              	.LBB2:
  54              		.loc 1 47 3 view .LVU4
  55              		.loc 1 47 3 view .LVU5
  56 0010 364B     		ldr	r3, .L3
  57 0012 1A6B     		ldr	r2, [r3, #48]
  58 0014 42F00402 		orr	r2, r2, #4
  59 0018 1A63     		str	r2, [r3, #48]
  60              		.loc 1 47 3 view .LVU6
  61 001a 1A6B     		ldr	r2, [r3, #48]
  62 001c 02F00402 		and	r2, r2, #4
  63 0020 0192     		str	r2, [sp, #4]
  64              		.loc 1 47 3 view .LVU7
  65 0022 019A     		ldr	r2, [sp, #4]
  66              	.LBE2:
  67              		.loc 1 47 3 view .LVU8
  48:Core/Src/gpio.c ****   __HAL_RCC_GPIOH_CLK_ENABLE();
ARM GAS  /tmp/cc9jgcL4.s 			page 3


  68              		.loc 1 48 3 view .LVU9
  69              	.LBB3:
  70              		.loc 1 48 3 view .LVU10
  71              		.loc 1 48 3 view .LVU11
  72 0024 1A6B     		ldr	r2, [r3, #48]
  73 0026 42F08002 		orr	r2, r2, #128
  74 002a 1A63     		str	r2, [r3, #48]
  75              		.loc 1 48 3 view .LVU12
  76 002c 1A6B     		ldr	r2, [r3, #48]
  77 002e 02F08002 		and	r2, r2, #128
  78 0032 0292     		str	r2, [sp, #8]
  79              		.loc 1 48 3 view .LVU13
  80 0034 029A     		ldr	r2, [sp, #8]
  81              	.LBE3:
  82              		.loc 1 48 3 view .LVU14
  49:Core/Src/gpio.c ****   __HAL_RCC_GPIOA_CLK_ENABLE();
  83              		.loc 1 49 3 view .LVU15
  84              	.LBB4:
  85              		.loc 1 49 3 view .LVU16
  86              		.loc 1 49 3 view .LVU17
  87 0036 1A6B     		ldr	r2, [r3, #48]
  88 0038 42F00102 		orr	r2, r2, #1
  89 003c 1A63     		str	r2, [r3, #48]
  90              		.loc 1 49 3 view .LVU18
  91 003e 1A6B     		ldr	r2, [r3, #48]
  92 0040 02F00102 		and	r2, r2, #1
  93 0044 0392     		str	r2, [sp, #12]
  94              		.loc 1 49 3 view .LVU19
  95 0046 039A     		ldr	r2, [sp, #12]
  96              	.LBE4:
  97              		.loc 1 49 3 view .LVU20
  50:Core/Src/gpio.c ****   __HAL_RCC_GPIOB_CLK_ENABLE();
  98              		.loc 1 50 3 view .LVU21
  99              	.LBB5:
 100              		.loc 1 50 3 view .LVU22
 101              		.loc 1 50 3 view .LVU23
 102 0048 1A6B     		ldr	r2, [r3, #48]
 103 004a 42F00202 		orr	r2, r2, #2
 104 004e 1A63     		str	r2, [r3, #48]
 105              		.loc 1 50 3 view .LVU24
 106 0050 1A6B     		ldr	r2, [r3, #48]
 107 0052 02F00202 		and	r2, r2, #2
 108 0056 0492     		str	r2, [sp, #16]
 109              		.loc 1 50 3 view .LVU25
 110 0058 049A     		ldr	r2, [sp, #16]
 111              	.LBE5:
 112              		.loc 1 50 3 view .LVU26
  51:Core/Src/gpio.c ****   __HAL_RCC_GPIOD_CLK_ENABLE();
 113              		.loc 1 51 3 view .LVU27
 114              	.LBB6:
 115              		.loc 1 51 3 view .LVU28
 116              		.loc 1 51 3 view .LVU29
 117 005a 1A6B     		ldr	r2, [r3, #48]
 118 005c 42F00802 		orr	r2, r2, #8
 119 0060 1A63     		str	r2, [r3, #48]
 120              		.loc 1 51 3 view .LVU30
 121 0062 1A6B     		ldr	r2, [r3, #48]
ARM GAS  /tmp/cc9jgcL4.s 			page 4


 122 0064 02F00802 		and	r2, r2, #8
 123 0068 0592     		str	r2, [sp, #20]
 124              		.loc 1 51 3 view .LVU31
 125 006a 059A     		ldr	r2, [sp, #20]
 126              	.LBE6:
 127              		.loc 1 51 3 view .LVU32
  52:Core/Src/gpio.c ****   __HAL_RCC_GPIOG_CLK_ENABLE();
 128              		.loc 1 52 3 view .LVU33
 129              	.LBB7:
 130              		.loc 1 52 3 view .LVU34
 131              		.loc 1 52 3 view .LVU35
 132 006c 1A6B     		ldr	r2, [r3, #48]
 133 006e 42F04002 		orr	r2, r2, #64
 134 0072 1A63     		str	r2, [r3, #48]
 135              		.loc 1 52 3 view .LVU36
 136 0074 1B6B     		ldr	r3, [r3, #48]
 137 0076 03F04003 		and	r3, r3, #64
 138 007a 0693     		str	r3, [sp, #24]
 139              		.loc 1 52 3 view .LVU37
 140 007c 069B     		ldr	r3, [sp, #24]
 141              	.LBE7:
 142              		.loc 1 52 3 view .LVU38
  53:Core/Src/gpio.c **** 
  54:Core/Src/gpio.c ****   /*Configure GPIO pin Output Level */
  55:Core/Src/gpio.c ****   HAL_GPIO_WritePin(GPIOB, LD3_Pin|LD2_Pin, GPIO_PIN_RESET);
 143              		.loc 1 55 3 view .LVU39
 144 007e 1C4F     		ldr	r7, .L3+4
 145 0080 2246     		mov	r2, r4
 146 0082 4FF48141 		mov	r1, #16512
 147 0086 3846     		mov	r0, r7
 148 0088 FFF7FEFF 		bl	HAL_GPIO_WritePin
 149              	.LVL0:
  56:Core/Src/gpio.c **** 
  57:Core/Src/gpio.c ****   /*Configure GPIO pin Output Level */
  58:Core/Src/gpio.c ****   HAL_GPIO_WritePin(USB_PowerSwitchOn_GPIO_Port, USB_PowerSwitchOn_Pin, GPIO_PIN_RESET);
 150              		.loc 1 58 3 view .LVU40
 151 008c 194D     		ldr	r5, .L3+8
 152 008e 2246     		mov	r2, r4
 153 0090 4021     		movs	r1, #64
 154 0092 2846     		mov	r0, r5
 155 0094 FFF7FEFF 		bl	HAL_GPIO_WritePin
 156              	.LVL1:
  59:Core/Src/gpio.c **** 
  60:Core/Src/gpio.c ****   /*Configure GPIO pin : PtPin */
  61:Core/Src/gpio.c ****   GPIO_InitStruct.Pin = USER_Btn_Pin;
 157              		.loc 1 61 3 view .LVU41
 158              		.loc 1 61 23 is_stmt 0 view .LVU42
 159 0098 4FF40053 		mov	r3, #8192
 160 009c 0793     		str	r3, [sp, #28]
  62:Core/Src/gpio.c ****   GPIO_InitStruct.Mode = GPIO_MODE_IT_RISING;
 161              		.loc 1 62 3 is_stmt 1 view .LVU43
 162              		.loc 1 62 24 is_stmt 0 view .LVU44
 163 009e 4FF48813 		mov	r3, #1114112
 164 00a2 0893     		str	r3, [sp, #32]
  63:Core/Src/gpio.c ****   GPIO_InitStruct.Pull = GPIO_NOPULL;
 165              		.loc 1 63 3 is_stmt 1 view .LVU45
 166              		.loc 1 63 24 is_stmt 0 view .LVU46
ARM GAS  /tmp/cc9jgcL4.s 			page 5


 167 00a4 0994     		str	r4, [sp, #36]
  64:Core/Src/gpio.c ****   HAL_GPIO_Init(USER_Btn_GPIO_Port, &GPIO_InitStruct);
 168              		.loc 1 64 3 is_stmt 1 view .LVU47
 169 00a6 07A9     		add	r1, sp, #28
 170 00a8 1348     		ldr	r0, .L3+12
 171 00aa FFF7FEFF 		bl	HAL_GPIO_Init
 172              	.LVL2:
  65:Core/Src/gpio.c **** 
  66:Core/Src/gpio.c ****   /*Configure GPIO pins : PBPin PBPin */
  67:Core/Src/gpio.c ****   GPIO_InitStruct.Pin = LD3_Pin|LD2_Pin;
 173              		.loc 1 67 3 view .LVU48
 174              		.loc 1 67 23 is_stmt 0 view .LVU49
 175 00ae 4FF48143 		mov	r3, #16512
 176 00b2 0793     		str	r3, [sp, #28]
  68:Core/Src/gpio.c ****   GPIO_InitStruct.Mode = GPIO_MODE_OUTPUT_PP;
 177              		.loc 1 68 3 is_stmt 1 view .LVU50
 178              		.loc 1 68 24 is_stmt 0 view .LVU51
 179 00b4 0126     		movs	r6, #1
 180 00b6 0896     		str	r6, [sp, #32]
  69:Core/Src/gpio.c ****   GPIO_InitStruct.Pull = GPIO_NOPULL;
 181              		.loc 1 69 3 is_stmt 1 view .LVU52
 182              		.loc 1 69 24 is_stmt 0 view .LVU53
 183 00b8 0994     		str	r4, [sp, #36]
  70:Core/Src/gpio.c ****   GPIO_InitStruct.Speed = GPIO_SPEED_FREQ_LOW;
 184              		.loc 1 70 3 is_stmt 1 view .LVU54
 185              		.loc 1 70 25 is_stmt 0 view .LVU55
 186 00ba 0A94     		str	r4, [sp, #40]
  71:Core/Src/gpio.c ****   HAL_GPIO_Init(GPIOB, &GPIO_InitStruct);
 187              		.loc 1 71 3 is_stmt 1 view .LVU56
 188 00bc 07A9     		add	r1, sp, #28
 189 00be 3846     		mov	r0, r7
 190 00c0 FFF7FEFF 		bl	HAL_GPIO_Init
 191              	.LVL3:
  72:Core/Src/gpio.c **** 
  73:Core/Src/gpio.c ****   /*Configure GPIO pin : PtPin */
  74:Core/Src/gpio.c ****   GPIO_InitStruct.Pin = USB_PowerSwitchOn_Pin;
 192              		.loc 1 74 3 view .LVU57
 193              		.loc 1 74 23 is_stmt 0 view .LVU58
 194 00c4 4023     		movs	r3, #64
 195 00c6 0793     		str	r3, [sp, #28]
  75:Core/Src/gpio.c ****   GPIO_InitStruct.Mode = GPIO_MODE_OUTPUT_PP;
 196              		.loc 1 75 3 is_stmt 1 view .LVU59
 197              		.loc 1 75 24 is_stmt 0 view .LVU60
 198 00c8 0896     		str	r6, [sp, #32]
  76:Core/Src/gpio.c ****   GPIO_InitStruct.Pull = GPIO_NOPULL;
 199              		.loc 1 76 3 is_stmt 1 view .LVU61
 200              		.loc 1 76 24 is_stmt 0 view .LVU62
 201 00ca 0994     		str	r4, [sp, #36]
  77:Core/Src/gpio.c ****   GPIO_InitStruct.Speed = GPIO_SPEED_FREQ_LOW;
 202              		.loc 1 77 3 is_stmt 1 view .LVU63
 203              		.loc 1 77 25 is_stmt 0 view .LVU64
 204 00cc 0A94     		str	r4, [sp, #40]
  78:Core/Src/gpio.c ****   HAL_GPIO_Init(USB_PowerSwitchOn_GPIO_Port, &GPIO_InitStruct);
 205              		.loc 1 78 3 is_stmt 1 view .LVU65
 206 00ce 07A9     		add	r1, sp, #28
 207 00d0 2846     		mov	r0, r5
 208 00d2 FFF7FEFF 		bl	HAL_GPIO_Init
ARM GAS  /tmp/cc9jgcL4.s 			page 6


 209              	.LVL4:
  79:Core/Src/gpio.c **** 
  80:Core/Src/gpio.c ****   /*Configure GPIO pin : PtPin */
  81:Core/Src/gpio.c ****   GPIO_InitStruct.Pin = USB_OverCurrent_Pin;
 210              		.loc 1 81 3 view .LVU66
 211              		.loc 1 81 23 is_stmt 0 view .LVU67
 212 00d6 8023     		movs	r3, #128
 213 00d8 0793     		str	r3, [sp, #28]
  82:Core/Src/gpio.c ****   GPIO_InitStruct.Mode = GPIO_MODE_INPUT;
 214              		.loc 1 82 3 is_stmt 1 view .LVU68
 215              		.loc 1 82 24 is_stmt 0 view .LVU69
 216 00da 0894     		str	r4, [sp, #32]
  83:Core/Src/gpio.c ****   GPIO_InitStruct.Pull = GPIO_NOPULL;
 217              		.loc 1 83 3 is_stmt 1 view .LVU70
 218              		.loc 1 83 24 is_stmt 0 view .LVU71
 219 00dc 0994     		str	r4, [sp, #36]
  84:Core/Src/gpio.c ****   HAL_GPIO_Init(USB_OverCurrent_GPIO_Port, &GPIO_InitStruct);
 220              		.loc 1 84 3 is_stmt 1 view .LVU72
 221 00de 07A9     		add	r1, sp, #28
 222 00e0 2846     		mov	r0, r5
 223 00e2 FFF7FEFF 		bl	HAL_GPIO_Init
 224              	.LVL5:
  85:Core/Src/gpio.c **** 
  86:Core/Src/gpio.c **** }
 225              		.loc 1 86 1 is_stmt 0 view .LVU73
 226 00e6 0DB0     		add	sp, sp, #52
 227              	.LCFI2:
 228              		.cfi_def_cfa_offset 20
 229              		@ sp needed
 230 00e8 F0BD     		pop	{r4, r5, r6, r7, pc}
 231              	.L4:
 232 00ea 00BF     		.align	2
 233              	.L3:
 234 00ec 00380240 		.word	1073887232
 235 00f0 00040240 		.word	1073873920
 236 00f4 00180240 		.word	1073879040
 237 00f8 00080240 		.word	1073874944
 238              		.cfi_endproc
 239              	.LFE141:
 241              		.text
 242              	.Letext0:
 243              		.file 2 "/usr/share/gcc-arm-none-eabi-10.3-2021.10/arm-none-eabi/include/machine/_default_types.h"
 244              		.file 3 "/usr/share/gcc-arm-none-eabi-10.3-2021.10/arm-none-eabi/include/sys/_stdint.h"
 245              		.file 4 "Drivers/CMSIS/Device/ST/STM32F7xx/Include/stm32f746xx.h"
 246              		.file 5 "Drivers/STM32F7xx_HAL_Driver/Inc/stm32f7xx_hal_gpio.h"
ARM GAS  /tmp/cc9jgcL4.s 			page 7


DEFINED SYMBOLS
                            *ABS*:0000000000000000 gpio.c
     /tmp/cc9jgcL4.s:20     .text.MX_GPIO_Init:0000000000000000 $t
     /tmp/cc9jgcL4.s:26     .text.MX_GPIO_Init:0000000000000000 MX_GPIO_Init
     /tmp/cc9jgcL4.s:234    .text.MX_GPIO_Init:00000000000000ec $d

UNDEFINED SYMBOLS
HAL_GPIO_WritePin
HAL_GPIO_Init
