ARM GAS  /tmp/ccxPfkyI.s 			page 1


   1              		.cpu cortex-m7
   2              		.arch armv7e-m
   3              		.fpu fpv5-sp-d16
   4              		.eabi_attribute 27, 1
   5              		.eabi_attribute 28, 1
   6              		.eabi_attribute 20, 1
   7              		.eabi_attribute 21, 1
   8              		.eabi_attribute 23, 3
   9              		.eabi_attribute 24, 1
  10              		.eabi_attribute 25, 1
  11              		.eabi_attribute 26, 1
  12              		.eabi_attribute 30, 1
  13              		.eabi_attribute 34, 1
  14              		.eabi_attribute 18, 4
  15              		.file	"inet_chksum.c"
  16              		.text
  17              	.Ltext0:
  18              		.cfi_sections	.debug_frame
  19              		.section	.text.lwip_standard_chksum,"ax",%progbits
  20              		.align	1
  21              		.global	lwip_standard_chksum
  22              		.syntax unified
  23              		.thumb
  24              		.thumb_func
  26              	lwip_standard_chksum:
  27              	.LVL0:
  28              	.LFB167:
  29              		.file 1 "Middlewares/Third_Party/LwIP/src/core/inet_chksum.c"
   1:Middlewares/Third_Party/LwIP/src/core/inet_chksum.c **** /**
   2:Middlewares/Third_Party/LwIP/src/core/inet_chksum.c ****  * @file
   3:Middlewares/Third_Party/LwIP/src/core/inet_chksum.c ****  * Internet checksum functions.\n
   4:Middlewares/Third_Party/LwIP/src/core/inet_chksum.c ****  *
   5:Middlewares/Third_Party/LwIP/src/core/inet_chksum.c ****  * These are some reference implementations of the checksum algorithm, with the
   6:Middlewares/Third_Party/LwIP/src/core/inet_chksum.c ****  * aim of being simple, correct and fully portable. Checksumming is the
   7:Middlewares/Third_Party/LwIP/src/core/inet_chksum.c ****  * first thing you would want to optimize for your platform. If you create
   8:Middlewares/Third_Party/LwIP/src/core/inet_chksum.c ****  * your own version, link it in and in your cc.h put:
   9:Middlewares/Third_Party/LwIP/src/core/inet_chksum.c ****  *
  10:Middlewares/Third_Party/LwIP/src/core/inet_chksum.c ****  * \#define LWIP_CHKSUM your_checksum_routine
  11:Middlewares/Third_Party/LwIP/src/core/inet_chksum.c ****  *
  12:Middlewares/Third_Party/LwIP/src/core/inet_chksum.c ****  * Or you can select from the implementations below by defining
  13:Middlewares/Third_Party/LwIP/src/core/inet_chksum.c ****  * LWIP_CHKSUM_ALGORITHM to 1, 2 or 3.
  14:Middlewares/Third_Party/LwIP/src/core/inet_chksum.c ****  */
  15:Middlewares/Third_Party/LwIP/src/core/inet_chksum.c **** 
  16:Middlewares/Third_Party/LwIP/src/core/inet_chksum.c **** /*
  17:Middlewares/Third_Party/LwIP/src/core/inet_chksum.c ****  * Copyright (c) 2001-2004 Swedish Institute of Computer Science.
  18:Middlewares/Third_Party/LwIP/src/core/inet_chksum.c ****  * All rights reserved.
  19:Middlewares/Third_Party/LwIP/src/core/inet_chksum.c ****  *
  20:Middlewares/Third_Party/LwIP/src/core/inet_chksum.c ****  * Redistribution and use in source and binary forms, with or without modification,
  21:Middlewares/Third_Party/LwIP/src/core/inet_chksum.c ****  * are permitted provided that the following conditions are met:
  22:Middlewares/Third_Party/LwIP/src/core/inet_chksum.c ****  *
  23:Middlewares/Third_Party/LwIP/src/core/inet_chksum.c ****  * 1. Redistributions of source code must retain the above copyright notice,
  24:Middlewares/Third_Party/LwIP/src/core/inet_chksum.c ****  *    this list of conditions and the following disclaimer.
  25:Middlewares/Third_Party/LwIP/src/core/inet_chksum.c ****  * 2. Redistributions in binary form must reproduce the above copyright notice,
  26:Middlewares/Third_Party/LwIP/src/core/inet_chksum.c ****  *    this list of conditions and the following disclaimer in the documentation
  27:Middlewares/Third_Party/LwIP/src/core/inet_chksum.c ****  *    and/or other materials provided with the distribution.
  28:Middlewares/Third_Party/LwIP/src/core/inet_chksum.c ****  * 3. The name of the author may not be used to endorse or promote products
  29:Middlewares/Third_Party/LwIP/src/core/inet_chksum.c ****  *    derived from this software without specific prior written permission.
ARM GAS  /tmp/ccxPfkyI.s 			page 2


  30:Middlewares/Third_Party/LwIP/src/core/inet_chksum.c ****  *
  31:Middlewares/Third_Party/LwIP/src/core/inet_chksum.c ****  * THIS SOFTWARE IS PROVIDED BY THE AUTHOR ``AS IS'' AND ANY EXPRESS OR IMPLIED
  32:Middlewares/Third_Party/LwIP/src/core/inet_chksum.c ****  * WARRANTIES, INCLUDING, BUT NOT LIMITED TO, THE IMPLIED WARRANTIES OF
  33:Middlewares/Third_Party/LwIP/src/core/inet_chksum.c ****  * MERCHANTABILITY AND FITNESS FOR A PARTICULAR PURPOSE ARE DISCLAIMED. IN NO EVENT
  34:Middlewares/Third_Party/LwIP/src/core/inet_chksum.c ****  * SHALL THE AUTHOR BE LIABLE FOR ANY DIRECT, INDIRECT, INCIDENTAL, SPECIAL,
  35:Middlewares/Third_Party/LwIP/src/core/inet_chksum.c ****  * EXEMPLARY, OR CONSEQUENTIAL DAMAGES (INCLUDING, BUT NOT LIMITED TO, PROCUREMENT
  36:Middlewares/Third_Party/LwIP/src/core/inet_chksum.c ****  * OF SUBSTITUTE GOODS OR SERVICES; LOSS OF USE, DATA, OR PROFITS; OR BUSINESS
  37:Middlewares/Third_Party/LwIP/src/core/inet_chksum.c ****  * INTERRUPTION) HOWEVER CAUSED AND ON ANY THEORY OF LIABILITY, WHETHER IN
  38:Middlewares/Third_Party/LwIP/src/core/inet_chksum.c ****  * CONTRACT, STRICT LIABILITY, OR TORT (INCLUDING NEGLIGENCE OR OTHERWISE) ARISING
  39:Middlewares/Third_Party/LwIP/src/core/inet_chksum.c ****  * IN ANY WAY OUT OF THE USE OF THIS SOFTWARE, EVEN IF ADVISED OF THE POSSIBILITY
  40:Middlewares/Third_Party/LwIP/src/core/inet_chksum.c ****  * OF SUCH DAMAGE.
  41:Middlewares/Third_Party/LwIP/src/core/inet_chksum.c ****  *
  42:Middlewares/Third_Party/LwIP/src/core/inet_chksum.c ****  * This file is part of the lwIP TCP/IP stack.
  43:Middlewares/Third_Party/LwIP/src/core/inet_chksum.c ****  *
  44:Middlewares/Third_Party/LwIP/src/core/inet_chksum.c ****  * Author: Adam Dunkels <adam@sics.se>
  45:Middlewares/Third_Party/LwIP/src/core/inet_chksum.c ****  *
  46:Middlewares/Third_Party/LwIP/src/core/inet_chksum.c ****  */
  47:Middlewares/Third_Party/LwIP/src/core/inet_chksum.c **** 
  48:Middlewares/Third_Party/LwIP/src/core/inet_chksum.c **** #include "lwip/opt.h"
  49:Middlewares/Third_Party/LwIP/src/core/inet_chksum.c **** 
  50:Middlewares/Third_Party/LwIP/src/core/inet_chksum.c **** #include "lwip/inet_chksum.h"
  51:Middlewares/Third_Party/LwIP/src/core/inet_chksum.c **** #include "lwip/def.h"
  52:Middlewares/Third_Party/LwIP/src/core/inet_chksum.c **** #include "lwip/ip_addr.h"
  53:Middlewares/Third_Party/LwIP/src/core/inet_chksum.c **** 
  54:Middlewares/Third_Party/LwIP/src/core/inet_chksum.c **** #include <string.h>
  55:Middlewares/Third_Party/LwIP/src/core/inet_chksum.c **** 
  56:Middlewares/Third_Party/LwIP/src/core/inet_chksum.c **** #ifndef LWIP_CHKSUM
  57:Middlewares/Third_Party/LwIP/src/core/inet_chksum.c **** # define LWIP_CHKSUM lwip_standard_chksum
  58:Middlewares/Third_Party/LwIP/src/core/inet_chksum.c **** # ifndef LWIP_CHKSUM_ALGORITHM
  59:Middlewares/Third_Party/LwIP/src/core/inet_chksum.c **** #  define LWIP_CHKSUM_ALGORITHM 2
  60:Middlewares/Third_Party/LwIP/src/core/inet_chksum.c **** # endif
  61:Middlewares/Third_Party/LwIP/src/core/inet_chksum.c **** u16_t lwip_standard_chksum(const void *dataptr, int len);
  62:Middlewares/Third_Party/LwIP/src/core/inet_chksum.c **** #endif
  63:Middlewares/Third_Party/LwIP/src/core/inet_chksum.c **** /* If none set: */
  64:Middlewares/Third_Party/LwIP/src/core/inet_chksum.c **** #ifndef LWIP_CHKSUM_ALGORITHM
  65:Middlewares/Third_Party/LwIP/src/core/inet_chksum.c **** # define LWIP_CHKSUM_ALGORITHM 0
  66:Middlewares/Third_Party/LwIP/src/core/inet_chksum.c **** #endif
  67:Middlewares/Third_Party/LwIP/src/core/inet_chksum.c **** 
  68:Middlewares/Third_Party/LwIP/src/core/inet_chksum.c **** #if (LWIP_CHKSUM_ALGORITHM == 1) /* Version #1 */
  69:Middlewares/Third_Party/LwIP/src/core/inet_chksum.c **** /**
  70:Middlewares/Third_Party/LwIP/src/core/inet_chksum.c ****  * lwip checksum
  71:Middlewares/Third_Party/LwIP/src/core/inet_chksum.c ****  *
  72:Middlewares/Third_Party/LwIP/src/core/inet_chksum.c ****  * @param dataptr points to start of data to be summed at any boundary
  73:Middlewares/Third_Party/LwIP/src/core/inet_chksum.c ****  * @param len length of data to be summed
  74:Middlewares/Third_Party/LwIP/src/core/inet_chksum.c ****  * @return host order (!) lwip checksum (non-inverted Internet sum)
  75:Middlewares/Third_Party/LwIP/src/core/inet_chksum.c ****  *
  76:Middlewares/Third_Party/LwIP/src/core/inet_chksum.c ****  * @note accumulator size limits summable length to 64k
  77:Middlewares/Third_Party/LwIP/src/core/inet_chksum.c ****  * @note host endianess is irrelevant (p3 RFC1071)
  78:Middlewares/Third_Party/LwIP/src/core/inet_chksum.c ****  */
  79:Middlewares/Third_Party/LwIP/src/core/inet_chksum.c **** u16_t
  80:Middlewares/Third_Party/LwIP/src/core/inet_chksum.c **** lwip_standard_chksum(const void *dataptr, int len)
  81:Middlewares/Third_Party/LwIP/src/core/inet_chksum.c **** {
  82:Middlewares/Third_Party/LwIP/src/core/inet_chksum.c ****   u32_t acc;
  83:Middlewares/Third_Party/LwIP/src/core/inet_chksum.c ****   u16_t src;
  84:Middlewares/Third_Party/LwIP/src/core/inet_chksum.c ****   const u8_t *octetptr;
  85:Middlewares/Third_Party/LwIP/src/core/inet_chksum.c **** 
  86:Middlewares/Third_Party/LwIP/src/core/inet_chksum.c ****   acc = 0;
ARM GAS  /tmp/ccxPfkyI.s 			page 3


  87:Middlewares/Third_Party/LwIP/src/core/inet_chksum.c ****   /* dataptr may be at odd or even addresses */
  88:Middlewares/Third_Party/LwIP/src/core/inet_chksum.c ****   octetptr = (const u8_t *)dataptr;
  89:Middlewares/Third_Party/LwIP/src/core/inet_chksum.c ****   while (len > 1) {
  90:Middlewares/Third_Party/LwIP/src/core/inet_chksum.c ****     /* declare first octet as most significant
  91:Middlewares/Third_Party/LwIP/src/core/inet_chksum.c ****        thus assume network order, ignoring host order */
  92:Middlewares/Third_Party/LwIP/src/core/inet_chksum.c ****     src = (*octetptr) << 8;
  93:Middlewares/Third_Party/LwIP/src/core/inet_chksum.c ****     octetptr++;
  94:Middlewares/Third_Party/LwIP/src/core/inet_chksum.c ****     /* declare second octet as least significant */
  95:Middlewares/Third_Party/LwIP/src/core/inet_chksum.c ****     src |= (*octetptr);
  96:Middlewares/Third_Party/LwIP/src/core/inet_chksum.c ****     octetptr++;
  97:Middlewares/Third_Party/LwIP/src/core/inet_chksum.c ****     acc += src;
  98:Middlewares/Third_Party/LwIP/src/core/inet_chksum.c ****     len -= 2;
  99:Middlewares/Third_Party/LwIP/src/core/inet_chksum.c ****   }
 100:Middlewares/Third_Party/LwIP/src/core/inet_chksum.c ****   if (len > 0) {
 101:Middlewares/Third_Party/LwIP/src/core/inet_chksum.c ****     /* accumulate remaining octet */
 102:Middlewares/Third_Party/LwIP/src/core/inet_chksum.c ****     src = (*octetptr) << 8;
 103:Middlewares/Third_Party/LwIP/src/core/inet_chksum.c ****     acc += src;
 104:Middlewares/Third_Party/LwIP/src/core/inet_chksum.c ****   }
 105:Middlewares/Third_Party/LwIP/src/core/inet_chksum.c ****   /* add deferred carry bits */
 106:Middlewares/Third_Party/LwIP/src/core/inet_chksum.c ****   acc = (acc >> 16) + (acc & 0x0000ffffUL);
 107:Middlewares/Third_Party/LwIP/src/core/inet_chksum.c ****   if ((acc & 0xffff0000UL) != 0) {
 108:Middlewares/Third_Party/LwIP/src/core/inet_chksum.c ****     acc = (acc >> 16) + (acc & 0x0000ffffUL);
 109:Middlewares/Third_Party/LwIP/src/core/inet_chksum.c ****   }
 110:Middlewares/Third_Party/LwIP/src/core/inet_chksum.c ****   /* This maybe a little confusing: reorder sum using lwip_htons()
 111:Middlewares/Third_Party/LwIP/src/core/inet_chksum.c ****      instead of lwip_ntohs() since it has a little less call overhead.
 112:Middlewares/Third_Party/LwIP/src/core/inet_chksum.c ****      The caller must invert bits for Internet sum ! */
 113:Middlewares/Third_Party/LwIP/src/core/inet_chksum.c ****   return lwip_htons((u16_t)acc);
 114:Middlewares/Third_Party/LwIP/src/core/inet_chksum.c **** }
 115:Middlewares/Third_Party/LwIP/src/core/inet_chksum.c **** #endif
 116:Middlewares/Third_Party/LwIP/src/core/inet_chksum.c **** 
 117:Middlewares/Third_Party/LwIP/src/core/inet_chksum.c **** #if (LWIP_CHKSUM_ALGORITHM == 2) /* Alternative version #2 */
 118:Middlewares/Third_Party/LwIP/src/core/inet_chksum.c **** /*
 119:Middlewares/Third_Party/LwIP/src/core/inet_chksum.c ****  * Curt McDowell
 120:Middlewares/Third_Party/LwIP/src/core/inet_chksum.c ****  * Broadcom Corp.
 121:Middlewares/Third_Party/LwIP/src/core/inet_chksum.c ****  * csm@broadcom.com
 122:Middlewares/Third_Party/LwIP/src/core/inet_chksum.c ****  *
 123:Middlewares/Third_Party/LwIP/src/core/inet_chksum.c ****  * IP checksum two bytes at a time with support for
 124:Middlewares/Third_Party/LwIP/src/core/inet_chksum.c ****  * unaligned buffer.
 125:Middlewares/Third_Party/LwIP/src/core/inet_chksum.c ****  * Works for len up to and including 0x20000.
 126:Middlewares/Third_Party/LwIP/src/core/inet_chksum.c ****  * by Curt McDowell, Broadcom Corp. 12/08/2005
 127:Middlewares/Third_Party/LwIP/src/core/inet_chksum.c ****  *
 128:Middlewares/Third_Party/LwIP/src/core/inet_chksum.c ****  * @param dataptr points to start of data to be summed at any boundary
 129:Middlewares/Third_Party/LwIP/src/core/inet_chksum.c ****  * @param len length of data to be summed
 130:Middlewares/Third_Party/LwIP/src/core/inet_chksum.c ****  * @return host order (!) lwip checksum (non-inverted Internet sum)
 131:Middlewares/Third_Party/LwIP/src/core/inet_chksum.c ****  */
 132:Middlewares/Third_Party/LwIP/src/core/inet_chksum.c **** u16_t
 133:Middlewares/Third_Party/LwIP/src/core/inet_chksum.c **** lwip_standard_chksum(const void *dataptr, int len)
 134:Middlewares/Third_Party/LwIP/src/core/inet_chksum.c **** {
  30              		.loc 1 134 1 view -0
  31              		.cfi_startproc
  32              		@ args = 0, pretend = 0, frame = 8
  33              		@ frame_needed = 0, uses_anonymous_args = 0
  34              		@ link register save eliminated.
  35              		.loc 1 134 1 is_stmt 0 view .LVU1
  36 0000 10B4     		push	{r4}
  37              	.LCFI0:
  38              		.cfi_def_cfa_offset 4
ARM GAS  /tmp/ccxPfkyI.s 			page 4


  39              		.cfi_offset 4, -4
  40 0002 83B0     		sub	sp, sp, #12
  41              	.LCFI1:
  42              		.cfi_def_cfa_offset 16
 135:Middlewares/Third_Party/LwIP/src/core/inet_chksum.c ****   const u8_t *pb = (const u8_t *)dataptr;
  43              		.loc 1 135 3 is_stmt 1 view .LVU2
  44              	.LVL1:
 136:Middlewares/Third_Party/LwIP/src/core/inet_chksum.c ****   const u16_t *ps;
  45              		.loc 1 136 3 view .LVU3
 137:Middlewares/Third_Party/LwIP/src/core/inet_chksum.c ****   u16_t t = 0;
  46              		.loc 1 137 3 view .LVU4
  47              		.loc 1 137 9 is_stmt 0 view .LVU5
  48 0004 0023     		movs	r3, #0
  49 0006 ADF80630 		strh	r3, [sp, #6]	@ movhi
 138:Middlewares/Third_Party/LwIP/src/core/inet_chksum.c ****   u32_t sum = 0;
  50              		.loc 1 138 3 is_stmt 1 view .LVU6
  51              	.LVL2:
 139:Middlewares/Third_Party/LwIP/src/core/inet_chksum.c ****   int odd = ((mem_ptr_t)pb & 1);
  52              		.loc 1 139 3 view .LVU7
  53              		.loc 1 139 7 is_stmt 0 view .LVU8
  54 000a 00F00104 		and	r4, r0, #1
  55              	.LVL3:
 140:Middlewares/Third_Party/LwIP/src/core/inet_chksum.c **** 
 141:Middlewares/Third_Party/LwIP/src/core/inet_chksum.c ****   /* Get aligned to u16_t */
 142:Middlewares/Third_Party/LwIP/src/core/inet_chksum.c ****   if (odd && len > 0) {
  56              		.loc 1 142 3 is_stmt 1 view .LVU9
  57              		.loc 1 142 18 is_stmt 0 view .LVU10
  58 000e 0B46     		mov	r3, r1
  59              		.loc 1 142 11 view .LVU11
  60 0010 0029     		cmp	r1, #0
  61 0012 D4BF     		ite	le
  62 0014 0022     		movle	r2, #0
  63 0016 00F00102 		andgt	r2, r0, #1
  64              		.loc 1 142 6 view .LVU12
  65 001a 22B1     		cbz	r2, .L2
 143:Middlewares/Third_Party/LwIP/src/core/inet_chksum.c ****     ((u8_t *)&t)[1] = *pb++;
  66              		.loc 1 143 5 is_stmt 1 view .LVU13
  67              	.LVL4:
  68              		.loc 1 143 23 is_stmt 0 view .LVU14
  69 001c 10F8012B 		ldrb	r2, [r0], #1	@ zero_extendqisi2
  70              	.LVL5:
  71              		.loc 1 143 21 view .LVU15
  72 0020 8DF80720 		strb	r2, [sp, #7]
 144:Middlewares/Third_Party/LwIP/src/core/inet_chksum.c ****     len--;
  73              		.loc 1 144 5 is_stmt 1 view .LVU16
  74              		.loc 1 144 8 is_stmt 0 view .LVU17
  75 0024 4B1E     		subs	r3, r1, #1
  76              	.LVL6:
  77              	.L2:
 145:Middlewares/Third_Party/LwIP/src/core/inet_chksum.c ****   }
 146:Middlewares/Third_Party/LwIP/src/core/inet_chksum.c **** 
 147:Middlewares/Third_Party/LwIP/src/core/inet_chksum.c ****   /* Add the bulk of the data */
 148:Middlewares/Third_Party/LwIP/src/core/inet_chksum.c ****   ps = (const u16_t *)(const void *)pb;
  78              		.loc 1 148 3 is_stmt 1 view .LVU18
 149:Middlewares/Third_Party/LwIP/src/core/inet_chksum.c ****   while (len > 1) {
  79              		.loc 1 149 3 view .LVU19
 138:Middlewares/Third_Party/LwIP/src/core/inet_chksum.c ****   int odd = ((mem_ptr_t)pb & 1);
ARM GAS  /tmp/ccxPfkyI.s 			page 5


  80              		.loc 1 138 9 is_stmt 0 view .LVU20
  81 0026 0022     		movs	r2, #0
  82              		.loc 1 149 9 view .LVU21
  83 0028 03E0     		b	.L3
  84              	.LVL7:
  85              	.L4:
 150:Middlewares/Third_Party/LwIP/src/core/inet_chksum.c ****     sum += *ps++;
  86              		.loc 1 150 5 is_stmt 1 view .LVU22
  87              		.loc 1 150 12 is_stmt 0 view .LVU23
  88 002a 30F8021B 		ldrh	r1, [r0], #2
  89              	.LVL8:
  90              		.loc 1 150 9 view .LVU24
  91 002e 0A44     		add	r2, r2, r1
  92              	.LVL9:
 151:Middlewares/Third_Party/LwIP/src/core/inet_chksum.c ****     len -= 2;
  93              		.loc 1 151 5 is_stmt 1 view .LVU25
  94              		.loc 1 151 9 is_stmt 0 view .LVU26
  95 0030 023B     		subs	r3, r3, #2
  96              	.LVL10:
  97              	.L3:
 149:Middlewares/Third_Party/LwIP/src/core/inet_chksum.c ****     sum += *ps++;
  98              		.loc 1 149 9 is_stmt 1 view .LVU27
  99 0032 012B     		cmp	r3, #1
 100 0034 F9DC     		bgt	.L4
 152:Middlewares/Third_Party/LwIP/src/core/inet_chksum.c ****   }
 153:Middlewares/Third_Party/LwIP/src/core/inet_chksum.c **** 
 154:Middlewares/Third_Party/LwIP/src/core/inet_chksum.c ****   /* Consume left-over byte, if any */
 155:Middlewares/Third_Party/LwIP/src/core/inet_chksum.c ****   if (len > 0) {
 101              		.loc 1 155 3 view .LVU28
 102              		.loc 1 155 6 is_stmt 0 view .LVU29
 103 0036 002B     		cmp	r3, #0
 104 0038 02DD     		ble	.L5
 156:Middlewares/Third_Party/LwIP/src/core/inet_chksum.c ****     ((u8_t *)&t)[0] = *(const u8_t *)ps;
 105              		.loc 1 156 5 is_stmt 1 view .LVU30
 106              		.loc 1 156 23 is_stmt 0 view .LVU31
 107 003a 0378     		ldrb	r3, [r0]	@ zero_extendqisi2
 108              	.LVL11:
 109              		.loc 1 156 21 view .LVU32
 110 003c 8DF80630 		strb	r3, [sp, #6]
 111              	.L5:
 157:Middlewares/Third_Party/LwIP/src/core/inet_chksum.c ****   }
 158:Middlewares/Third_Party/LwIP/src/core/inet_chksum.c **** 
 159:Middlewares/Third_Party/LwIP/src/core/inet_chksum.c ****   /* Add end bytes */
 160:Middlewares/Third_Party/LwIP/src/core/inet_chksum.c ****   sum += t;
 112              		.loc 1 160 3 is_stmt 1 view .LVU33
 113              		.loc 1 160 7 is_stmt 0 view .LVU34
 114 0040 BDF80600 		ldrh	r0, [sp, #6]
 115              	.LVL12:
 116              		.loc 1 160 7 view .LVU35
 117 0044 0244     		add	r2, r2, r0
 118              	.LVL13:
 161:Middlewares/Third_Party/LwIP/src/core/inet_chksum.c **** 
 162:Middlewares/Third_Party/LwIP/src/core/inet_chksum.c ****   /* Fold 32-bit sum to 16 bits
 163:Middlewares/Third_Party/LwIP/src/core/inet_chksum.c ****      calling this twice is probably faster than if statements... */
 164:Middlewares/Third_Party/LwIP/src/core/inet_chksum.c ****   sum = FOLD_U32T(sum);
 119              		.loc 1 164 3 is_stmt 1 view .LVU36
 120              		.loc 1 164 9 is_stmt 0 view .LVU37
ARM GAS  /tmp/ccxPfkyI.s 			page 6


 121 0046 90B2     		uxth	r0, r2
 122              		.loc 1 164 7 view .LVU38
 123 0048 00EB1242 		add	r2, r0, r2, lsr #16
 124              	.LVL14:
 165:Middlewares/Third_Party/LwIP/src/core/inet_chksum.c ****   sum = FOLD_U32T(sum);
 125              		.loc 1 165 3 is_stmt 1 view .LVU39
 126              		.loc 1 165 9 is_stmt 0 view .LVU40
 127 004c 90B2     		uxth	r0, r2
 128              		.loc 1 165 7 view .LVU41
 129 004e 00EB1240 		add	r0, r0, r2, lsr #16
 130              	.LVL15:
 166:Middlewares/Third_Party/LwIP/src/core/inet_chksum.c **** 
 167:Middlewares/Third_Party/LwIP/src/core/inet_chksum.c ****   /* Swap if alignment was odd */
 168:Middlewares/Third_Party/LwIP/src/core/inet_chksum.c ****   if (odd) {
 131              		.loc 1 168 3 is_stmt 1 view .LVU42
 132              		.loc 1 168 6 is_stmt 0 view .LVU43
 133 0052 24B1     		cbz	r4, .L6
 169:Middlewares/Third_Party/LwIP/src/core/inet_chksum.c ****     sum = SWAP_BYTES_IN_WORD(sum);
 134              		.loc 1 169 5 is_stmt 1 view .LVU44
 135              		.loc 1 169 11 is_stmt 0 view .LVU45
 136 0054 0302     		lsls	r3, r0, #8
 137 0056 9BB2     		uxth	r3, r3
 138 0058 C0F30720 		ubfx	r0, r0, #8, #8
 139              	.LVL16:
 140              		.loc 1 169 9 view .LVU46
 141 005c 1843     		orrs	r0, r0, r3
 142              	.LVL17:
 143              	.L6:
 170:Middlewares/Third_Party/LwIP/src/core/inet_chksum.c ****   }
 171:Middlewares/Third_Party/LwIP/src/core/inet_chksum.c **** 
 172:Middlewares/Third_Party/LwIP/src/core/inet_chksum.c ****   return (u16_t)sum;
 144              		.loc 1 172 3 is_stmt 1 view .LVU47
 173:Middlewares/Third_Party/LwIP/src/core/inet_chksum.c **** }
 145              		.loc 1 173 1 is_stmt 0 view .LVU48
 146 005e 80B2     		uxth	r0, r0
 147              	.LVL18:
 148              		.loc 1 173 1 view .LVU49
 149 0060 03B0     		add	sp, sp, #12
 150              	.LCFI2:
 151              		.cfi_def_cfa_offset 4
 152              		@ sp needed
 153 0062 5DF8044B 		ldr	r4, [sp], #4
 154              	.LCFI3:
 155              		.cfi_restore 4
 156              		.cfi_def_cfa_offset 0
 157              	.LVL19:
 158              		.loc 1 173 1 view .LVU50
 159 0066 7047     		bx	lr
 160              		.cfi_endproc
 161              	.LFE167:
 163              		.section	.text.inet_cksum_pseudo_base,"ax",%progbits
 164              		.align	1
 165              		.syntax unified
 166              		.thumb
 167              		.thumb_func
 169              	inet_cksum_pseudo_base:
 170              	.LVL20:
ARM GAS  /tmp/ccxPfkyI.s 			page 7


 171              	.LFB168:
 174:Middlewares/Third_Party/LwIP/src/core/inet_chksum.c **** #endif
 175:Middlewares/Third_Party/LwIP/src/core/inet_chksum.c **** 
 176:Middlewares/Third_Party/LwIP/src/core/inet_chksum.c **** #if (LWIP_CHKSUM_ALGORITHM == 3) /* Alternative version #3 */
 177:Middlewares/Third_Party/LwIP/src/core/inet_chksum.c **** /**
 178:Middlewares/Third_Party/LwIP/src/core/inet_chksum.c ****  * An optimized checksum routine. Basically, it uses loop-unrolling on
 179:Middlewares/Third_Party/LwIP/src/core/inet_chksum.c ****  * the checksum loop, treating the head and tail bytes specially, whereas
 180:Middlewares/Third_Party/LwIP/src/core/inet_chksum.c ****  * the inner loop acts on 8 bytes at a time.
 181:Middlewares/Third_Party/LwIP/src/core/inet_chksum.c ****  *
 182:Middlewares/Third_Party/LwIP/src/core/inet_chksum.c ****  * @arg start of buffer to be checksummed. May be an odd byte address.
 183:Middlewares/Third_Party/LwIP/src/core/inet_chksum.c ****  * @len number of bytes in the buffer to be checksummed.
 184:Middlewares/Third_Party/LwIP/src/core/inet_chksum.c ****  * @return host order (!) lwip checksum (non-inverted Internet sum)
 185:Middlewares/Third_Party/LwIP/src/core/inet_chksum.c ****  *
 186:Middlewares/Third_Party/LwIP/src/core/inet_chksum.c ****  * by Curt McDowell, Broadcom Corp. December 8th, 2005
 187:Middlewares/Third_Party/LwIP/src/core/inet_chksum.c ****  */
 188:Middlewares/Third_Party/LwIP/src/core/inet_chksum.c **** u16_t
 189:Middlewares/Third_Party/LwIP/src/core/inet_chksum.c **** lwip_standard_chksum(const void *dataptr, int len)
 190:Middlewares/Third_Party/LwIP/src/core/inet_chksum.c **** {
 191:Middlewares/Third_Party/LwIP/src/core/inet_chksum.c ****   const u8_t *pb = (const u8_t *)dataptr;
 192:Middlewares/Third_Party/LwIP/src/core/inet_chksum.c ****   const u16_t *ps;
 193:Middlewares/Third_Party/LwIP/src/core/inet_chksum.c ****   u16_t t = 0;
 194:Middlewares/Third_Party/LwIP/src/core/inet_chksum.c ****   const u32_t *pl;
 195:Middlewares/Third_Party/LwIP/src/core/inet_chksum.c ****   u32_t sum = 0, tmp;
 196:Middlewares/Third_Party/LwIP/src/core/inet_chksum.c ****   /* starts at odd byte address? */
 197:Middlewares/Third_Party/LwIP/src/core/inet_chksum.c ****   int odd = ((mem_ptr_t)pb & 1);
 198:Middlewares/Third_Party/LwIP/src/core/inet_chksum.c **** 
 199:Middlewares/Third_Party/LwIP/src/core/inet_chksum.c ****   if (odd && len > 0) {
 200:Middlewares/Third_Party/LwIP/src/core/inet_chksum.c ****     ((u8_t *)&t)[1] = *pb++;
 201:Middlewares/Third_Party/LwIP/src/core/inet_chksum.c ****     len--;
 202:Middlewares/Third_Party/LwIP/src/core/inet_chksum.c ****   }
 203:Middlewares/Third_Party/LwIP/src/core/inet_chksum.c **** 
 204:Middlewares/Third_Party/LwIP/src/core/inet_chksum.c ****   ps = (const u16_t *)(const void *)pb;
 205:Middlewares/Third_Party/LwIP/src/core/inet_chksum.c **** 
 206:Middlewares/Third_Party/LwIP/src/core/inet_chksum.c ****   if (((mem_ptr_t)ps & 3) && len > 1) {
 207:Middlewares/Third_Party/LwIP/src/core/inet_chksum.c ****     sum += *ps++;
 208:Middlewares/Third_Party/LwIP/src/core/inet_chksum.c ****     len -= 2;
 209:Middlewares/Third_Party/LwIP/src/core/inet_chksum.c ****   }
 210:Middlewares/Third_Party/LwIP/src/core/inet_chksum.c **** 
 211:Middlewares/Third_Party/LwIP/src/core/inet_chksum.c ****   pl = (const u32_t *)(const void *)ps;
 212:Middlewares/Third_Party/LwIP/src/core/inet_chksum.c **** 
 213:Middlewares/Third_Party/LwIP/src/core/inet_chksum.c ****   while (len > 7)  {
 214:Middlewares/Third_Party/LwIP/src/core/inet_chksum.c ****     tmp = sum + *pl++;          /* ping */
 215:Middlewares/Third_Party/LwIP/src/core/inet_chksum.c ****     if (tmp < sum) {
 216:Middlewares/Third_Party/LwIP/src/core/inet_chksum.c ****       tmp++;                    /* add back carry */
 217:Middlewares/Third_Party/LwIP/src/core/inet_chksum.c ****     }
 218:Middlewares/Third_Party/LwIP/src/core/inet_chksum.c **** 
 219:Middlewares/Third_Party/LwIP/src/core/inet_chksum.c ****     sum = tmp + *pl++;          /* pong */
 220:Middlewares/Third_Party/LwIP/src/core/inet_chksum.c ****     if (sum < tmp) {
 221:Middlewares/Third_Party/LwIP/src/core/inet_chksum.c ****       sum++;                    /* add back carry */
 222:Middlewares/Third_Party/LwIP/src/core/inet_chksum.c ****     }
 223:Middlewares/Third_Party/LwIP/src/core/inet_chksum.c **** 
 224:Middlewares/Third_Party/LwIP/src/core/inet_chksum.c ****     len -= 8;
 225:Middlewares/Third_Party/LwIP/src/core/inet_chksum.c ****   }
 226:Middlewares/Third_Party/LwIP/src/core/inet_chksum.c **** 
 227:Middlewares/Third_Party/LwIP/src/core/inet_chksum.c ****   /* make room in upper bits */
 228:Middlewares/Third_Party/LwIP/src/core/inet_chksum.c ****   sum = FOLD_U32T(sum);
 229:Middlewares/Third_Party/LwIP/src/core/inet_chksum.c **** 
ARM GAS  /tmp/ccxPfkyI.s 			page 8


 230:Middlewares/Third_Party/LwIP/src/core/inet_chksum.c ****   ps = (const u16_t *)pl;
 231:Middlewares/Third_Party/LwIP/src/core/inet_chksum.c **** 
 232:Middlewares/Third_Party/LwIP/src/core/inet_chksum.c ****   /* 16-bit aligned word remaining? */
 233:Middlewares/Third_Party/LwIP/src/core/inet_chksum.c ****   while (len > 1) {
 234:Middlewares/Third_Party/LwIP/src/core/inet_chksum.c ****     sum += *ps++;
 235:Middlewares/Third_Party/LwIP/src/core/inet_chksum.c ****     len -= 2;
 236:Middlewares/Third_Party/LwIP/src/core/inet_chksum.c ****   }
 237:Middlewares/Third_Party/LwIP/src/core/inet_chksum.c **** 
 238:Middlewares/Third_Party/LwIP/src/core/inet_chksum.c ****   /* dangling tail byte remaining? */
 239:Middlewares/Third_Party/LwIP/src/core/inet_chksum.c ****   if (len > 0) {                /* include odd byte */
 240:Middlewares/Third_Party/LwIP/src/core/inet_chksum.c ****     ((u8_t *)&t)[0] = *(const u8_t *)ps;
 241:Middlewares/Third_Party/LwIP/src/core/inet_chksum.c ****   }
 242:Middlewares/Third_Party/LwIP/src/core/inet_chksum.c **** 
 243:Middlewares/Third_Party/LwIP/src/core/inet_chksum.c ****   sum += t;                     /* add end bytes */
 244:Middlewares/Third_Party/LwIP/src/core/inet_chksum.c **** 
 245:Middlewares/Third_Party/LwIP/src/core/inet_chksum.c ****   /* Fold 32-bit sum to 16 bits
 246:Middlewares/Third_Party/LwIP/src/core/inet_chksum.c ****      calling this twice is probably faster than if statements... */
 247:Middlewares/Third_Party/LwIP/src/core/inet_chksum.c ****   sum = FOLD_U32T(sum);
 248:Middlewares/Third_Party/LwIP/src/core/inet_chksum.c ****   sum = FOLD_U32T(sum);
 249:Middlewares/Third_Party/LwIP/src/core/inet_chksum.c **** 
 250:Middlewares/Third_Party/LwIP/src/core/inet_chksum.c ****   if (odd) {
 251:Middlewares/Third_Party/LwIP/src/core/inet_chksum.c ****     sum = SWAP_BYTES_IN_WORD(sum);
 252:Middlewares/Third_Party/LwIP/src/core/inet_chksum.c ****   }
 253:Middlewares/Third_Party/LwIP/src/core/inet_chksum.c **** 
 254:Middlewares/Third_Party/LwIP/src/core/inet_chksum.c ****   return (u16_t)sum;
 255:Middlewares/Third_Party/LwIP/src/core/inet_chksum.c **** }
 256:Middlewares/Third_Party/LwIP/src/core/inet_chksum.c **** #endif
 257:Middlewares/Third_Party/LwIP/src/core/inet_chksum.c **** 
 258:Middlewares/Third_Party/LwIP/src/core/inet_chksum.c **** /** Parts of the pseudo checksum which are common to IPv4 and IPv6 */
 259:Middlewares/Third_Party/LwIP/src/core/inet_chksum.c **** static u16_t
 260:Middlewares/Third_Party/LwIP/src/core/inet_chksum.c **** inet_cksum_pseudo_base(struct pbuf *p, u8_t proto, u16_t proto_len, u32_t acc)
 261:Middlewares/Third_Party/LwIP/src/core/inet_chksum.c **** {
 172              		.loc 1 261 1 is_stmt 1 view -0
 173              		.cfi_startproc
 174              		@ args = 0, pretend = 0, frame = 0
 175              		@ frame_needed = 0, uses_anonymous_args = 0
 176              		.loc 1 261 1 is_stmt 0 view .LVU52
 177 0000 2DE9F041 		push	{r4, r5, r6, r7, r8, lr}
 178              	.LCFI4:
 179              		.cfi_def_cfa_offset 24
 180              		.cfi_offset 4, -24
 181              		.cfi_offset 5, -20
 182              		.cfi_offset 6, -16
 183              		.cfi_offset 7, -12
 184              		.cfi_offset 8, -8
 185              		.cfi_offset 14, -4
 186 0004 0546     		mov	r5, r0
 187 0006 8846     		mov	r8, r1
 188 0008 1746     		mov	r7, r2
 189 000a 1C46     		mov	r4, r3
 262:Middlewares/Third_Party/LwIP/src/core/inet_chksum.c ****   struct pbuf *q;
 190              		.loc 1 262 3 is_stmt 1 view .LVU53
 263:Middlewares/Third_Party/LwIP/src/core/inet_chksum.c ****   int swapped = 0;
 191              		.loc 1 263 3 view .LVU54
 192              	.LVL21:
 264:Middlewares/Third_Party/LwIP/src/core/inet_chksum.c **** 
 265:Middlewares/Third_Party/LwIP/src/core/inet_chksum.c ****   /* iterate through all pbuf in chain */
ARM GAS  /tmp/ccxPfkyI.s 			page 9


 266:Middlewares/Third_Party/LwIP/src/core/inet_chksum.c ****   for (q = p; q != NULL; q = q->next) {
 193              		.loc 1 266 3 view .LVU55
 263:Middlewares/Third_Party/LwIP/src/core/inet_chksum.c ****   int swapped = 0;
 194              		.loc 1 263 7 is_stmt 0 view .LVU56
 195 000c 0026     		movs	r6, #0
 196              		.loc 1 266 3 view .LVU57
 197 000e 00E0     		b	.L9
 198              	.LVL22:
 199              	.L10:
 200              		.loc 1 266 26 is_stmt 1 discriminator 2 view .LVU58
 201              		.loc 1 266 28 is_stmt 0 discriminator 2 view .LVU59
 202 0010 2D68     		ldr	r5, [r5]
 203              	.LVL23:
 204              	.L9:
 205              		.loc 1 266 15 is_stmt 1 discriminator 1 view .LVU60
 206              		.loc 1 266 3 is_stmt 0 discriminator 1 view .LVU61
 207 0012 B5B1     		cbz	r5, .L14
 267:Middlewares/Third_Party/LwIP/src/core/inet_chksum.c ****     LWIP_DEBUGF(INET_DEBUG, ("inet_chksum_pseudo(): checksumming pbuf %p (has next %p) \n",
 268:Middlewares/Third_Party/LwIP/src/core/inet_chksum.c ****                              (void *)q, (void *)q->next));
 208              		.loc 1 268 58 is_stmt 1 view .LVU62
 269:Middlewares/Third_Party/LwIP/src/core/inet_chksum.c ****     acc += LWIP_CHKSUM(q->payload, q->len);
 209              		.loc 1 269 5 view .LVU63
 210              		.loc 1 269 12 is_stmt 0 view .LVU64
 211 0014 6989     		ldrh	r1, [r5, #10]
 212 0016 6868     		ldr	r0, [r5, #4]
 213 0018 FFF7FEFF 		bl	lwip_standard_chksum
 214              	.LVL24:
 215              		.loc 1 269 9 view .LVU65
 216 001c 0444     		add	r4, r4, r0
 217              	.LVL25:
 270:Middlewares/Third_Party/LwIP/src/core/inet_chksum.c ****     /*LWIP_DEBUGF(INET_DEBUG, ("inet_chksum_pseudo(): unwrapped lwip_chksum()=%"X32_F" \n", acc));*
 271:Middlewares/Third_Party/LwIP/src/core/inet_chksum.c ****     /* just executing this next line is probably faster that the if statement needed
 272:Middlewares/Third_Party/LwIP/src/core/inet_chksum.c ****        to check whether we really need to execute it, and does no harm */
 273:Middlewares/Third_Party/LwIP/src/core/inet_chksum.c ****     acc = FOLD_U32T(acc);
 218              		.loc 1 273 5 is_stmt 1 view .LVU66
 219              		.loc 1 273 11 is_stmt 0 view .LVU67
 220 001e A3B2     		uxth	r3, r4
 221              		.loc 1 273 9 view .LVU68
 222 0020 03EB1444 		add	r4, r3, r4, lsr #16
 223              	.LVL26:
 274:Middlewares/Third_Party/LwIP/src/core/inet_chksum.c ****     if (q->len % 2 != 0) {
 224              		.loc 1 274 5 is_stmt 1 view .LVU69
 225              		.loc 1 274 10 is_stmt 0 view .LVU70
 226 0024 6B89     		ldrh	r3, [r5, #10]
 227              		.loc 1 274 8 view .LVU71
 228 0026 13F0010F 		tst	r3, #1
 229 002a F1D0     		beq	.L10
 275:Middlewares/Third_Party/LwIP/src/core/inet_chksum.c ****       swapped = !swapped;
 230              		.loc 1 275 7 is_stmt 1 view .LVU72
 231              		.loc 1 275 17 is_stmt 0 view .LVU73
 232 002c 86F00106 		eor	r6, r6, #1
 233              	.LVL27:
 276:Middlewares/Third_Party/LwIP/src/core/inet_chksum.c ****       acc = SWAP_BYTES_IN_WORD(acc);
 234              		.loc 1 276 7 is_stmt 1 view .LVU74
 235              		.loc 1 276 13 is_stmt 0 view .LVU75
 236 0030 4FEA042C 		lsl	ip, r4, #8
 237 0034 1FFA8CFC 		uxth	ip, ip
ARM GAS  /tmp/ccxPfkyI.s 			page 10


 238 0038 C4F30724 		ubfx	r4, r4, #8, #8
 239              	.LVL28:
 240              		.loc 1 276 11 view .LVU76
 241 003c 4CEA0404 		orr	r4, ip, r4
 242              	.LVL29:
 243              		.loc 1 276 11 view .LVU77
 244 0040 E6E7     		b	.L10
 245              	.L14:
 277:Middlewares/Third_Party/LwIP/src/core/inet_chksum.c ****     }
 278:Middlewares/Third_Party/LwIP/src/core/inet_chksum.c ****     /*LWIP_DEBUGF(INET_DEBUG, ("inet_chksum_pseudo(): wrapped lwip_chksum()=%"X32_F" \n", acc));*/
 279:Middlewares/Third_Party/LwIP/src/core/inet_chksum.c ****   }
 280:Middlewares/Third_Party/LwIP/src/core/inet_chksum.c **** 
 281:Middlewares/Third_Party/LwIP/src/core/inet_chksum.c ****   if (swapped) {
 246              		.loc 1 281 3 is_stmt 1 view .LVU78
 247              		.loc 1 281 6 is_stmt 0 view .LVU79
 248 0042 26B1     		cbz	r6, .L12
 282:Middlewares/Third_Party/LwIP/src/core/inet_chksum.c ****     acc = SWAP_BYTES_IN_WORD(acc);
 249              		.loc 1 282 5 is_stmt 1 view .LVU80
 250              		.loc 1 282 11 is_stmt 0 view .LVU81
 251 0044 2202     		lsls	r2, r4, #8
 252 0046 92B2     		uxth	r2, r2
 253 0048 C4F30724 		ubfx	r4, r4, #8, #8
 254              	.LVL30:
 255              		.loc 1 282 9 view .LVU82
 256 004c 1443     		orrs	r4, r4, r2
 257              	.LVL31:
 258              	.L12:
 283:Middlewares/Third_Party/LwIP/src/core/inet_chksum.c ****   }
 284:Middlewares/Third_Party/LwIP/src/core/inet_chksum.c **** 
 285:Middlewares/Third_Party/LwIP/src/core/inet_chksum.c ****   acc += (u32_t)lwip_htons((u16_t)proto);
 259              		.loc 1 285 3 is_stmt 1 view .LVU83
 260              		.loc 1 285 17 is_stmt 0 view .LVU84
 261 004e 4046     		mov	r0, r8
 262 0050 FFF7FEFF 		bl	lwip_htons
 263              	.LVL32:
 264              		.loc 1 285 7 view .LVU85
 265 0054 0444     		add	r4, r4, r0
 266              	.LVL33:
 286:Middlewares/Third_Party/LwIP/src/core/inet_chksum.c ****   acc += (u32_t)lwip_htons(proto_len);
 267              		.loc 1 286 3 is_stmt 1 view .LVU86
 268              		.loc 1 286 17 is_stmt 0 view .LVU87
 269 0056 3846     		mov	r0, r7
 270 0058 FFF7FEFF 		bl	lwip_htons
 271              	.LVL34:
 272              		.loc 1 286 7 view .LVU88
 273 005c 2044     		add	r0, r0, r4
 274              	.LVL35:
 287:Middlewares/Third_Party/LwIP/src/core/inet_chksum.c **** 
 288:Middlewares/Third_Party/LwIP/src/core/inet_chksum.c ****   /* Fold 32-bit sum to 16 bits
 289:Middlewares/Third_Party/LwIP/src/core/inet_chksum.c ****      calling this twice is probably faster than if statements... */
 290:Middlewares/Third_Party/LwIP/src/core/inet_chksum.c ****   acc = FOLD_U32T(acc);
 275              		.loc 1 290 3 is_stmt 1 view .LVU89
 276              		.loc 1 290 9 is_stmt 0 view .LVU90
 277 005e 84B2     		uxth	r4, r0
 278              		.loc 1 290 7 view .LVU91
 279 0060 04EB1044 		add	r4, r4, r0, lsr #16
 280              	.LVL36:
ARM GAS  /tmp/ccxPfkyI.s 			page 11


 291:Middlewares/Third_Party/LwIP/src/core/inet_chksum.c ****   acc = FOLD_U32T(acc);
 281              		.loc 1 291 3 is_stmt 1 view .LVU92
 282              		.loc 1 291 9 is_stmt 0 view .LVU93
 283 0064 A0B2     		uxth	r0, r4
 284              		.loc 1 291 7 view .LVU94
 285 0066 00EB1440 		add	r0, r0, r4, lsr #16
 286              	.LVL37:
 292:Middlewares/Third_Party/LwIP/src/core/inet_chksum.c ****   LWIP_DEBUGF(INET_DEBUG, ("inet_chksum_pseudo(): pbuf chain lwip_chksum()=%"X32_F"\n", acc));
 287              		.loc 1 292 94 is_stmt 1 view .LVU95
 293:Middlewares/Third_Party/LwIP/src/core/inet_chksum.c ****   return (u16_t)~(acc & 0xffffUL);
 288              		.loc 1 293 3 view .LVU96
 289              		.loc 1 293 10 is_stmt 0 view .LVU97
 290 006a C043     		mvns	r0, r0
 291              	.LVL38:
 294:Middlewares/Third_Party/LwIP/src/core/inet_chksum.c **** }
 292              		.loc 1 294 1 view .LVU98
 293 006c 80B2     		uxth	r0, r0
 294              	.LVL39:
 295              		.loc 1 294 1 view .LVU99
 296 006e BDE8F081 		pop	{r4, r5, r6, r7, r8, pc}
 297              		.loc 1 294 1 view .LVU100
 298              		.cfi_endproc
 299              	.LFE168:
 301              		.section	.rodata.inet_cksum_pseudo_partial_base.str1.4,"aMS",%progbits,1
 302              		.align	2
 303              	.LC0:
 304 0000 4D696464 		.ascii	"Middlewares/Third_Party/LwIP/src/core/inet_chksum.c"
 304      6C657761 
 304      7265732F 
 304      54686972 
 304      645F5061 
 305 0033 00       		.ascii	"\000"
 306              		.align	2
 307              	.LC1:
 308 0034 64656C65 		.ascii	"delete me\000"
 308      7465206D 
 308      6500
 309 003e 0000     		.align	2
 310              	.LC2:
 311 0040 41737365 		.ascii	"Assertion \"%s\" failed at line %d in %s\012\000"
 311      7274696F 
 311      6E202225 
 311      73222066 
 311      61696C65 
 312              		.section	.text.inet_cksum_pseudo_partial_base,"ax",%progbits
 313              		.align	1
 314              		.syntax unified
 315              		.thumb
 316              		.thumb_func
 318              	inet_cksum_pseudo_partial_base:
 319              	.LVL40:
 320              	.LFB171:
 295:Middlewares/Third_Party/LwIP/src/core/inet_chksum.c **** 
 296:Middlewares/Third_Party/LwIP/src/core/inet_chksum.c **** #if LWIP_IPV4
 297:Middlewares/Third_Party/LwIP/src/core/inet_chksum.c **** /* inet_chksum_pseudo:
 298:Middlewares/Third_Party/LwIP/src/core/inet_chksum.c ****  *
 299:Middlewares/Third_Party/LwIP/src/core/inet_chksum.c ****  * Calculates the IPv4 pseudo Internet checksum used by TCP and UDP for a pbuf chain.
ARM GAS  /tmp/ccxPfkyI.s 			page 12


 300:Middlewares/Third_Party/LwIP/src/core/inet_chksum.c ****  * IP addresses are expected to be in network byte order.
 301:Middlewares/Third_Party/LwIP/src/core/inet_chksum.c ****  *
 302:Middlewares/Third_Party/LwIP/src/core/inet_chksum.c ****  * @param p chain of pbufs over that a checksum should be calculated (ip data part)
 303:Middlewares/Third_Party/LwIP/src/core/inet_chksum.c ****  * @param src source ip address (used for checksum of pseudo header)
 304:Middlewares/Third_Party/LwIP/src/core/inet_chksum.c ****  * @param dst destination ip address (used for checksum of pseudo header)
 305:Middlewares/Third_Party/LwIP/src/core/inet_chksum.c ****  * @param proto ip protocol (used for checksum of pseudo header)
 306:Middlewares/Third_Party/LwIP/src/core/inet_chksum.c ****  * @param proto_len length of the ip data part (used for checksum of pseudo header)
 307:Middlewares/Third_Party/LwIP/src/core/inet_chksum.c ****  * @return checksum (as u16_t) to be saved directly in the protocol header
 308:Middlewares/Third_Party/LwIP/src/core/inet_chksum.c ****  */
 309:Middlewares/Third_Party/LwIP/src/core/inet_chksum.c **** u16_t
 310:Middlewares/Third_Party/LwIP/src/core/inet_chksum.c **** inet_chksum_pseudo(struct pbuf *p, u8_t proto, u16_t proto_len,
 311:Middlewares/Third_Party/LwIP/src/core/inet_chksum.c ****                    const ip4_addr_t *src, const ip4_addr_t *dest)
 312:Middlewares/Third_Party/LwIP/src/core/inet_chksum.c **** {
 313:Middlewares/Third_Party/LwIP/src/core/inet_chksum.c ****   u32_t acc;
 314:Middlewares/Third_Party/LwIP/src/core/inet_chksum.c ****   u32_t addr;
 315:Middlewares/Third_Party/LwIP/src/core/inet_chksum.c **** 
 316:Middlewares/Third_Party/LwIP/src/core/inet_chksum.c ****   addr = ip4_addr_get_u32(src);
 317:Middlewares/Third_Party/LwIP/src/core/inet_chksum.c ****   acc = (addr & 0xffffUL);
 318:Middlewares/Third_Party/LwIP/src/core/inet_chksum.c ****   acc = (u32_t)(acc + ((addr >> 16) & 0xffffUL));
 319:Middlewares/Third_Party/LwIP/src/core/inet_chksum.c ****   addr = ip4_addr_get_u32(dest);
 320:Middlewares/Third_Party/LwIP/src/core/inet_chksum.c ****   acc = (u32_t)(acc + (addr & 0xffffUL));
 321:Middlewares/Third_Party/LwIP/src/core/inet_chksum.c ****   acc = (u32_t)(acc + ((addr >> 16) & 0xffffUL));
 322:Middlewares/Third_Party/LwIP/src/core/inet_chksum.c ****   /* fold down to 16 bits */
 323:Middlewares/Third_Party/LwIP/src/core/inet_chksum.c ****   acc = FOLD_U32T(acc);
 324:Middlewares/Third_Party/LwIP/src/core/inet_chksum.c ****   acc = FOLD_U32T(acc);
 325:Middlewares/Third_Party/LwIP/src/core/inet_chksum.c **** 
 326:Middlewares/Third_Party/LwIP/src/core/inet_chksum.c ****   return inet_cksum_pseudo_base(p, proto, proto_len, acc);
 327:Middlewares/Third_Party/LwIP/src/core/inet_chksum.c **** }
 328:Middlewares/Third_Party/LwIP/src/core/inet_chksum.c **** #endif /* LWIP_IPV4 */
 329:Middlewares/Third_Party/LwIP/src/core/inet_chksum.c **** 
 330:Middlewares/Third_Party/LwIP/src/core/inet_chksum.c **** #if LWIP_IPV6
 331:Middlewares/Third_Party/LwIP/src/core/inet_chksum.c **** /**
 332:Middlewares/Third_Party/LwIP/src/core/inet_chksum.c ****  * Calculates the checksum with IPv6 pseudo header used by TCP and UDP for a pbuf chain.
 333:Middlewares/Third_Party/LwIP/src/core/inet_chksum.c ****  * IPv6 addresses are expected to be in network byte order.
 334:Middlewares/Third_Party/LwIP/src/core/inet_chksum.c ****  *
 335:Middlewares/Third_Party/LwIP/src/core/inet_chksum.c ****  * @param p chain of pbufs over that a checksum should be calculated (ip data part)
 336:Middlewares/Third_Party/LwIP/src/core/inet_chksum.c ****  * @param proto ipv6 protocol/next header (used for checksum of pseudo header)
 337:Middlewares/Third_Party/LwIP/src/core/inet_chksum.c ****  * @param proto_len length of the ipv6 payload (used for checksum of pseudo header)
 338:Middlewares/Third_Party/LwIP/src/core/inet_chksum.c ****  * @param src source ipv6 address (used for checksum of pseudo header)
 339:Middlewares/Third_Party/LwIP/src/core/inet_chksum.c ****  * @param dest destination ipv6 address (used for checksum of pseudo header)
 340:Middlewares/Third_Party/LwIP/src/core/inet_chksum.c ****  * @return checksum (as u16_t) to be saved directly in the protocol header
 341:Middlewares/Third_Party/LwIP/src/core/inet_chksum.c ****  */
 342:Middlewares/Third_Party/LwIP/src/core/inet_chksum.c **** u16_t
 343:Middlewares/Third_Party/LwIP/src/core/inet_chksum.c **** ip6_chksum_pseudo(struct pbuf *p, u8_t proto, u16_t proto_len,
 344:Middlewares/Third_Party/LwIP/src/core/inet_chksum.c ****                   const ip6_addr_t *src, const ip6_addr_t *dest)
 345:Middlewares/Third_Party/LwIP/src/core/inet_chksum.c **** {
 346:Middlewares/Third_Party/LwIP/src/core/inet_chksum.c ****   u32_t acc = 0;
 347:Middlewares/Third_Party/LwIP/src/core/inet_chksum.c ****   u32_t addr;
 348:Middlewares/Third_Party/LwIP/src/core/inet_chksum.c ****   u8_t addr_part;
 349:Middlewares/Third_Party/LwIP/src/core/inet_chksum.c **** 
 350:Middlewares/Third_Party/LwIP/src/core/inet_chksum.c ****   for (addr_part = 0; addr_part < 4; addr_part++) {
 351:Middlewares/Third_Party/LwIP/src/core/inet_chksum.c ****     addr = src->addr[addr_part];
 352:Middlewares/Third_Party/LwIP/src/core/inet_chksum.c ****     acc = (u32_t)(acc + (addr & 0xffffUL));
 353:Middlewares/Third_Party/LwIP/src/core/inet_chksum.c ****     acc = (u32_t)(acc + ((addr >> 16) & 0xffffUL));
 354:Middlewares/Third_Party/LwIP/src/core/inet_chksum.c ****     addr = dest->addr[addr_part];
 355:Middlewares/Third_Party/LwIP/src/core/inet_chksum.c ****     acc = (u32_t)(acc + (addr & 0xffffUL));
 356:Middlewares/Third_Party/LwIP/src/core/inet_chksum.c ****     acc = (u32_t)(acc + ((addr >> 16) & 0xffffUL));
ARM GAS  /tmp/ccxPfkyI.s 			page 13


 357:Middlewares/Third_Party/LwIP/src/core/inet_chksum.c ****   }
 358:Middlewares/Third_Party/LwIP/src/core/inet_chksum.c ****   /* fold down to 16 bits */
 359:Middlewares/Third_Party/LwIP/src/core/inet_chksum.c ****   acc = FOLD_U32T(acc);
 360:Middlewares/Third_Party/LwIP/src/core/inet_chksum.c ****   acc = FOLD_U32T(acc);
 361:Middlewares/Third_Party/LwIP/src/core/inet_chksum.c **** 
 362:Middlewares/Third_Party/LwIP/src/core/inet_chksum.c ****   return inet_cksum_pseudo_base(p, proto, proto_len, acc);
 363:Middlewares/Third_Party/LwIP/src/core/inet_chksum.c **** }
 364:Middlewares/Third_Party/LwIP/src/core/inet_chksum.c **** #endif /* LWIP_IPV6 */
 365:Middlewares/Third_Party/LwIP/src/core/inet_chksum.c **** 
 366:Middlewares/Third_Party/LwIP/src/core/inet_chksum.c **** /* ip_chksum_pseudo:
 367:Middlewares/Third_Party/LwIP/src/core/inet_chksum.c ****  *
 368:Middlewares/Third_Party/LwIP/src/core/inet_chksum.c ****  * Calculates the IPv4 or IPv6 pseudo Internet checksum used by TCP and UDP for a pbuf chain.
 369:Middlewares/Third_Party/LwIP/src/core/inet_chksum.c ****  * IP addresses are expected to be in network byte order.
 370:Middlewares/Third_Party/LwIP/src/core/inet_chksum.c ****  *
 371:Middlewares/Third_Party/LwIP/src/core/inet_chksum.c ****  * @param p chain of pbufs over that a checksum should be calculated (ip data part)
 372:Middlewares/Third_Party/LwIP/src/core/inet_chksum.c ****  * @param src source ip address (used for checksum of pseudo header)
 373:Middlewares/Third_Party/LwIP/src/core/inet_chksum.c ****  * @param dst destination ip address (used for checksum of pseudo header)
 374:Middlewares/Third_Party/LwIP/src/core/inet_chksum.c ****  * @param proto ip protocol (used for checksum of pseudo header)
 375:Middlewares/Third_Party/LwIP/src/core/inet_chksum.c ****  * @param proto_len length of the ip data part (used for checksum of pseudo header)
 376:Middlewares/Third_Party/LwIP/src/core/inet_chksum.c ****  * @return checksum (as u16_t) to be saved directly in the protocol header
 377:Middlewares/Third_Party/LwIP/src/core/inet_chksum.c ****  */
 378:Middlewares/Third_Party/LwIP/src/core/inet_chksum.c **** u16_t
 379:Middlewares/Third_Party/LwIP/src/core/inet_chksum.c **** ip_chksum_pseudo(struct pbuf *p, u8_t proto, u16_t proto_len,
 380:Middlewares/Third_Party/LwIP/src/core/inet_chksum.c ****                  const ip_addr_t *src, const ip_addr_t *dest)
 381:Middlewares/Third_Party/LwIP/src/core/inet_chksum.c **** {
 382:Middlewares/Third_Party/LwIP/src/core/inet_chksum.c **** #if LWIP_IPV6
 383:Middlewares/Third_Party/LwIP/src/core/inet_chksum.c ****   if (IP_IS_V6(dest)) {
 384:Middlewares/Third_Party/LwIP/src/core/inet_chksum.c ****     return ip6_chksum_pseudo(p, proto, proto_len, ip_2_ip6(src), ip_2_ip6(dest));
 385:Middlewares/Third_Party/LwIP/src/core/inet_chksum.c ****   }
 386:Middlewares/Third_Party/LwIP/src/core/inet_chksum.c **** #endif /* LWIP_IPV6 */
 387:Middlewares/Third_Party/LwIP/src/core/inet_chksum.c **** #if LWIP_IPV4 && LWIP_IPV6
 388:Middlewares/Third_Party/LwIP/src/core/inet_chksum.c ****   else
 389:Middlewares/Third_Party/LwIP/src/core/inet_chksum.c **** #endif /* LWIP_IPV4 && LWIP_IPV6 */
 390:Middlewares/Third_Party/LwIP/src/core/inet_chksum.c **** #if LWIP_IPV4
 391:Middlewares/Third_Party/LwIP/src/core/inet_chksum.c ****   {
 392:Middlewares/Third_Party/LwIP/src/core/inet_chksum.c ****     return inet_chksum_pseudo(p, proto, proto_len, ip_2_ip4(src), ip_2_ip4(dest));
 393:Middlewares/Third_Party/LwIP/src/core/inet_chksum.c ****   }
 394:Middlewares/Third_Party/LwIP/src/core/inet_chksum.c **** #endif /* LWIP_IPV4 */
 395:Middlewares/Third_Party/LwIP/src/core/inet_chksum.c **** }
 396:Middlewares/Third_Party/LwIP/src/core/inet_chksum.c **** 
 397:Middlewares/Third_Party/LwIP/src/core/inet_chksum.c **** /** Parts of the pseudo checksum which are common to IPv4 and IPv6 */
 398:Middlewares/Third_Party/LwIP/src/core/inet_chksum.c **** static u16_t
 399:Middlewares/Third_Party/LwIP/src/core/inet_chksum.c **** inet_cksum_pseudo_partial_base(struct pbuf *p, u8_t proto, u16_t proto_len,
 400:Middlewares/Third_Party/LwIP/src/core/inet_chksum.c ****                                u16_t chksum_len, u32_t acc)
 401:Middlewares/Third_Party/LwIP/src/core/inet_chksum.c **** {
 321              		.loc 1 401 1 is_stmt 1 view -0
 322              		.cfi_startproc
 323              		@ args = 4, pretend = 0, frame = 0
 324              		@ frame_needed = 0, uses_anonymous_args = 0
 325              		.loc 1 401 1 is_stmt 0 view .LVU102
 326 0000 2DE9F047 		push	{r4, r5, r6, r7, r8, r9, r10, lr}
 327              	.LCFI5:
 328              		.cfi_def_cfa_offset 32
 329              		.cfi_offset 4, -32
 330              		.cfi_offset 5, -28
 331              		.cfi_offset 6, -24
 332              		.cfi_offset 7, -20
ARM GAS  /tmp/ccxPfkyI.s 			page 14


 333              		.cfi_offset 8, -16
 334              		.cfi_offset 9, -12
 335              		.cfi_offset 10, -8
 336              		.cfi_offset 14, -4
 337 0004 0646     		mov	r6, r0
 338 0006 8946     		mov	r9, r1
 339 0008 9046     		mov	r8, r2
 340 000a 9A46     		mov	r10, r3
 341 000c 089C     		ldr	r4, [sp, #32]
 402:Middlewares/Third_Party/LwIP/src/core/inet_chksum.c ****   struct pbuf *q;
 342              		.loc 1 402 3 is_stmt 1 view .LVU103
 403:Middlewares/Third_Party/LwIP/src/core/inet_chksum.c ****   int swapped = 0;
 343              		.loc 1 403 3 view .LVU104
 344              	.LVL41:
 404:Middlewares/Third_Party/LwIP/src/core/inet_chksum.c ****   u16_t chklen;
 345              		.loc 1 404 3 view .LVU105
 405:Middlewares/Third_Party/LwIP/src/core/inet_chksum.c **** 
 406:Middlewares/Third_Party/LwIP/src/core/inet_chksum.c ****   /* iterate through all pbuf in chain */
 407:Middlewares/Third_Party/LwIP/src/core/inet_chksum.c ****   for (q = p; (q != NULL) && (chksum_len > 0); q = q->next) {
 346              		.loc 1 407 3 view .LVU106
 403:Middlewares/Third_Party/LwIP/src/core/inet_chksum.c ****   u16_t chklen;
 347              		.loc 1 403 7 is_stmt 0 view .LVU107
 348 000e 0027     		movs	r7, #0
 349              		.loc 1 407 3 view .LVU108
 350 0010 08E0     		b	.L16
 351              	.LVL42:
 352              	.L25:
 408:Middlewares/Third_Party/LwIP/src/core/inet_chksum.c ****     LWIP_DEBUGF(INET_DEBUG, ("inet_chksum_pseudo(): checksumming pbuf %p (has next %p) \n",
 409:Middlewares/Third_Party/LwIP/src/core/inet_chksum.c ****                              (void *)q, (void *)q->next));
 410:Middlewares/Third_Party/LwIP/src/core/inet_chksum.c ****     chklen = q->len;
 411:Middlewares/Third_Party/LwIP/src/core/inet_chksum.c ****     if (chklen > chksum_len) {
 412:Middlewares/Third_Party/LwIP/src/core/inet_chksum.c ****       chklen = chksum_len;
 413:Middlewares/Third_Party/LwIP/src/core/inet_chksum.c ****     }
 414:Middlewares/Third_Party/LwIP/src/core/inet_chksum.c ****     acc += LWIP_CHKSUM(q->payload, chklen);
 415:Middlewares/Third_Party/LwIP/src/core/inet_chksum.c ****     chksum_len = (u16_t)(chksum_len - chklen);
 416:Middlewares/Third_Party/LwIP/src/core/inet_chksum.c ****     LWIP_ASSERT("delete me", chksum_len < 0x7fff);
 353              		.loc 1 416 5 is_stmt 1 discriminator 1 view .LVU109
 354              		.loc 1 416 5 discriminator 1 view .LVU110
 355 0012 234B     		ldr	r3, .L26
 356 0014 4FF4D072 		mov	r2, #416
 357 0018 2249     		ldr	r1, .L26+4
 358 001a 2348     		ldr	r0, .L26+8
 359 001c FFF7FEFF 		bl	printf
 360              	.LVL43:
 361 0020 16E0     		b	.L18
 362              	.L19:
 407:Middlewares/Third_Party/LwIP/src/core/inet_chksum.c ****     LWIP_DEBUGF(INET_DEBUG, ("inet_chksum_pseudo(): checksumming pbuf %p (has next %p) \n",
 363              		.loc 1 407 48 discriminator 2 view .LVU111
 407:Middlewares/Third_Party/LwIP/src/core/inet_chksum.c ****     LWIP_DEBUGF(INET_DEBUG, ("inet_chksum_pseudo(): checksumming pbuf %p (has next %p) \n",
 364              		.loc 1 407 50 is_stmt 0 discriminator 2 view .LVU112
 365 0022 3668     		ldr	r6, [r6]
 366              	.LVL44:
 367              	.L16:
 407:Middlewares/Third_Party/LwIP/src/core/inet_chksum.c ****     LWIP_DEBUGF(INET_DEBUG, ("inet_chksum_pseudo(): checksumming pbuf %p (has next %p) \n",
 368              		.loc 1 407 15 is_stmt 1 discriminator 1 view .LVU113
 407:Middlewares/Third_Party/LwIP/src/core/inet_chksum.c ****     LWIP_DEBUGF(INET_DEBUG, ("inet_chksum_pseudo(): checksumming pbuf %p (has next %p) \n",
 369              		.loc 1 407 3 is_stmt 0 discriminator 1 view .LVU114
ARM GAS  /tmp/ccxPfkyI.s 			page 15


 370 0024 002E     		cmp	r6, #0
 371 0026 18BF     		it	ne
 372 0028 BAF1000F 		cmpne	r10, #0
 373 002c 1FD0     		beq	.L24
 409:Middlewares/Third_Party/LwIP/src/core/inet_chksum.c ****     chklen = q->len;
 374              		.loc 1 409 58 is_stmt 1 view .LVU115
 410:Middlewares/Third_Party/LwIP/src/core/inet_chksum.c ****     if (chklen > chksum_len) {
 375              		.loc 1 410 5 view .LVU116
 410:Middlewares/Third_Party/LwIP/src/core/inet_chksum.c ****     if (chklen > chksum_len) {
 376              		.loc 1 410 12 is_stmt 0 view .LVU117
 377 002e 7589     		ldrh	r5, [r6, #10]
 378              	.LVL45:
 411:Middlewares/Third_Party/LwIP/src/core/inet_chksum.c ****       chklen = chksum_len;
 379              		.loc 1 411 5 is_stmt 1 view .LVU118
 411:Middlewares/Third_Party/LwIP/src/core/inet_chksum.c ****       chklen = chksum_len;
 380              		.loc 1 411 8 is_stmt 0 view .LVU119
 381 0030 AA45     		cmp	r10, r5
 382 0032 00D2     		bcs	.L17
 412:Middlewares/Third_Party/LwIP/src/core/inet_chksum.c ****     }
 383              		.loc 1 412 14 view .LVU120
 384 0034 5546     		mov	r5, r10
 385              	.LVL46:
 386              	.L17:
 414:Middlewares/Third_Party/LwIP/src/core/inet_chksum.c ****     chksum_len = (u16_t)(chksum_len - chklen);
 387              		.loc 1 414 5 is_stmt 1 view .LVU121
 414:Middlewares/Third_Party/LwIP/src/core/inet_chksum.c ****     chksum_len = (u16_t)(chksum_len - chklen);
 388              		.loc 1 414 12 is_stmt 0 view .LVU122
 389 0036 2946     		mov	r1, r5
 390 0038 7068     		ldr	r0, [r6, #4]
 391 003a FFF7FEFF 		bl	lwip_standard_chksum
 392              	.LVL47:
 414:Middlewares/Third_Party/LwIP/src/core/inet_chksum.c ****     chksum_len = (u16_t)(chksum_len - chklen);
 393              		.loc 1 414 9 view .LVU123
 394 003e 0444     		add	r4, r4, r0
 395              	.LVL48:
 415:Middlewares/Third_Party/LwIP/src/core/inet_chksum.c ****     LWIP_ASSERT("delete me", chksum_len < 0x7fff);
 396              		.loc 1 415 5 is_stmt 1 view .LVU124
 415:Middlewares/Third_Party/LwIP/src/core/inet_chksum.c ****     LWIP_ASSERT("delete me", chksum_len < 0x7fff);
 397              		.loc 1 415 16 is_stmt 0 view .LVU125
 398 0040 AAEB0505 		sub	r5, r10, r5
 399              	.LVL49:
 415:Middlewares/Third_Party/LwIP/src/core/inet_chksum.c ****     LWIP_ASSERT("delete me", chksum_len < 0x7fff);
 400              		.loc 1 415 16 view .LVU126
 401 0044 1FFA85FA 		uxth	r10, r5
 402              	.LVL50:
 403              		.loc 1 416 5 is_stmt 1 view .LVU127
 404              		.loc 1 416 5 view .LVU128
 405 0048 47F6FE73 		movw	r3, #32766
 406 004c 9A45     		cmp	r10, r3
 407 004e E0D8     		bhi	.L25
 408              	.L18:
 409              		.loc 1 416 5 discriminator 3 view .LVU129
 410              		.loc 1 416 5 discriminator 3 view .LVU130
 417:Middlewares/Third_Party/LwIP/src/core/inet_chksum.c ****     /*LWIP_DEBUGF(INET_DEBUG, ("inet_chksum_pseudo(): unwrapped lwip_chksum()=%"X32_F" \n", acc));*
 418:Middlewares/Third_Party/LwIP/src/core/inet_chksum.c ****     /* fold the upper bit down */
 419:Middlewares/Third_Party/LwIP/src/core/inet_chksum.c ****     acc = FOLD_U32T(acc);
 411              		.loc 1 419 5 discriminator 3 view .LVU131
ARM GAS  /tmp/ccxPfkyI.s 			page 16


 412              		.loc 1 419 11 is_stmt 0 discriminator 3 view .LVU132
 413 0050 A3B2     		uxth	r3, r4
 414              		.loc 1 419 9 discriminator 3 view .LVU133
 415 0052 03EB1444 		add	r4, r3, r4, lsr #16
 416              	.LVL51:
 420:Middlewares/Third_Party/LwIP/src/core/inet_chksum.c ****     if (q->len % 2 != 0) {
 417              		.loc 1 420 5 is_stmt 1 discriminator 3 view .LVU134
 418              		.loc 1 420 10 is_stmt 0 discriminator 3 view .LVU135
 419 0056 7389     		ldrh	r3, [r6, #10]
 420              		.loc 1 420 8 discriminator 3 view .LVU136
 421 0058 13F0010F 		tst	r3, #1
 422 005c E1D0     		beq	.L19
 421:Middlewares/Third_Party/LwIP/src/core/inet_chksum.c ****       swapped = !swapped;
 423              		.loc 1 421 7 is_stmt 1 view .LVU137
 424              		.loc 1 421 17 is_stmt 0 view .LVU138
 425 005e 87F00107 		eor	r7, r7, #1
 426              	.LVL52:
 422:Middlewares/Third_Party/LwIP/src/core/inet_chksum.c ****       acc = SWAP_BYTES_IN_WORD(acc);
 427              		.loc 1 422 7 is_stmt 1 view .LVU139
 428              		.loc 1 422 13 is_stmt 0 view .LVU140
 429 0062 2302     		lsls	r3, r4, #8
 430 0064 9BB2     		uxth	r3, r3
 431 0066 C4F30724 		ubfx	r4, r4, #8, #8
 432              	.LVL53:
 433              		.loc 1 422 11 view .LVU141
 434 006a 1C43     		orrs	r4, r4, r3
 435              	.LVL54:
 436              		.loc 1 422 11 view .LVU142
 437 006c D9E7     		b	.L19
 438              	.L24:
 423:Middlewares/Third_Party/LwIP/src/core/inet_chksum.c ****     }
 424:Middlewares/Third_Party/LwIP/src/core/inet_chksum.c ****     /*LWIP_DEBUGF(INET_DEBUG, ("inet_chksum_pseudo(): wrapped lwip_chksum()=%"X32_F" \n", acc));*/
 425:Middlewares/Third_Party/LwIP/src/core/inet_chksum.c ****   }
 426:Middlewares/Third_Party/LwIP/src/core/inet_chksum.c **** 
 427:Middlewares/Third_Party/LwIP/src/core/inet_chksum.c ****   if (swapped) {
 439              		.loc 1 427 3 is_stmt 1 view .LVU143
 440              		.loc 1 427 6 is_stmt 0 view .LVU144
 441 006e 27B1     		cbz	r7, .L21
 428:Middlewares/Third_Party/LwIP/src/core/inet_chksum.c ****     acc = SWAP_BYTES_IN_WORD(acc);
 442              		.loc 1 428 5 is_stmt 1 view .LVU145
 443              		.loc 1 428 11 is_stmt 0 view .LVU146
 444 0070 2302     		lsls	r3, r4, #8
 445 0072 9BB2     		uxth	r3, r3
 446 0074 C4F30724 		ubfx	r4, r4, #8, #8
 447              	.LVL55:
 448              		.loc 1 428 9 view .LVU147
 449 0078 1C43     		orrs	r4, r4, r3
 450              	.LVL56:
 451              	.L21:
 429:Middlewares/Third_Party/LwIP/src/core/inet_chksum.c ****   }
 430:Middlewares/Third_Party/LwIP/src/core/inet_chksum.c **** 
 431:Middlewares/Third_Party/LwIP/src/core/inet_chksum.c ****   acc += (u32_t)lwip_htons((u16_t)proto);
 452              		.loc 1 431 3 is_stmt 1 view .LVU148
 453              		.loc 1 431 17 is_stmt 0 view .LVU149
 454 007a 4846     		mov	r0, r9
 455 007c FFF7FEFF 		bl	lwip_htons
 456              	.LVL57:
ARM GAS  /tmp/ccxPfkyI.s 			page 17


 457              		.loc 1 431 7 view .LVU150
 458 0080 0444     		add	r4, r4, r0
 459              	.LVL58:
 432:Middlewares/Third_Party/LwIP/src/core/inet_chksum.c ****   acc += (u32_t)lwip_htons(proto_len);
 460              		.loc 1 432 3 is_stmt 1 view .LVU151
 461              		.loc 1 432 17 is_stmt 0 view .LVU152
 462 0082 4046     		mov	r0, r8
 463 0084 FFF7FEFF 		bl	lwip_htons
 464              	.LVL59:
 465              		.loc 1 432 7 view .LVU153
 466 0088 2044     		add	r0, r0, r4
 467              	.LVL60:
 433:Middlewares/Third_Party/LwIP/src/core/inet_chksum.c **** 
 434:Middlewares/Third_Party/LwIP/src/core/inet_chksum.c ****   /* Fold 32-bit sum to 16 bits
 435:Middlewares/Third_Party/LwIP/src/core/inet_chksum.c ****      calling this twice is probably faster than if statements... */
 436:Middlewares/Third_Party/LwIP/src/core/inet_chksum.c ****   acc = FOLD_U32T(acc);
 468              		.loc 1 436 3 is_stmt 1 view .LVU154
 469              		.loc 1 436 9 is_stmt 0 view .LVU155
 470 008a 84B2     		uxth	r4, r0
 471              		.loc 1 436 7 view .LVU156
 472 008c 04EB1044 		add	r4, r4, r0, lsr #16
 473              	.LVL61:
 437:Middlewares/Third_Party/LwIP/src/core/inet_chksum.c ****   acc = FOLD_U32T(acc);
 474              		.loc 1 437 3 is_stmt 1 view .LVU157
 475              		.loc 1 437 9 is_stmt 0 view .LVU158
 476 0090 A0B2     		uxth	r0, r4
 477              		.loc 1 437 7 view .LVU159
 478 0092 00EB1440 		add	r0, r0, r4, lsr #16
 479              	.LVL62:
 438:Middlewares/Third_Party/LwIP/src/core/inet_chksum.c ****   LWIP_DEBUGF(INET_DEBUG, ("inet_chksum_pseudo(): pbuf chain lwip_chksum()=%"X32_F"\n", acc));
 480              		.loc 1 438 94 is_stmt 1 view .LVU160
 439:Middlewares/Third_Party/LwIP/src/core/inet_chksum.c ****   return (u16_t)~(acc & 0xffffUL);
 481              		.loc 1 439 3 view .LVU161
 482              		.loc 1 439 10 is_stmt 0 view .LVU162
 483 0096 C043     		mvns	r0, r0
 484              	.LVL63:
 440:Middlewares/Third_Party/LwIP/src/core/inet_chksum.c **** }
 485              		.loc 1 440 1 view .LVU163
 486 0098 80B2     		uxth	r0, r0
 487              	.LVL64:
 488              		.loc 1 440 1 view .LVU164
 489 009a BDE8F087 		pop	{r4, r5, r6, r7, r8, r9, r10, pc}
 490              	.LVL65:
 491              	.L27:
 492              		.loc 1 440 1 view .LVU165
 493 009e 00BF     		.align	2
 494              	.L26:
 495 00a0 00000000 		.word	.LC0
 496 00a4 34000000 		.word	.LC1
 497 00a8 40000000 		.word	.LC2
 498              		.cfi_endproc
 499              	.LFE171:
 501              		.section	.text.inet_chksum_pseudo,"ax",%progbits
 502              		.align	1
 503              		.global	inet_chksum_pseudo
 504              		.syntax unified
 505              		.thumb
ARM GAS  /tmp/ccxPfkyI.s 			page 18


 506              		.thumb_func
 508              	inet_chksum_pseudo:
 509              	.LVL66:
 510              	.LFB169:
 312:Middlewares/Third_Party/LwIP/src/core/inet_chksum.c ****   u32_t acc;
 511              		.loc 1 312 1 is_stmt 1 view -0
 512              		.cfi_startproc
 513              		@ args = 4, pretend = 0, frame = 0
 514              		@ frame_needed = 0, uses_anonymous_args = 0
 312:Middlewares/Third_Party/LwIP/src/core/inet_chksum.c ****   u32_t acc;
 515              		.loc 1 312 1 is_stmt 0 view .LVU167
 516 0000 10B5     		push	{r4, lr}
 517              	.LCFI6:
 518              		.cfi_def_cfa_offset 8
 519              		.cfi_offset 4, -8
 520              		.cfi_offset 14, -4
 313:Middlewares/Third_Party/LwIP/src/core/inet_chksum.c ****   u32_t addr;
 521              		.loc 1 313 3 is_stmt 1 view .LVU168
 314:Middlewares/Third_Party/LwIP/src/core/inet_chksum.c **** 
 522              		.loc 1 314 3 view .LVU169
 316:Middlewares/Third_Party/LwIP/src/core/inet_chksum.c ****   acc = (addr & 0xffffUL);
 523              		.loc 1 316 3 view .LVU170
 316:Middlewares/Third_Party/LwIP/src/core/inet_chksum.c ****   acc = (addr & 0xffffUL);
 524              		.loc 1 316 8 is_stmt 0 view .LVU171
 525 0002 1B68     		ldr	r3, [r3]
 526              	.LVL67:
 317:Middlewares/Third_Party/LwIP/src/core/inet_chksum.c ****   acc = (u32_t)(acc + ((addr >> 16) & 0xffffUL));
 527              		.loc 1 317 3 is_stmt 1 view .LVU172
 318:Middlewares/Third_Party/LwIP/src/core/inet_chksum.c ****   addr = ip4_addr_get_u32(dest);
 528              		.loc 1 318 3 view .LVU173
 318:Middlewares/Third_Party/LwIP/src/core/inet_chksum.c ****   addr = ip4_addr_get_u32(dest);
 529              		.loc 1 318 30 is_stmt 0 view .LVU174
 530 0004 1C0C     		lsrs	r4, r3, #16
 318:Middlewares/Third_Party/LwIP/src/core/inet_chksum.c ****   addr = ip4_addr_get_u32(dest);
 531              		.loc 1 318 7 view .LVU175
 532 0006 14FA83F3 		uxtah	r3, r4, r3
 533              	.LVL68:
 319:Middlewares/Third_Party/LwIP/src/core/inet_chksum.c ****   acc = (u32_t)(acc + (addr & 0xffffUL));
 534              		.loc 1 319 3 is_stmt 1 view .LVU176
 319:Middlewares/Third_Party/LwIP/src/core/inet_chksum.c ****   acc = (u32_t)(acc + (addr & 0xffffUL));
 535              		.loc 1 319 8 is_stmt 0 view .LVU177
 536 000a 029C     		ldr	r4, [sp, #8]
 537 000c 2468     		ldr	r4, [r4]
 538              	.LVL69:
 320:Middlewares/Third_Party/LwIP/src/core/inet_chksum.c ****   acc = (u32_t)(acc + ((addr >> 16) & 0xffffUL));
 539              		.loc 1 320 3 is_stmt 1 view .LVU178
 320:Middlewares/Third_Party/LwIP/src/core/inet_chksum.c ****   acc = (u32_t)(acc + ((addr >> 16) & 0xffffUL));
 540              		.loc 1 320 7 is_stmt 0 view .LVU179
 541 000e 13FA84F3 		uxtah	r3, r3, r4
 542              	.LVL70:
 321:Middlewares/Third_Party/LwIP/src/core/inet_chksum.c ****   /* fold down to 16 bits */
 543              		.loc 1 321 3 is_stmt 1 view .LVU180
 321:Middlewares/Third_Party/LwIP/src/core/inet_chksum.c ****   /* fold down to 16 bits */
 544              		.loc 1 321 7 is_stmt 0 view .LVU181
 545 0012 03EB1443 		add	r3, r3, r4, lsr #16
 546              	.LVL71:
 323:Middlewares/Third_Party/LwIP/src/core/inet_chksum.c ****   acc = FOLD_U32T(acc);
ARM GAS  /tmp/ccxPfkyI.s 			page 19


 547              		.loc 1 323 3 is_stmt 1 view .LVU182
 323:Middlewares/Third_Party/LwIP/src/core/inet_chksum.c ****   acc = FOLD_U32T(acc);
 548              		.loc 1 323 9 is_stmt 0 view .LVU183
 549 0016 1FFA83FC 		uxth	ip, r3
 323:Middlewares/Third_Party/LwIP/src/core/inet_chksum.c ****   acc = FOLD_U32T(acc);
 550              		.loc 1 323 7 view .LVU184
 551 001a 0CEB1343 		add	r3, ip, r3, lsr #16
 552              	.LVL72:
 324:Middlewares/Third_Party/LwIP/src/core/inet_chksum.c **** 
 553              		.loc 1 324 3 is_stmt 1 view .LVU185
 324:Middlewares/Third_Party/LwIP/src/core/inet_chksum.c **** 
 554              		.loc 1 324 9 is_stmt 0 view .LVU186
 555 001e 9CB2     		uxth	r4, r3
 556              	.LVL73:
 326:Middlewares/Third_Party/LwIP/src/core/inet_chksum.c **** }
 557              		.loc 1 326 3 is_stmt 1 view .LVU187
 326:Middlewares/Third_Party/LwIP/src/core/inet_chksum.c **** }
 558              		.loc 1 326 10 is_stmt 0 view .LVU188
 559 0020 04EB1343 		add	r3, r4, r3, lsr #16
 560              	.LVL74:
 326:Middlewares/Third_Party/LwIP/src/core/inet_chksum.c **** }
 561              		.loc 1 326 10 view .LVU189
 562 0024 FFF7FEFF 		bl	inet_cksum_pseudo_base
 563              	.LVL75:
 327:Middlewares/Third_Party/LwIP/src/core/inet_chksum.c **** #endif /* LWIP_IPV4 */
 564              		.loc 1 327 1 view .LVU190
 565 0028 10BD     		pop	{r4, pc}
 327:Middlewares/Third_Party/LwIP/src/core/inet_chksum.c **** #endif /* LWIP_IPV4 */
 566              		.loc 1 327 1 view .LVU191
 567              		.cfi_endproc
 568              	.LFE169:
 570              		.section	.text.ip_chksum_pseudo,"ax",%progbits
 571              		.align	1
 572              		.global	ip_chksum_pseudo
 573              		.syntax unified
 574              		.thumb
 575              		.thumb_func
 577              	ip_chksum_pseudo:
 578              	.LVL76:
 579              	.LFB170:
 381:Middlewares/Third_Party/LwIP/src/core/inet_chksum.c **** #if LWIP_IPV6
 580              		.loc 1 381 1 is_stmt 1 view -0
 581              		.cfi_startproc
 582              		@ args = 4, pretend = 0, frame = 0
 583              		@ frame_needed = 0, uses_anonymous_args = 0
 381:Middlewares/Third_Party/LwIP/src/core/inet_chksum.c **** #if LWIP_IPV6
 584              		.loc 1 381 1 is_stmt 0 view .LVU193
 585 0000 10B5     		push	{r4, lr}
 586              	.LCFI7:
 587              		.cfi_def_cfa_offset 8
 588              		.cfi_offset 4, -8
 589              		.cfi_offset 14, -4
 590 0002 82B0     		sub	sp, sp, #8
 591              	.LCFI8:
 592              		.cfi_def_cfa_offset 16
 392:Middlewares/Third_Party/LwIP/src/core/inet_chksum.c ****   }
 593              		.loc 1 392 5 is_stmt 1 view .LVU194
ARM GAS  /tmp/ccxPfkyI.s 			page 20


 392:Middlewares/Third_Party/LwIP/src/core/inet_chksum.c ****   }
 594              		.loc 1 392 12 is_stmt 0 view .LVU195
 595 0004 049C     		ldr	r4, [sp, #16]
 596 0006 0094     		str	r4, [sp]
 597 0008 FFF7FEFF 		bl	inet_chksum_pseudo
 598              	.LVL77:
 395:Middlewares/Third_Party/LwIP/src/core/inet_chksum.c **** 
 599              		.loc 1 395 1 view .LVU196
 600 000c 02B0     		add	sp, sp, #8
 601              	.LCFI9:
 602              		.cfi_def_cfa_offset 8
 603              		@ sp needed
 604 000e 10BD     		pop	{r4, pc}
 395:Middlewares/Third_Party/LwIP/src/core/inet_chksum.c **** 
 605              		.loc 1 395 1 view .LVU197
 606              		.cfi_endproc
 607              	.LFE170:
 609              		.section	.text.inet_chksum_pseudo_partial,"ax",%progbits
 610              		.align	1
 611              		.global	inet_chksum_pseudo_partial
 612              		.syntax unified
 613              		.thumb
 614              		.thumb_func
 616              	inet_chksum_pseudo_partial:
 617              	.LVL78:
 618              	.LFB172:
 441:Middlewares/Third_Party/LwIP/src/core/inet_chksum.c **** 
 442:Middlewares/Third_Party/LwIP/src/core/inet_chksum.c **** #if LWIP_IPV4
 443:Middlewares/Third_Party/LwIP/src/core/inet_chksum.c **** /* inet_chksum_pseudo_partial:
 444:Middlewares/Third_Party/LwIP/src/core/inet_chksum.c ****  *
 445:Middlewares/Third_Party/LwIP/src/core/inet_chksum.c ****  * Calculates the IPv4 pseudo Internet checksum used by TCP and UDP for a pbuf chain.
 446:Middlewares/Third_Party/LwIP/src/core/inet_chksum.c ****  * IP addresses are expected to be in network byte order.
 447:Middlewares/Third_Party/LwIP/src/core/inet_chksum.c ****  *
 448:Middlewares/Third_Party/LwIP/src/core/inet_chksum.c ****  * @param p chain of pbufs over that a checksum should be calculated (ip data part)
 449:Middlewares/Third_Party/LwIP/src/core/inet_chksum.c ****  * @param src source ip address (used for checksum of pseudo header)
 450:Middlewares/Third_Party/LwIP/src/core/inet_chksum.c ****  * @param dst destination ip address (used for checksum of pseudo header)
 451:Middlewares/Third_Party/LwIP/src/core/inet_chksum.c ****  * @param proto ip protocol (used for checksum of pseudo header)
 452:Middlewares/Third_Party/LwIP/src/core/inet_chksum.c ****  * @param proto_len length of the ip data part (used for checksum of pseudo header)
 453:Middlewares/Third_Party/LwIP/src/core/inet_chksum.c ****  * @return checksum (as u16_t) to be saved directly in the protocol header
 454:Middlewares/Third_Party/LwIP/src/core/inet_chksum.c ****  */
 455:Middlewares/Third_Party/LwIP/src/core/inet_chksum.c **** u16_t
 456:Middlewares/Third_Party/LwIP/src/core/inet_chksum.c **** inet_chksum_pseudo_partial(struct pbuf *p, u8_t proto, u16_t proto_len,
 457:Middlewares/Third_Party/LwIP/src/core/inet_chksum.c ****                            u16_t chksum_len, const ip4_addr_t *src, const ip4_addr_t *dest)
 458:Middlewares/Third_Party/LwIP/src/core/inet_chksum.c **** {
 619              		.loc 1 458 1 is_stmt 1 view -0
 620              		.cfi_startproc
 621              		@ args = 8, pretend = 0, frame = 0
 622              		@ frame_needed = 0, uses_anonymous_args = 0
 623              		.loc 1 458 1 is_stmt 0 view .LVU199
 624 0000 10B5     		push	{r4, lr}
 625              	.LCFI10:
 626              		.cfi_def_cfa_offset 8
 627              		.cfi_offset 4, -8
 628              		.cfi_offset 14, -4
 629 0002 82B0     		sub	sp, sp, #8
 630              	.LCFI11:
 631              		.cfi_def_cfa_offset 16
ARM GAS  /tmp/ccxPfkyI.s 			page 21


 459:Middlewares/Third_Party/LwIP/src/core/inet_chksum.c ****   u32_t acc;
 632              		.loc 1 459 3 is_stmt 1 view .LVU200
 460:Middlewares/Third_Party/LwIP/src/core/inet_chksum.c ****   u32_t addr;
 633              		.loc 1 460 3 view .LVU201
 461:Middlewares/Third_Party/LwIP/src/core/inet_chksum.c **** 
 462:Middlewares/Third_Party/LwIP/src/core/inet_chksum.c ****   addr = ip4_addr_get_u32(src);
 634              		.loc 1 462 3 view .LVU202
 635              		.loc 1 462 8 is_stmt 0 view .LVU203
 636 0004 049C     		ldr	r4, [sp, #16]
 637 0006 2468     		ldr	r4, [r4]
 638              	.LVL79:
 463:Middlewares/Third_Party/LwIP/src/core/inet_chksum.c ****   acc = (addr & 0xffffUL);
 639              		.loc 1 463 3 is_stmt 1 view .LVU204
 464:Middlewares/Third_Party/LwIP/src/core/inet_chksum.c ****   acc = (u32_t)(acc + ((addr >> 16) & 0xffffUL));
 640              		.loc 1 464 3 view .LVU205
 641              		.loc 1 464 30 is_stmt 0 view .LVU206
 642 0008 4FEA144C 		lsr	ip, r4, #16
 643              		.loc 1 464 7 view .LVU207
 644 000c 1CFA84FC 		uxtah	ip, ip, r4
 645              	.LVL80:
 465:Middlewares/Third_Party/LwIP/src/core/inet_chksum.c ****   addr = ip4_addr_get_u32(dest);
 646              		.loc 1 465 3 is_stmt 1 view .LVU208
 647              		.loc 1 465 8 is_stmt 0 view .LVU209
 648 0010 059C     		ldr	r4, [sp, #20]
 649              	.LVL81:
 650              		.loc 1 465 8 view .LVU210
 651 0012 2468     		ldr	r4, [r4]
 652              	.LVL82:
 466:Middlewares/Third_Party/LwIP/src/core/inet_chksum.c ****   acc = (u32_t)(acc + (addr & 0xffffUL));
 653              		.loc 1 466 3 is_stmt 1 view .LVU211
 654              		.loc 1 466 7 is_stmt 0 view .LVU212
 655 0014 1CFA84FC 		uxtah	ip, ip, r4
 656              	.LVL83:
 467:Middlewares/Third_Party/LwIP/src/core/inet_chksum.c ****   acc = (u32_t)(acc + ((addr >> 16) & 0xffffUL));
 657              		.loc 1 467 3 is_stmt 1 view .LVU213
 658              		.loc 1 467 7 is_stmt 0 view .LVU214
 659 0018 0CEB144C 		add	ip, ip, r4, lsr #16
 660              	.LVL84:
 468:Middlewares/Third_Party/LwIP/src/core/inet_chksum.c ****   /* fold down to 16 bits */
 469:Middlewares/Third_Party/LwIP/src/core/inet_chksum.c ****   acc = FOLD_U32T(acc);
 661              		.loc 1 469 3 is_stmt 1 view .LVU215
 662              		.loc 1 469 9 is_stmt 0 view .LVU216
 663 001c 1FFA8CF4 		uxth	r4, ip
 664              	.LVL85:
 665              		.loc 1 469 7 view .LVU217
 666 0020 04EB1C4C 		add	ip, r4, ip, lsr #16
 667              	.LVL86:
 470:Middlewares/Third_Party/LwIP/src/core/inet_chksum.c ****   acc = FOLD_U32T(acc);
 668              		.loc 1 470 3 is_stmt 1 view .LVU218
 669              		.loc 1 470 9 is_stmt 0 view .LVU219
 670 0024 1FFA8CF4 		uxth	r4, ip
 671              		.loc 1 470 7 view .LVU220
 672 0028 04EB1C44 		add	r4, r4, ip, lsr #16
 673              	.LVL87:
 471:Middlewares/Third_Party/LwIP/src/core/inet_chksum.c **** 
 472:Middlewares/Third_Party/LwIP/src/core/inet_chksum.c ****   return inet_cksum_pseudo_partial_base(p, proto, proto_len, chksum_len, acc);
 674              		.loc 1 472 3 is_stmt 1 view .LVU221
ARM GAS  /tmp/ccxPfkyI.s 			page 22


 675              		.loc 1 472 10 is_stmt 0 view .LVU222
 676 002c 0094     		str	r4, [sp]
 677              	.LVL88:
 678              		.loc 1 472 10 view .LVU223
 679 002e FFF7FEFF 		bl	inet_cksum_pseudo_partial_base
 680              	.LVL89:
 473:Middlewares/Third_Party/LwIP/src/core/inet_chksum.c **** }
 681              		.loc 1 473 1 view .LVU224
 682 0032 02B0     		add	sp, sp, #8
 683              	.LCFI12:
 684              		.cfi_def_cfa_offset 8
 685              		@ sp needed
 686 0034 10BD     		pop	{r4, pc}
 687              		.loc 1 473 1 view .LVU225
 688              		.cfi_endproc
 689              	.LFE172:
 691              		.section	.text.ip_chksum_pseudo_partial,"ax",%progbits
 692              		.align	1
 693              		.global	ip_chksum_pseudo_partial
 694              		.syntax unified
 695              		.thumb
 696              		.thumb_func
 698              	ip_chksum_pseudo_partial:
 699              	.LVL90:
 700              	.LFB173:
 474:Middlewares/Third_Party/LwIP/src/core/inet_chksum.c **** #endif /* LWIP_IPV4 */
 475:Middlewares/Third_Party/LwIP/src/core/inet_chksum.c **** 
 476:Middlewares/Third_Party/LwIP/src/core/inet_chksum.c **** #if LWIP_IPV6
 477:Middlewares/Third_Party/LwIP/src/core/inet_chksum.c **** /**
 478:Middlewares/Third_Party/LwIP/src/core/inet_chksum.c ****  * Calculates the checksum with IPv6 pseudo header used by TCP and UDP for a pbuf chain.
 479:Middlewares/Third_Party/LwIP/src/core/inet_chksum.c ****  * IPv6 addresses are expected to be in network byte order. Will only compute for a
 480:Middlewares/Third_Party/LwIP/src/core/inet_chksum.c ****  * portion of the payload.
 481:Middlewares/Third_Party/LwIP/src/core/inet_chksum.c ****  *
 482:Middlewares/Third_Party/LwIP/src/core/inet_chksum.c ****  * @param p chain of pbufs over that a checksum should be calculated (ip data part)
 483:Middlewares/Third_Party/LwIP/src/core/inet_chksum.c ****  * @param proto ipv6 protocol/next header (used for checksum of pseudo header)
 484:Middlewares/Third_Party/LwIP/src/core/inet_chksum.c ****  * @param proto_len length of the ipv6 payload (used for checksum of pseudo header)
 485:Middlewares/Third_Party/LwIP/src/core/inet_chksum.c ****  * @param chksum_len number of payload bytes used to compute chksum
 486:Middlewares/Third_Party/LwIP/src/core/inet_chksum.c ****  * @param src source ipv6 address (used for checksum of pseudo header)
 487:Middlewares/Third_Party/LwIP/src/core/inet_chksum.c ****  * @param dest destination ipv6 address (used for checksum of pseudo header)
 488:Middlewares/Third_Party/LwIP/src/core/inet_chksum.c ****  * @return checksum (as u16_t) to be saved directly in the protocol header
 489:Middlewares/Third_Party/LwIP/src/core/inet_chksum.c ****  */
 490:Middlewares/Third_Party/LwIP/src/core/inet_chksum.c **** u16_t
 491:Middlewares/Third_Party/LwIP/src/core/inet_chksum.c **** ip6_chksum_pseudo_partial(struct pbuf *p, u8_t proto, u16_t proto_len,
 492:Middlewares/Third_Party/LwIP/src/core/inet_chksum.c ****                           u16_t chksum_len, const ip6_addr_t *src, const ip6_addr_t *dest)
 493:Middlewares/Third_Party/LwIP/src/core/inet_chksum.c **** {
 494:Middlewares/Third_Party/LwIP/src/core/inet_chksum.c ****   u32_t acc = 0;
 495:Middlewares/Third_Party/LwIP/src/core/inet_chksum.c ****   u32_t addr;
 496:Middlewares/Third_Party/LwIP/src/core/inet_chksum.c ****   u8_t addr_part;
 497:Middlewares/Third_Party/LwIP/src/core/inet_chksum.c **** 
 498:Middlewares/Third_Party/LwIP/src/core/inet_chksum.c ****   for (addr_part = 0; addr_part < 4; addr_part++) {
 499:Middlewares/Third_Party/LwIP/src/core/inet_chksum.c ****     addr = src->addr[addr_part];
 500:Middlewares/Third_Party/LwIP/src/core/inet_chksum.c ****     acc = (u32_t)(acc + (addr & 0xffffUL));
 501:Middlewares/Third_Party/LwIP/src/core/inet_chksum.c ****     acc = (u32_t)(acc + ((addr >> 16) & 0xffffUL));
 502:Middlewares/Third_Party/LwIP/src/core/inet_chksum.c ****     addr = dest->addr[addr_part];
 503:Middlewares/Third_Party/LwIP/src/core/inet_chksum.c ****     acc = (u32_t)(acc + (addr & 0xffffUL));
 504:Middlewares/Third_Party/LwIP/src/core/inet_chksum.c ****     acc = (u32_t)(acc + ((addr >> 16) & 0xffffUL));
 505:Middlewares/Third_Party/LwIP/src/core/inet_chksum.c ****   }
ARM GAS  /tmp/ccxPfkyI.s 			page 23


 506:Middlewares/Third_Party/LwIP/src/core/inet_chksum.c ****   /* fold down to 16 bits */
 507:Middlewares/Third_Party/LwIP/src/core/inet_chksum.c ****   acc = FOLD_U32T(acc);
 508:Middlewares/Third_Party/LwIP/src/core/inet_chksum.c ****   acc = FOLD_U32T(acc);
 509:Middlewares/Third_Party/LwIP/src/core/inet_chksum.c **** 
 510:Middlewares/Third_Party/LwIP/src/core/inet_chksum.c ****   return inet_cksum_pseudo_partial_base(p, proto, proto_len, chksum_len, acc);
 511:Middlewares/Third_Party/LwIP/src/core/inet_chksum.c **** }
 512:Middlewares/Third_Party/LwIP/src/core/inet_chksum.c **** #endif /* LWIP_IPV6 */
 513:Middlewares/Third_Party/LwIP/src/core/inet_chksum.c **** 
 514:Middlewares/Third_Party/LwIP/src/core/inet_chksum.c **** /* ip_chksum_pseudo_partial:
 515:Middlewares/Third_Party/LwIP/src/core/inet_chksum.c ****  *
 516:Middlewares/Third_Party/LwIP/src/core/inet_chksum.c ****  * Calculates the IPv4 or IPv6 pseudo Internet checksum used by TCP and UDP for a pbuf chain.
 517:Middlewares/Third_Party/LwIP/src/core/inet_chksum.c ****  *
 518:Middlewares/Third_Party/LwIP/src/core/inet_chksum.c ****  * @param p chain of pbufs over that a checksum should be calculated (ip data part)
 519:Middlewares/Third_Party/LwIP/src/core/inet_chksum.c ****  * @param src source ip address (used for checksum of pseudo header)
 520:Middlewares/Third_Party/LwIP/src/core/inet_chksum.c ****  * @param dst destination ip address (used for checksum of pseudo header)
 521:Middlewares/Third_Party/LwIP/src/core/inet_chksum.c ****  * @param proto ip protocol (used for checksum of pseudo header)
 522:Middlewares/Third_Party/LwIP/src/core/inet_chksum.c ****  * @param proto_len length of the ip data part (used for checksum of pseudo header)
 523:Middlewares/Third_Party/LwIP/src/core/inet_chksum.c ****  * @return checksum (as u16_t) to be saved directly in the protocol header
 524:Middlewares/Third_Party/LwIP/src/core/inet_chksum.c ****  */
 525:Middlewares/Third_Party/LwIP/src/core/inet_chksum.c **** u16_t
 526:Middlewares/Third_Party/LwIP/src/core/inet_chksum.c **** ip_chksum_pseudo_partial(struct pbuf *p, u8_t proto, u16_t proto_len,
 527:Middlewares/Third_Party/LwIP/src/core/inet_chksum.c ****                          u16_t chksum_len, const ip_addr_t *src, const ip_addr_t *dest)
 528:Middlewares/Third_Party/LwIP/src/core/inet_chksum.c **** {
 701              		.loc 1 528 1 is_stmt 1 view -0
 702              		.cfi_startproc
 703              		@ args = 8, pretend = 0, frame = 0
 704              		@ frame_needed = 0, uses_anonymous_args = 0
 705              		.loc 1 528 1 is_stmt 0 view .LVU227
 706 0000 10B5     		push	{r4, lr}
 707              	.LCFI13:
 708              		.cfi_def_cfa_offset 8
 709              		.cfi_offset 4, -8
 710              		.cfi_offset 14, -4
 711 0002 82B0     		sub	sp, sp, #8
 712              	.LCFI14:
 713              		.cfi_def_cfa_offset 16
 529:Middlewares/Third_Party/LwIP/src/core/inet_chksum.c **** #if LWIP_IPV6
 530:Middlewares/Third_Party/LwIP/src/core/inet_chksum.c ****   if (IP_IS_V6(dest)) {
 531:Middlewares/Third_Party/LwIP/src/core/inet_chksum.c ****     return ip6_chksum_pseudo_partial(p, proto, proto_len, chksum_len, ip_2_ip6(src), ip_2_ip6(dest)
 532:Middlewares/Third_Party/LwIP/src/core/inet_chksum.c ****   }
 533:Middlewares/Third_Party/LwIP/src/core/inet_chksum.c **** #endif /* LWIP_IPV6 */
 534:Middlewares/Third_Party/LwIP/src/core/inet_chksum.c **** #if LWIP_IPV4 && LWIP_IPV6
 535:Middlewares/Third_Party/LwIP/src/core/inet_chksum.c ****   else
 536:Middlewares/Third_Party/LwIP/src/core/inet_chksum.c **** #endif /* LWIP_IPV4 && LWIP_IPV6 */
 537:Middlewares/Third_Party/LwIP/src/core/inet_chksum.c **** #if LWIP_IPV4
 538:Middlewares/Third_Party/LwIP/src/core/inet_chksum.c ****   {
 539:Middlewares/Third_Party/LwIP/src/core/inet_chksum.c ****     return inet_chksum_pseudo_partial(p, proto, proto_len, chksum_len, ip_2_ip4(src), ip_2_ip4(dest
 714              		.loc 1 539 5 is_stmt 1 view .LVU228
 715              		.loc 1 539 12 is_stmt 0 view .LVU229
 716 0004 059C     		ldr	r4, [sp, #20]
 717 0006 0194     		str	r4, [sp, #4]
 718 0008 049C     		ldr	r4, [sp, #16]
 719 000a 0094     		str	r4, [sp]
 720 000c FFF7FEFF 		bl	inet_chksum_pseudo_partial
 721              	.LVL91:
 540:Middlewares/Third_Party/LwIP/src/core/inet_chksum.c ****   }
 541:Middlewares/Third_Party/LwIP/src/core/inet_chksum.c **** #endif /* LWIP_IPV4 */
ARM GAS  /tmp/ccxPfkyI.s 			page 24


 542:Middlewares/Third_Party/LwIP/src/core/inet_chksum.c **** }
 722              		.loc 1 542 1 view .LVU230
 723 0010 02B0     		add	sp, sp, #8
 724              	.LCFI15:
 725              		.cfi_def_cfa_offset 8
 726              		@ sp needed
 727 0012 10BD     		pop	{r4, pc}
 728              		.loc 1 542 1 view .LVU231
 729              		.cfi_endproc
 730              	.LFE173:
 732              		.section	.text.inet_chksum,"ax",%progbits
 733              		.align	1
 734              		.global	inet_chksum
 735              		.syntax unified
 736              		.thumb
 737              		.thumb_func
 739              	inet_chksum:
 740              	.LVL92:
 741              	.LFB174:
 543:Middlewares/Third_Party/LwIP/src/core/inet_chksum.c **** 
 544:Middlewares/Third_Party/LwIP/src/core/inet_chksum.c **** /* inet_chksum:
 545:Middlewares/Third_Party/LwIP/src/core/inet_chksum.c ****  *
 546:Middlewares/Third_Party/LwIP/src/core/inet_chksum.c ****  * Calculates the Internet checksum over a portion of memory. Used primarily for IP
 547:Middlewares/Third_Party/LwIP/src/core/inet_chksum.c ****  * and ICMP.
 548:Middlewares/Third_Party/LwIP/src/core/inet_chksum.c ****  *
 549:Middlewares/Third_Party/LwIP/src/core/inet_chksum.c ****  * @param dataptr start of the buffer to calculate the checksum (no alignment needed)
 550:Middlewares/Third_Party/LwIP/src/core/inet_chksum.c ****  * @param len length of the buffer to calculate the checksum
 551:Middlewares/Third_Party/LwIP/src/core/inet_chksum.c ****  * @return checksum (as u16_t) to be saved directly in the protocol header
 552:Middlewares/Third_Party/LwIP/src/core/inet_chksum.c ****  */
 553:Middlewares/Third_Party/LwIP/src/core/inet_chksum.c **** 
 554:Middlewares/Third_Party/LwIP/src/core/inet_chksum.c **** u16_t
 555:Middlewares/Third_Party/LwIP/src/core/inet_chksum.c **** inet_chksum(const void *dataptr, u16_t len)
 556:Middlewares/Third_Party/LwIP/src/core/inet_chksum.c **** {
 742              		.loc 1 556 1 is_stmt 1 view -0
 743              		.cfi_startproc
 744              		@ args = 0, pretend = 0, frame = 0
 745              		@ frame_needed = 0, uses_anonymous_args = 0
 746              		.loc 1 556 1 is_stmt 0 view .LVU233
 747 0000 08B5     		push	{r3, lr}
 748              	.LCFI16:
 749              		.cfi_def_cfa_offset 8
 750              		.cfi_offset 3, -8
 751              		.cfi_offset 14, -4
 557:Middlewares/Third_Party/LwIP/src/core/inet_chksum.c ****   return (u16_t)~(unsigned int)LWIP_CHKSUM(dataptr, len);
 752              		.loc 1 557 3 is_stmt 1 view .LVU234
 753              		.loc 1 557 32 is_stmt 0 view .LVU235
 754 0002 FFF7FEFF 		bl	lwip_standard_chksum
 755              	.LVL93:
 756              		.loc 1 557 10 view .LVU236
 757 0006 C043     		mvns	r0, r0
 558:Middlewares/Third_Party/LwIP/src/core/inet_chksum.c **** }
 758              		.loc 1 558 1 view .LVU237
 759 0008 80B2     		uxth	r0, r0
 760 000a 08BD     		pop	{r3, pc}
 761              		.cfi_endproc
 762              	.LFE174:
 764              		.section	.text.inet_chksum_pbuf,"ax",%progbits
ARM GAS  /tmp/ccxPfkyI.s 			page 25


 765              		.align	1
 766              		.global	inet_chksum_pbuf
 767              		.syntax unified
 768              		.thumb
 769              		.thumb_func
 771              	inet_chksum_pbuf:
 772              	.LVL94:
 773              	.LFB175:
 559:Middlewares/Third_Party/LwIP/src/core/inet_chksum.c **** 
 560:Middlewares/Third_Party/LwIP/src/core/inet_chksum.c **** /**
 561:Middlewares/Third_Party/LwIP/src/core/inet_chksum.c ****  * Calculate a checksum over a chain of pbufs (without pseudo-header, much like
 562:Middlewares/Third_Party/LwIP/src/core/inet_chksum.c ****  * inet_chksum only pbufs are used).
 563:Middlewares/Third_Party/LwIP/src/core/inet_chksum.c ****  *
 564:Middlewares/Third_Party/LwIP/src/core/inet_chksum.c ****  * @param p pbuf chain over that the checksum should be calculated
 565:Middlewares/Third_Party/LwIP/src/core/inet_chksum.c ****  * @return checksum (as u16_t) to be saved directly in the protocol header
 566:Middlewares/Third_Party/LwIP/src/core/inet_chksum.c ****  */
 567:Middlewares/Third_Party/LwIP/src/core/inet_chksum.c **** u16_t
 568:Middlewares/Third_Party/LwIP/src/core/inet_chksum.c **** inet_chksum_pbuf(struct pbuf *p)
 569:Middlewares/Third_Party/LwIP/src/core/inet_chksum.c **** {
 774              		.loc 1 569 1 is_stmt 1 view -0
 775              		.cfi_startproc
 776              		@ args = 0, pretend = 0, frame = 0
 777              		@ frame_needed = 0, uses_anonymous_args = 0
 778              		.loc 1 569 1 is_stmt 0 view .LVU239
 779 0000 70B5     		push	{r4, r5, r6, lr}
 780              	.LCFI17:
 781              		.cfi_def_cfa_offset 16
 782              		.cfi_offset 4, -16
 783              		.cfi_offset 5, -12
 784              		.cfi_offset 6, -8
 785              		.cfi_offset 14, -4
 786 0002 0546     		mov	r5, r0
 570:Middlewares/Third_Party/LwIP/src/core/inet_chksum.c ****   u32_t acc;
 787              		.loc 1 570 3 is_stmt 1 view .LVU240
 571:Middlewares/Third_Party/LwIP/src/core/inet_chksum.c ****   struct pbuf *q;
 788              		.loc 1 571 3 view .LVU241
 572:Middlewares/Third_Party/LwIP/src/core/inet_chksum.c ****   int swapped = 0;
 789              		.loc 1 572 3 view .LVU242
 790              	.LVL95:
 573:Middlewares/Third_Party/LwIP/src/core/inet_chksum.c **** 
 574:Middlewares/Third_Party/LwIP/src/core/inet_chksum.c ****   acc = 0;
 791              		.loc 1 574 3 view .LVU243
 575:Middlewares/Third_Party/LwIP/src/core/inet_chksum.c ****   for (q = p; q != NULL; q = q->next) {
 792              		.loc 1 575 3 view .LVU244
 572:Middlewares/Third_Party/LwIP/src/core/inet_chksum.c ****   int swapped = 0;
 793              		.loc 1 572 7 is_stmt 0 view .LVU245
 794 0004 0026     		movs	r6, #0
 574:Middlewares/Third_Party/LwIP/src/core/inet_chksum.c ****   for (q = p; q != NULL; q = q->next) {
 795              		.loc 1 574 7 view .LVU246
 796 0006 3446     		mov	r4, r6
 797              		.loc 1 575 3 view .LVU247
 798 0008 00E0     		b	.L39
 799              	.LVL96:
 800              	.L40:
 801              		.loc 1 575 26 is_stmt 1 discriminator 2 view .LVU248
 802              		.loc 1 575 28 is_stmt 0 discriminator 2 view .LVU249
 803 000a 2D68     		ldr	r5, [r5]
ARM GAS  /tmp/ccxPfkyI.s 			page 26


 804              	.LVL97:
 805              	.L39:
 806              		.loc 1 575 15 is_stmt 1 discriminator 1 view .LVU250
 807              		.loc 1 575 3 is_stmt 0 discriminator 1 view .LVU251
 808 000c 9DB1     		cbz	r5, .L44
 576:Middlewares/Third_Party/LwIP/src/core/inet_chksum.c ****     acc += LWIP_CHKSUM(q->payload, q->len);
 809              		.loc 1 576 5 is_stmt 1 view .LVU252
 810              		.loc 1 576 12 is_stmt 0 view .LVU253
 811 000e 6989     		ldrh	r1, [r5, #10]
 812 0010 6868     		ldr	r0, [r5, #4]
 813 0012 FFF7FEFF 		bl	lwip_standard_chksum
 814              	.LVL98:
 815              		.loc 1 576 9 view .LVU254
 816 0016 0444     		add	r4, r4, r0
 817              	.LVL99:
 577:Middlewares/Third_Party/LwIP/src/core/inet_chksum.c ****     acc = FOLD_U32T(acc);
 818              		.loc 1 577 5 is_stmt 1 view .LVU255
 819              		.loc 1 577 11 is_stmt 0 view .LVU256
 820 0018 A0B2     		uxth	r0, r4
 821              		.loc 1 577 9 view .LVU257
 822 001a 00EB1444 		add	r4, r0, r4, lsr #16
 823              	.LVL100:
 578:Middlewares/Third_Party/LwIP/src/core/inet_chksum.c ****     if (q->len % 2 != 0) {
 824              		.loc 1 578 5 is_stmt 1 view .LVU258
 825              		.loc 1 578 10 is_stmt 0 view .LVU259
 826 001e 6B89     		ldrh	r3, [r5, #10]
 827              		.loc 1 578 8 view .LVU260
 828 0020 13F0010F 		tst	r3, #1
 829 0024 F1D0     		beq	.L40
 579:Middlewares/Third_Party/LwIP/src/core/inet_chksum.c ****       swapped = !swapped;
 830              		.loc 1 579 7 is_stmt 1 view .LVU261
 831              		.loc 1 579 17 is_stmt 0 view .LVU262
 832 0026 86F00106 		eor	r6, r6, #1
 833              	.LVL101:
 580:Middlewares/Third_Party/LwIP/src/core/inet_chksum.c ****       acc = SWAP_BYTES_IN_WORD(acc);
 834              		.loc 1 580 7 is_stmt 1 view .LVU263
 835              		.loc 1 580 13 is_stmt 0 view .LVU264
 836 002a 2302     		lsls	r3, r4, #8
 837 002c 9BB2     		uxth	r3, r3
 838 002e C4F30724 		ubfx	r4, r4, #8, #8
 839              	.LVL102:
 840              		.loc 1 580 11 view .LVU265
 841 0032 1C43     		orrs	r4, r4, r3
 842              	.LVL103:
 843              		.loc 1 580 11 view .LVU266
 844 0034 E9E7     		b	.L40
 845              	.L44:
 581:Middlewares/Third_Party/LwIP/src/core/inet_chksum.c ****     }
 582:Middlewares/Third_Party/LwIP/src/core/inet_chksum.c ****   }
 583:Middlewares/Third_Party/LwIP/src/core/inet_chksum.c **** 
 584:Middlewares/Third_Party/LwIP/src/core/inet_chksum.c ****   if (swapped) {
 846              		.loc 1 584 3 is_stmt 1 view .LVU267
 847              		.loc 1 584 6 is_stmt 0 view .LVU268
 848 0036 26B1     		cbz	r6, .L42
 585:Middlewares/Third_Party/LwIP/src/core/inet_chksum.c ****     acc = SWAP_BYTES_IN_WORD(acc);
 849              		.loc 1 585 5 is_stmt 1 view .LVU269
 850              		.loc 1 585 11 is_stmt 0 view .LVU270
ARM GAS  /tmp/ccxPfkyI.s 			page 27


 851 0038 2302     		lsls	r3, r4, #8
 852 003a 9BB2     		uxth	r3, r3
 853 003c C4F30724 		ubfx	r4, r4, #8, #8
 854              	.LVL104:
 855              		.loc 1 585 9 view .LVU271
 856 0040 1C43     		orrs	r4, r4, r3
 857              	.LVL105:
 858              	.L42:
 586:Middlewares/Third_Party/LwIP/src/core/inet_chksum.c ****   }
 587:Middlewares/Third_Party/LwIP/src/core/inet_chksum.c ****   return (u16_t)~(acc & 0xffffUL);
 859              		.loc 1 587 3 is_stmt 1 view .LVU272
 860              		.loc 1 587 10 is_stmt 0 view .LVU273
 861 0042 E043     		mvns	r0, r4
 588:Middlewares/Third_Party/LwIP/src/core/inet_chksum.c **** }
 862              		.loc 1 588 1 view .LVU274
 863 0044 80B2     		uxth	r0, r0
 864 0046 70BD     		pop	{r4, r5, r6, pc}
 865              		.loc 1 588 1 view .LVU275
 866              		.cfi_endproc
 867              	.LFE175:
 869              		.text
 870              	.Letext0:
 871              		.file 2 "/usr/share/gcc-arm-none-eabi-10.3-2021.10/arm-none-eabi/include/machine/_default_types.h"
 872              		.file 3 "/usr/share/gcc-arm-none-eabi-10.3-2021.10/arm-none-eabi/include/sys/_stdint.h"
 873              		.file 4 "Middlewares/Third_Party/LwIP/src/include/lwip/arch.h"
 874              		.file 5 "Middlewares/Third_Party/LwIP/src/include/lwip/pbuf.h"
 875              		.file 6 "Middlewares/Third_Party/LwIP/src/include/lwip/ip4_addr.h"
 876              		.file 7 "Middlewares/Third_Party/LwIP/src/include/lwip/ip_addr.h"
 877              		.file 8 "/usr/share/gcc-arm-none-eabi-10.3-2021.10/arm-none-eabi/include/stdio.h"
 878              		.file 9 "Middlewares/Third_Party/LwIP/src/include/lwip/def.h"
ARM GAS  /tmp/ccxPfkyI.s 			page 28


DEFINED SYMBOLS
                            *ABS*:0000000000000000 inet_chksum.c
     /tmp/ccxPfkyI.s:20     .text.lwip_standard_chksum:0000000000000000 $t
     /tmp/ccxPfkyI.s:26     .text.lwip_standard_chksum:0000000000000000 lwip_standard_chksum
     /tmp/ccxPfkyI.s:164    .text.inet_cksum_pseudo_base:0000000000000000 $t
     /tmp/ccxPfkyI.s:169    .text.inet_cksum_pseudo_base:0000000000000000 inet_cksum_pseudo_base
     /tmp/ccxPfkyI.s:302    .rodata.inet_cksum_pseudo_partial_base.str1.4:0000000000000000 $d
     /tmp/ccxPfkyI.s:313    .text.inet_cksum_pseudo_partial_base:0000000000000000 $t
     /tmp/ccxPfkyI.s:318    .text.inet_cksum_pseudo_partial_base:0000000000000000 inet_cksum_pseudo_partial_base
     /tmp/ccxPfkyI.s:495    .text.inet_cksum_pseudo_partial_base:00000000000000a0 $d
     /tmp/ccxPfkyI.s:502    .text.inet_chksum_pseudo:0000000000000000 $t
     /tmp/ccxPfkyI.s:508    .text.inet_chksum_pseudo:0000000000000000 inet_chksum_pseudo
     /tmp/ccxPfkyI.s:571    .text.ip_chksum_pseudo:0000000000000000 $t
     /tmp/ccxPfkyI.s:577    .text.ip_chksum_pseudo:0000000000000000 ip_chksum_pseudo
     /tmp/ccxPfkyI.s:610    .text.inet_chksum_pseudo_partial:0000000000000000 $t
     /tmp/ccxPfkyI.s:616    .text.inet_chksum_pseudo_partial:0000000000000000 inet_chksum_pseudo_partial
     /tmp/ccxPfkyI.s:692    .text.ip_chksum_pseudo_partial:0000000000000000 $t
     /tmp/ccxPfkyI.s:698    .text.ip_chksum_pseudo_partial:0000000000000000 ip_chksum_pseudo_partial
     /tmp/ccxPfkyI.s:733    .text.inet_chksum:0000000000000000 $t
     /tmp/ccxPfkyI.s:739    .text.inet_chksum:0000000000000000 inet_chksum
     /tmp/ccxPfkyI.s:765    .text.inet_chksum_pbuf:0000000000000000 $t
     /tmp/ccxPfkyI.s:771    .text.inet_chksum_pbuf:0000000000000000 inet_chksum_pbuf

UNDEFINED SYMBOLS
lwip_htons
printf
