ARM GAS  /tmp/ccpzw8tg.s 			page 1


   1              		.cpu cortex-m7
   2              		.arch armv7e-m
   3              		.fpu fpv5-sp-d16
   4              		.eabi_attribute 27, 1
   5              		.eabi_attribute 28, 1
   6              		.eabi_attribute 20, 1
   7              		.eabi_attribute 21, 1
   8              		.eabi_attribute 23, 3
   9              		.eabi_attribute 24, 1
  10              		.eabi_attribute 25, 1
  11              		.eabi_attribute 26, 1
  12              		.eabi_attribute 30, 1
  13              		.eabi_attribute 34, 1
  14              		.eabi_attribute 18, 4
  15              		.file	"lwip.c"
  16              		.text
  17              	.Ltext0:
  18              		.cfi_sections	.debug_frame
  19              		.section	.text.MX_LWIP_Init,"ax",%progbits
  20              		.align	1
  21              		.global	MX_LWIP_Init
  22              		.syntax unified
  23              		.thumb
  24              		.thumb_func
  26              	MX_LWIP_Init:
  27              	.LFB167:
  28              		.file 1 "LWIP/App/lwip.c"
   1:LWIP/App/lwip.c **** /**
   2:LWIP/App/lwip.c ****  ******************************************************************************
   3:LWIP/App/lwip.c ****   * File Name          : LWIP.c
   4:LWIP/App/lwip.c ****   * Description        : This file provides initialization code for LWIP
   5:LWIP/App/lwip.c ****   *                      middleWare.
   6:LWIP/App/lwip.c ****   ******************************************************************************
   7:LWIP/App/lwip.c ****   * @attention
   8:LWIP/App/lwip.c ****   *
   9:LWIP/App/lwip.c ****   * <h2><center>&copy; Copyright (c) 2022 STMicroelectronics.
  10:LWIP/App/lwip.c ****   * All rights reserved.</center></h2>
  11:LWIP/App/lwip.c ****   *
  12:LWIP/App/lwip.c ****   * This software component is licensed by ST under Ultimate Liberty license
  13:LWIP/App/lwip.c ****   * SLA0044, the "License"; You may not use this file except in compliance with
  14:LWIP/App/lwip.c ****   * the License. You may obtain a copy of the License at:
  15:LWIP/App/lwip.c ****   *                             www.st.com/SLA0044
  16:LWIP/App/lwip.c ****   *
  17:LWIP/App/lwip.c ****   ******************************************************************************
  18:LWIP/App/lwip.c ****   */
  19:LWIP/App/lwip.c **** 
  20:LWIP/App/lwip.c **** /* Includes ------------------------------------------------------------------*/
  21:LWIP/App/lwip.c **** #include "lwip.h"
  22:LWIP/App/lwip.c **** #include "lwip/init.h"
  23:LWIP/App/lwip.c **** #include "lwip/netif.h"
  24:LWIP/App/lwip.c **** #if defined ( __CC_ARM )  /* MDK ARM Compiler */
  25:LWIP/App/lwip.c **** #include "lwip/sio.h"
  26:LWIP/App/lwip.c **** #endif /* MDK ARM Compiler */
  27:LWIP/App/lwip.c **** #include "ethernetif.h"
  28:LWIP/App/lwip.c **** 
  29:LWIP/App/lwip.c **** /* USER CODE BEGIN 0 */
  30:LWIP/App/lwip.c **** 
ARM GAS  /tmp/ccpzw8tg.s 			page 2


  31:LWIP/App/lwip.c **** /* USER CODE END 0 */
  32:LWIP/App/lwip.c **** /* Private function prototypes -----------------------------------------------*/
  33:LWIP/App/lwip.c **** /* ETH Variables initialization ----------------------------------------------*/
  34:LWIP/App/lwip.c **** void Error_Handler(void);
  35:LWIP/App/lwip.c **** 
  36:LWIP/App/lwip.c **** /* USER CODE BEGIN 1 */
  37:LWIP/App/lwip.c **** 
  38:LWIP/App/lwip.c **** /* USER CODE END 1 */
  39:LWIP/App/lwip.c **** 
  40:LWIP/App/lwip.c **** /* Variables Initialization */
  41:LWIP/App/lwip.c **** struct netif gnetif;
  42:LWIP/App/lwip.c **** ip4_addr_t ipaddr;
  43:LWIP/App/lwip.c **** ip4_addr_t netmask;
  44:LWIP/App/lwip.c **** ip4_addr_t gw;
  45:LWIP/App/lwip.c **** uint8_t IP_ADDRESS[4];
  46:LWIP/App/lwip.c **** uint8_t NETMASK_ADDRESS[4];
  47:LWIP/App/lwip.c **** uint8_t GATEWAY_ADDRESS[4];
  48:LWIP/App/lwip.c **** 
  49:LWIP/App/lwip.c **** /* USER CODE BEGIN 2 */
  50:LWIP/App/lwip.c **** 
  51:LWIP/App/lwip.c **** /* USER CODE END 2 */
  52:LWIP/App/lwip.c **** 
  53:LWIP/App/lwip.c **** /**
  54:LWIP/App/lwip.c ****   * LwIP initialization function
  55:LWIP/App/lwip.c ****   */
  56:LWIP/App/lwip.c **** void MX_LWIP_Init(void)
  57:LWIP/App/lwip.c **** {
  29              		.loc 1 57 1 view -0
  30              		.cfi_startproc
  31              		@ args = 0, pretend = 0, frame = 0
  32              		@ frame_needed = 0, uses_anonymous_args = 0
  33 0000 F0B5     		push	{r4, r5, r6, r7, lr}
  34              	.LCFI0:
  35              		.cfi_def_cfa_offset 20
  36              		.cfi_offset 4, -20
  37              		.cfi_offset 5, -16
  38              		.cfi_offset 6, -12
  39              		.cfi_offset 7, -8
  40              		.cfi_offset 14, -4
  41 0002 85B0     		sub	sp, sp, #20
  42              	.LCFI1:
  43              		.cfi_def_cfa_offset 40
  58:LWIP/App/lwip.c ****   /* IP addresses initialization */
  59:LWIP/App/lwip.c ****   IP_ADDRESS[0] = 192;
  44              		.loc 1 59 3 view .LVU1
  45              		.loc 1 59 17 is_stmt 0 view .LVU2
  46 0004 3C4F     		ldr	r7, .L5
  47 0006 C020     		movs	r0, #192
  48 0008 3870     		strb	r0, [r7]
  60:LWIP/App/lwip.c ****   IP_ADDRESS[1] = 168;
  49              		.loc 1 60 3 is_stmt 1 view .LVU3
  50              		.loc 1 60 17 is_stmt 0 view .LVU4
  51 000a A821     		movs	r1, #168
  52 000c 7970     		strb	r1, [r7, #1]
  61:LWIP/App/lwip.c ****   IP_ADDRESS[2] = 1;
  53              		.loc 1 61 3 is_stmt 1 view .LVU5
  54              		.loc 1 61 17 is_stmt 0 view .LVU6
ARM GAS  /tmp/ccpzw8tg.s 			page 3


  55 000e 0123     		movs	r3, #1
  56 0010 BB70     		strb	r3, [r7, #2]
  62:LWIP/App/lwip.c ****   IP_ADDRESS[3] = 254;
  57              		.loc 1 62 3 is_stmt 1 view .LVU7
  58              		.loc 1 62 17 is_stmt 0 view .LVU8
  59 0012 FE22     		movs	r2, #254
  60 0014 FA70     		strb	r2, [r7, #3]
  63:LWIP/App/lwip.c ****   NETMASK_ADDRESS[0] = 255;
  61              		.loc 1 63 3 is_stmt 1 view .LVU9
  62              		.loc 1 63 22 is_stmt 0 view .LVU10
  63 0016 394E     		ldr	r6, .L5+4
  64 0018 FF22     		movs	r2, #255
  65 001a 3270     		strb	r2, [r6]
  64:LWIP/App/lwip.c ****   NETMASK_ADDRESS[1] = 255;
  66              		.loc 1 64 3 is_stmt 1 view .LVU11
  67              		.loc 1 64 22 is_stmt 0 view .LVU12
  68 001c 7270     		strb	r2, [r6, #1]
  65:LWIP/App/lwip.c ****   NETMASK_ADDRESS[2] = 255;
  69              		.loc 1 65 3 is_stmt 1 view .LVU13
  70              		.loc 1 65 22 is_stmt 0 view .LVU14
  71 001e B270     		strb	r2, [r6, #2]
  66:LWIP/App/lwip.c ****   NETMASK_ADDRESS[3] = 0;
  72              		.loc 1 66 3 is_stmt 1 view .LVU15
  73              		.loc 1 66 22 is_stmt 0 view .LVU16
  74 0020 0024     		movs	r4, #0
  75 0022 F470     		strb	r4, [r6, #3]
  67:LWIP/App/lwip.c ****   GATEWAY_ADDRESS[0] = 192;
  76              		.loc 1 67 3 is_stmt 1 view .LVU17
  77              		.loc 1 67 22 is_stmt 0 view .LVU18
  78 0024 364D     		ldr	r5, .L5+8
  79 0026 2870     		strb	r0, [r5]
  68:LWIP/App/lwip.c ****   GATEWAY_ADDRESS[1] = 168;
  80              		.loc 1 68 3 is_stmt 1 view .LVU19
  81              		.loc 1 68 22 is_stmt 0 view .LVU20
  82 0028 6970     		strb	r1, [r5, #1]
  69:LWIP/App/lwip.c ****   GATEWAY_ADDRESS[2] = 1;
  83              		.loc 1 69 3 is_stmt 1 view .LVU21
  84              		.loc 1 69 22 is_stmt 0 view .LVU22
  85 002a AB70     		strb	r3, [r5, #2]
  70:LWIP/App/lwip.c ****   GATEWAY_ADDRESS[3] = 1;
  86              		.loc 1 70 3 is_stmt 1 view .LVU23
  87              		.loc 1 70 22 is_stmt 0 view .LVU24
  88 002c EB70     		strb	r3, [r5, #3]
  71:LWIP/App/lwip.c **** 
  72:LWIP/App/lwip.c **** /* USER CODE BEGIN IP_ADDRESSES */
  73:LWIP/App/lwip.c **** /* USER CODE END IP_ADDRESSES */
  74:LWIP/App/lwip.c **** 
  75:LWIP/App/lwip.c ****   /* Initilialize the LwIP stack without RTOS */
  76:LWIP/App/lwip.c ****   lwip_init();
  89              		.loc 1 76 3 is_stmt 1 view .LVU25
  90 002e FFF7FEFF 		bl	lwip_init
  91              	.LVL0:
  77:LWIP/App/lwip.c **** 
  78:LWIP/App/lwip.c ****   /* IP addresses initialization without DHCP (IPv4) */
  79:LWIP/App/lwip.c ****   IP4_ADDR(&ipaddr, IP_ADDRESS[0], IP_ADDRESS[1], IP_ADDRESS[2], IP_ADDRESS[3]);
  92              		.loc 1 79 3 view .LVU26
  93 0032 3A78     		ldrb	r2, [r7]	@ zero_extendqisi2
ARM GAS  /tmp/ccpzw8tg.s 			page 4


  94 0034 7B78     		ldrb	r3, [r7, #1]	@ zero_extendqisi2
  95 0036 1B04     		lsls	r3, r3, #16
  96 0038 43EA0263 		orr	r3, r3, r2, lsl #24
  97 003c BA78     		ldrb	r2, [r7, #2]	@ zero_extendqisi2
  98 003e 43EA0223 		orr	r3, r3, r2, lsl #8
  99 0042 F978     		ldrb	r1, [r7, #3]	@ zero_extendqisi2
 100 0044 0B43     		orrs	r3, r3, r1
 101 0046 1A02     		lsls	r2, r3, #8
 102 0048 02F47F02 		and	r2, r2, #16711680
 103 004c 42EA0162 		orr	r2, r2, r1, lsl #24
 104 0050 190A     		lsrs	r1, r3, #8
 105 0052 01F47F41 		and	r1, r1, #65280
 106 0056 0A43     		orrs	r2, r2, r1
 107 0058 42EA1363 		orr	r3, r2, r3, lsr #24
 108 005c 2949     		ldr	r1, .L5+12
 109 005e 0B60     		str	r3, [r1]
  80:LWIP/App/lwip.c ****   IP4_ADDR(&netmask, NETMASK_ADDRESS[0], NETMASK_ADDRESS[1] , NETMASK_ADDRESS[2], NETMASK_ADDRESS[3
 110              		.loc 1 80 3 view .LVU27
 111 0060 3278     		ldrb	r2, [r6]	@ zero_extendqisi2
 112 0062 7378     		ldrb	r3, [r6, #1]	@ zero_extendqisi2
 113 0064 1B04     		lsls	r3, r3, #16
 114 0066 43EA0263 		orr	r3, r3, r2, lsl #24
 115 006a B278     		ldrb	r2, [r6, #2]	@ zero_extendqisi2
 116 006c 43EA0223 		orr	r3, r3, r2, lsl #8
 117 0070 F078     		ldrb	r0, [r6, #3]	@ zero_extendqisi2
 118 0072 0343     		orrs	r3, r3, r0
 119 0074 1A02     		lsls	r2, r3, #8
 120 0076 02F47F02 		and	r2, r2, #16711680
 121 007a 42EA0062 		orr	r2, r2, r0, lsl #24
 122 007e 180A     		lsrs	r0, r3, #8
 123 0080 00F47F40 		and	r0, r0, #65280
 124 0084 0243     		orrs	r2, r2, r0
 125 0086 42EA1363 		orr	r3, r2, r3, lsr #24
 126 008a 1F4A     		ldr	r2, .L5+16
 127 008c 1360     		str	r3, [r2]
  81:LWIP/App/lwip.c ****   IP4_ADDR(&gw, GATEWAY_ADDRESS[0], GATEWAY_ADDRESS[1], GATEWAY_ADDRESS[2], GATEWAY_ADDRESS[3]);
 128              		.loc 1 81 3 view .LVU28
 129 008e 2878     		ldrb	r0, [r5]	@ zero_extendqisi2
 130 0090 6B78     		ldrb	r3, [r5, #1]	@ zero_extendqisi2
 131 0092 1B04     		lsls	r3, r3, #16
 132 0094 43EA0063 		orr	r3, r3, r0, lsl #24
 133 0098 A878     		ldrb	r0, [r5, #2]	@ zero_extendqisi2
 134 009a 43EA0023 		orr	r3, r3, r0, lsl #8
 135 009e ED78     		ldrb	r5, [r5, #3]	@ zero_extendqisi2
 136 00a0 2B43     		orrs	r3, r3, r5
 137 00a2 1802     		lsls	r0, r3, #8
 138 00a4 00F47F00 		and	r0, r0, #16711680
 139 00a8 40EA0560 		orr	r0, r0, r5, lsl #24
 140 00ac 1D0A     		lsrs	r5, r3, #8
 141 00ae 05F47F45 		and	r5, r5, #65280
 142 00b2 2843     		orrs	r0, r0, r5
 143 00b4 40EA1360 		orr	r0, r0, r3, lsr #24
 144 00b8 144B     		ldr	r3, .L5+20
 145 00ba 1860     		str	r0, [r3]
  82:LWIP/App/lwip.c **** 
  83:LWIP/App/lwip.c ****   /* add the network interface (IPv4/IPv6) without RTOS */
  84:LWIP/App/lwip.c ****   netif_add(&gnetif, &ipaddr, &netmask, &gw, NULL, &ethernetif_init, &ethernet_input);
ARM GAS  /tmp/ccpzw8tg.s 			page 5


 146              		.loc 1 84 3 view .LVU29
 147 00bc 144D     		ldr	r5, .L5+24
 148 00be 1548     		ldr	r0, .L5+28
 149 00c0 0290     		str	r0, [sp, #8]
 150 00c2 1548     		ldr	r0, .L5+32
 151 00c4 0190     		str	r0, [sp, #4]
 152 00c6 0094     		str	r4, [sp]
 153 00c8 2846     		mov	r0, r5
 154 00ca FFF7FEFF 		bl	netif_add
 155              	.LVL1:
  85:LWIP/App/lwip.c **** 
  86:LWIP/App/lwip.c ****   /* Registers the default network interface */
  87:LWIP/App/lwip.c ****   netif_set_default(&gnetif);
 156              		.loc 1 87 3 view .LVU30
 157 00ce 2846     		mov	r0, r5
 158 00d0 FFF7FEFF 		bl	netif_set_default
 159              	.LVL2:
  88:LWIP/App/lwip.c **** 
  89:LWIP/App/lwip.c ****   if (netif_is_link_up(&gnetif))
 160              		.loc 1 89 3 view .LVU31
 161              		.loc 1 89 7 is_stmt 0 view .LVU32
 162 00d4 95F82D30 		ldrb	r3, [r5, #45]	@ zero_extendqisi2
 163              		.loc 1 89 6 view .LVU33
 164 00d8 13F0040F 		tst	r3, #4
 165 00dc 08D0     		beq	.L2
  90:LWIP/App/lwip.c ****   {
  91:LWIP/App/lwip.c ****     /* When the netif is fully configured this function must be called */
  92:LWIP/App/lwip.c ****     netif_set_up(&gnetif);
 166              		.loc 1 92 5 is_stmt 1 view .LVU34
 167 00de 2846     		mov	r0, r5
 168 00e0 FFF7FEFF 		bl	netif_set_up
 169              	.LVL3:
 170              	.L3:
  93:LWIP/App/lwip.c ****   }
  94:LWIP/App/lwip.c ****   else
  95:LWIP/App/lwip.c ****   {
  96:LWIP/App/lwip.c ****     /* When the netif link is down this function must be called */
  97:LWIP/App/lwip.c ****     netif_set_down(&gnetif);
  98:LWIP/App/lwip.c ****   }
  99:LWIP/App/lwip.c **** 
 100:LWIP/App/lwip.c ****   /* Set the link callback function, this function is called on change of link status*/
 101:LWIP/App/lwip.c ****   netif_set_link_callback(&gnetif, ethernetif_update_config);
 171              		.loc 1 101 3 view .LVU35
 172 00e4 0D49     		ldr	r1, .L5+36
 173 00e6 0A48     		ldr	r0, .L5+24
 174 00e8 FFF7FEFF 		bl	netif_set_link_callback
 175              	.LVL4:
 102:LWIP/App/lwip.c **** 
 103:LWIP/App/lwip.c ****   /* Create the Ethernet link handler thread */
 104:LWIP/App/lwip.c **** 
 105:LWIP/App/lwip.c **** /* USER CODE BEGIN 3 */
 106:LWIP/App/lwip.c **** 
 107:LWIP/App/lwip.c **** /* USER CODE END 3 */
 108:LWIP/App/lwip.c **** }
 176              		.loc 1 108 1 is_stmt 0 view .LVU36
 177 00ec 05B0     		add	sp, sp, #20
 178              	.LCFI2:
ARM GAS  /tmp/ccpzw8tg.s 			page 6


 179              		.cfi_remember_state
 180              		.cfi_def_cfa_offset 20
 181              		@ sp needed
 182 00ee F0BD     		pop	{r4, r5, r6, r7, pc}
 183              	.L2:
 184              	.LCFI3:
 185              		.cfi_restore_state
  97:LWIP/App/lwip.c ****   }
 186              		.loc 1 97 5 is_stmt 1 view .LVU37
 187 00f0 0748     		ldr	r0, .L5+24
 188 00f2 FFF7FEFF 		bl	netif_set_down
 189              	.LVL5:
 190 00f6 F5E7     		b	.L3
 191              	.L6:
 192              		.align	2
 193              	.L5:
 194 00f8 00000000 		.word	.LANCHOR0
 195 00fc 00000000 		.word	.LANCHOR1
 196 0100 00000000 		.word	.LANCHOR2
 197 0104 00000000 		.word	.LANCHOR3
 198 0108 00000000 		.word	.LANCHOR4
 199 010c 00000000 		.word	.LANCHOR5
 200 0110 00000000 		.word	.LANCHOR6
 201 0114 00000000 		.word	ethernet_input
 202 0118 00000000 		.word	ethernetif_init
 203 011c 00000000 		.word	ethernetif_update_config
 204              		.cfi_endproc
 205              	.LFE167:
 207              		.section	.text.MX_LWIP_Process,"ax",%progbits
 208              		.align	1
 209              		.global	MX_LWIP_Process
 210              		.syntax unified
 211              		.thumb
 212              		.thumb_func
 214              	MX_LWIP_Process:
 215              	.LFB168:
 109:LWIP/App/lwip.c **** 
 110:LWIP/App/lwip.c **** #ifdef USE_OBSOLETE_USER_CODE_SECTION_4
 111:LWIP/App/lwip.c **** /* Kept to help code migration. (See new 4_1, 4_2... sections) */
 112:LWIP/App/lwip.c **** /* Avoid to use this user section which will become obsolete. */
 113:LWIP/App/lwip.c **** /* USER CODE BEGIN 4 */
 114:LWIP/App/lwip.c **** /* USER CODE END 4 */
 115:LWIP/App/lwip.c **** #endif
 116:LWIP/App/lwip.c **** 
 117:LWIP/App/lwip.c **** /**
 118:LWIP/App/lwip.c ****  * ----------------------------------------------------------------------
 119:LWIP/App/lwip.c ****  * Function given to help user to continue LwIP Initialization
 120:LWIP/App/lwip.c ****  * Up to user to complete or change this function ...
 121:LWIP/App/lwip.c ****  * Up to user to call this function in main.c in while (1) of main(void)
 122:LWIP/App/lwip.c ****  *-----------------------------------------------------------------------
 123:LWIP/App/lwip.c ****  * Read a received packet from the Ethernet buffers
 124:LWIP/App/lwip.c ****  * Send it to the lwIP stack for handling
 125:LWIP/App/lwip.c ****  * Handle timeouts if LWIP_TIMERS is set and without RTOS
 126:LWIP/App/lwip.c ****  * Handle the llink status if LWIP_NETIF_LINK_CALLBACK is set and without RTOS
 127:LWIP/App/lwip.c ****  */
 128:LWIP/App/lwip.c **** void MX_LWIP_Process(void)
 129:LWIP/App/lwip.c **** {
ARM GAS  /tmp/ccpzw8tg.s 			page 7


 216              		.loc 1 129 1 view -0
 217              		.cfi_startproc
 218              		@ args = 0, pretend = 0, frame = 0
 219              		@ frame_needed = 0, uses_anonymous_args = 0
 220 0000 08B5     		push	{r3, lr}
 221              	.LCFI4:
 222              		.cfi_def_cfa_offset 8
 223              		.cfi_offset 3, -8
 224              		.cfi_offset 14, -4
 130:LWIP/App/lwip.c **** /* USER CODE BEGIN 4_1 */
 131:LWIP/App/lwip.c **** /* USER CODE END 4_1 */
 132:LWIP/App/lwip.c ****   ethernetif_input(&gnetif);
 225              		.loc 1 132 3 view .LVU39
 226 0002 0348     		ldr	r0, .L9
 227 0004 FFF7FEFF 		bl	ethernetif_input
 228              	.LVL6:
 133:LWIP/App/lwip.c **** 
 134:LWIP/App/lwip.c **** /* USER CODE BEGIN 4_2 */
 135:LWIP/App/lwip.c **** /* USER CODE END 4_2 */
 136:LWIP/App/lwip.c ****   /* Handle timeouts */
 137:LWIP/App/lwip.c ****   sys_check_timeouts();
 229              		.loc 1 137 3 view .LVU40
 230 0008 FFF7FEFF 		bl	sys_check_timeouts
 231              	.LVL7:
 138:LWIP/App/lwip.c **** 
 139:LWIP/App/lwip.c **** /* USER CODE BEGIN 4_3 */
 140:LWIP/App/lwip.c **** /* USER CODE END 4_3 */
 141:LWIP/App/lwip.c **** }
 232              		.loc 1 141 1 is_stmt 0 view .LVU41
 233 000c 08BD     		pop	{r3, pc}
 234              	.L10:
 235 000e 00BF     		.align	2
 236              	.L9:
 237 0010 00000000 		.word	.LANCHOR6
 238              		.cfi_endproc
 239              	.LFE168:
 241              		.global	GATEWAY_ADDRESS
 242              		.global	NETMASK_ADDRESS
 243              		.global	IP_ADDRESS
 244              		.global	gw
 245              		.global	netmask
 246              		.global	ipaddr
 247              		.global	gnetif
 248              		.section	.bss.GATEWAY_ADDRESS,"aw",%nobits
 249              		.align	2
 250              		.set	.LANCHOR2,. + 0
 253              	GATEWAY_ADDRESS:
 254 0000 00000000 		.space	4
 255              		.section	.bss.IP_ADDRESS,"aw",%nobits
 256              		.align	2
 257              		.set	.LANCHOR0,. + 0
 260              	IP_ADDRESS:
 261 0000 00000000 		.space	4
 262              		.section	.bss.NETMASK_ADDRESS,"aw",%nobits
 263              		.align	2
 264              		.set	.LANCHOR1,. + 0
 267              	NETMASK_ADDRESS:
ARM GAS  /tmp/ccpzw8tg.s 			page 8


 268 0000 00000000 		.space	4
 269              		.section	.bss.gnetif,"aw",%nobits
 270              		.align	2
 271              		.set	.LANCHOR6,. + 0
 274              	gnetif:
 275 0000 00000000 		.space	52
 275      00000000 
 275      00000000 
 275      00000000 
 275      00000000 
 276              		.section	.bss.gw,"aw",%nobits
 277              		.align	2
 278              		.set	.LANCHOR5,. + 0
 281              	gw:
 282 0000 00000000 		.space	4
 283              		.section	.bss.ipaddr,"aw",%nobits
 284              		.align	2
 285              		.set	.LANCHOR3,. + 0
 288              	ipaddr:
 289 0000 00000000 		.space	4
 290              		.section	.bss.netmask,"aw",%nobits
 291              		.align	2
 292              		.set	.LANCHOR4,. + 0
 295              	netmask:
 296 0000 00000000 		.space	4
 297              		.text
 298              	.Letext0:
 299              		.file 2 "/usr/share/gcc-arm-none-eabi-10.3-2021.10/arm-none-eabi/include/machine/_default_types.h"
 300              		.file 3 "/usr/share/gcc-arm-none-eabi-10.3-2021.10/arm-none-eabi/include/sys/_stdint.h"
 301              		.file 4 "Middlewares/Third_Party/LwIP/src/include/lwip/arch.h"
 302              		.file 5 "Middlewares/Third_Party/LwIP/src/include/lwip/err.h"
 303              		.file 6 "Middlewares/Third_Party/LwIP/src/include/lwip/pbuf.h"
 304              		.file 7 "Middlewares/Third_Party/LwIP/src/include/lwip/ip4_addr.h"
 305              		.file 8 "Middlewares/Third_Party/LwIP/src/include/lwip/ip_addr.h"
 306              		.file 9 "Middlewares/Third_Party/LwIP/src/include/lwip/netif.h"
 307              		.file 10 "LWIP/Target/ethernetif.h"
 308              		.file 11 "Middlewares/Third_Party/LwIP/src/include/lwip/timeouts.h"
 309              		.file 12 "Middlewares/Third_Party/LwIP/src/include/lwip/init.h"
 310              		.file 13 "Middlewares/Third_Party/LwIP/src/include/lwip/memp.h"
ARM GAS  /tmp/ccpzw8tg.s 			page 9


DEFINED SYMBOLS
                            *ABS*:0000000000000000 lwip.c
     /tmp/ccpzw8tg.s:20     .text.MX_LWIP_Init:0000000000000000 $t
     /tmp/ccpzw8tg.s:26     .text.MX_LWIP_Init:0000000000000000 MX_LWIP_Init
     /tmp/ccpzw8tg.s:194    .text.MX_LWIP_Init:00000000000000f8 $d
     /tmp/ccpzw8tg.s:208    .text.MX_LWIP_Process:0000000000000000 $t
     /tmp/ccpzw8tg.s:214    .text.MX_LWIP_Process:0000000000000000 MX_LWIP_Process
     /tmp/ccpzw8tg.s:237    .text.MX_LWIP_Process:0000000000000010 $d
     /tmp/ccpzw8tg.s:253    .bss.GATEWAY_ADDRESS:0000000000000000 GATEWAY_ADDRESS
     /tmp/ccpzw8tg.s:267    .bss.NETMASK_ADDRESS:0000000000000000 NETMASK_ADDRESS
     /tmp/ccpzw8tg.s:260    .bss.IP_ADDRESS:0000000000000000 IP_ADDRESS
     /tmp/ccpzw8tg.s:281    .bss.gw:0000000000000000 gw
     /tmp/ccpzw8tg.s:295    .bss.netmask:0000000000000000 netmask
     /tmp/ccpzw8tg.s:288    .bss.ipaddr:0000000000000000 ipaddr
     /tmp/ccpzw8tg.s:274    .bss.gnetif:0000000000000000 gnetif
     /tmp/ccpzw8tg.s:249    .bss.GATEWAY_ADDRESS:0000000000000000 $d
     /tmp/ccpzw8tg.s:256    .bss.IP_ADDRESS:0000000000000000 $d
     /tmp/ccpzw8tg.s:263    .bss.NETMASK_ADDRESS:0000000000000000 $d
     /tmp/ccpzw8tg.s:270    .bss.gnetif:0000000000000000 $d
     /tmp/ccpzw8tg.s:277    .bss.gw:0000000000000000 $d
     /tmp/ccpzw8tg.s:284    .bss.ipaddr:0000000000000000 $d
     /tmp/ccpzw8tg.s:291    .bss.netmask:0000000000000000 $d

UNDEFINED SYMBOLS
lwip_init
netif_add
netif_set_default
netif_set_up
netif_set_link_callback
netif_set_down
ethernet_input
ethernetif_init
ethernetif_update_config
ethernetif_input
sys_check_timeouts
