ARM GAS  /tmp/ccCDMs4v.s 			page 1


   1              		.cpu cortex-m7
   2              		.arch armv7e-m
   3              		.fpu fpv5-sp-d16
   4              		.eabi_attribute 27, 1
   5              		.eabi_attribute 28, 1
   6              		.eabi_attribute 20, 1
   7              		.eabi_attribute 21, 1
   8              		.eabi_attribute 23, 3
   9              		.eabi_attribute 24, 1
  10              		.eabi_attribute 25, 1
  11              		.eabi_attribute 26, 1
  12              		.eabi_attribute 30, 1
  13              		.eabi_attribute 34, 1
  14              		.eabi_attribute 18, 4
  15              		.file	"slipif.c"
  16              		.text
  17              	.Ltext0:
  18              		.cfi_sections	.debug_frame
  19              		.section	.rodata.slipif_output.str1.4,"aMS",%progbits,1
  20              		.align	2
  21              	.LC0:
  22 0000 4D696464 		.ascii	"Middlewares/Third_Party/LwIP/src/netif/slipif.c\000"
  22      6C657761 
  22      7265732F 
  22      54686972 
  22      645F5061 
  23              		.align	2
  24              	.LC1:
  25 0030 6E657469 		.ascii	"netif != NULL\000"
  25      6620213D 
  25      204E554C 
  25      4C00
  26 003e 0000     		.align	2
  27              	.LC2:
  28 0040 41737365 		.ascii	"Assertion \"%s\" failed at line %d in %s\012\000"
  28      7274696F 
  28      6E202225 
  28      73222066 
  28      61696C65 
  29              		.align	2
  30              	.LC3:
  31 0068 6E657469 		.ascii	"netif->state != NULL\000"
  31      662D3E73 
  31      74617465 
  31      20213D20 
  31      4E554C4C 
  32 007d 000000   		.align	2
  33              	.LC4:
  34 0080 7020213D 		.ascii	"p != NULL\000"
  34      204E554C 
  34      4C00
  35              		.section	.text.slipif_output,"ax",%progbits
  36              		.align	1
  37              		.syntax unified
  38              		.thumb
  39              		.thumb_func
  41              	slipif_output:
ARM GAS  /tmp/ccCDMs4v.s 			page 2


  42              	.LVL0:
  43              	.LFB167:
  44              		.file 1 "Middlewares/Third_Party/LwIP/src/netif/slipif.c"
   1:Middlewares/Third_Party/LwIP/src/netif/slipif.c **** /**
   2:Middlewares/Third_Party/LwIP/src/netif/slipif.c ****  * @file
   3:Middlewares/Third_Party/LwIP/src/netif/slipif.c ****  * SLIP Interface
   4:Middlewares/Third_Party/LwIP/src/netif/slipif.c ****  *
   5:Middlewares/Third_Party/LwIP/src/netif/slipif.c ****  */
   6:Middlewares/Third_Party/LwIP/src/netif/slipif.c **** 
   7:Middlewares/Third_Party/LwIP/src/netif/slipif.c **** /*
   8:Middlewares/Third_Party/LwIP/src/netif/slipif.c ****  * Copyright (c) 2001-2004 Swedish Institute of Computer Science.
   9:Middlewares/Third_Party/LwIP/src/netif/slipif.c ****  * All rights reserved.
  10:Middlewares/Third_Party/LwIP/src/netif/slipif.c ****  *
  11:Middlewares/Third_Party/LwIP/src/netif/slipif.c ****  * Redistribution and use in source and binary forms, with or without
  12:Middlewares/Third_Party/LwIP/src/netif/slipif.c ****  * modification, are permitted provided that the following conditions
  13:Middlewares/Third_Party/LwIP/src/netif/slipif.c ****  * are met:
  14:Middlewares/Third_Party/LwIP/src/netif/slipif.c ****  * 1. Redistributions of source code must retain the above copyright
  15:Middlewares/Third_Party/LwIP/src/netif/slipif.c ****  *    notice, this list of conditions and the following disclaimer.
  16:Middlewares/Third_Party/LwIP/src/netif/slipif.c ****  * 2. Redistributions in binary form must reproduce the above copyright
  17:Middlewares/Third_Party/LwIP/src/netif/slipif.c ****  *    notice, this list of conditions and the following disclaimer in the
  18:Middlewares/Third_Party/LwIP/src/netif/slipif.c ****  *    documentation and/or other materials provided with the distribution.
  19:Middlewares/Third_Party/LwIP/src/netif/slipif.c ****  * 3. Neither the name of the Institute nor the names of its contributors
  20:Middlewares/Third_Party/LwIP/src/netif/slipif.c ****  *    may be used to endorse or promote products derived from this software
  21:Middlewares/Third_Party/LwIP/src/netif/slipif.c ****  *    without specific prior written permission.
  22:Middlewares/Third_Party/LwIP/src/netif/slipif.c ****  *
  23:Middlewares/Third_Party/LwIP/src/netif/slipif.c ****  * THIS SOFTWARE IS PROVIDED BY THE INSTITUTE AND CONTRIBUTORS ``AS IS'' AND
  24:Middlewares/Third_Party/LwIP/src/netif/slipif.c ****  * ANY EXPRESS OR IMPLIED WARRANTIES, INCLUDING, BUT NOT LIMITED TO, THE
  25:Middlewares/Third_Party/LwIP/src/netif/slipif.c ****  * IMPLIED WARRANTIES OF MERCHANTABILITY AND FITNESS FOR A PARTICULAR PURPOSE
  26:Middlewares/Third_Party/LwIP/src/netif/slipif.c ****  * ARE DISCLAIMED.  IN NO EVENT SHALL THE INSTITUTE OR CONTRIBUTORS BE LIABLE
  27:Middlewares/Third_Party/LwIP/src/netif/slipif.c ****  * FOR ANY DIRECT, INDIRECT, INCIDENTAL, SPECIAL, EXEMPLARY, OR CONSEQUENTIAL
  28:Middlewares/Third_Party/LwIP/src/netif/slipif.c ****  * DAMAGES (INCLUDING, BUT NOT LIMITED TO, PROCUREMENT OF SUBSTITUTE GOODS
  29:Middlewares/Third_Party/LwIP/src/netif/slipif.c ****  * OR SERVICES; LOSS OF USE, DATA, OR PROFITS; OR BUSINESS INTERRUPTION)
  30:Middlewares/Third_Party/LwIP/src/netif/slipif.c ****  * HOWEVER CAUSED AND ON ANY THEORY OF LIABILITY, WHETHER IN CONTRACT, STRICT
  31:Middlewares/Third_Party/LwIP/src/netif/slipif.c ****  * LIABILITY, OR TORT (INCLUDING NEGLIGENCE OR OTHERWISE) ARISING IN ANY WAY
  32:Middlewares/Third_Party/LwIP/src/netif/slipif.c ****  * OUT OF THE USE OF THIS SOFTWARE, EVEN IF ADVISED OF THE POSSIBILITY OF
  33:Middlewares/Third_Party/LwIP/src/netif/slipif.c ****  * SUCH DAMAGE.
  34:Middlewares/Third_Party/LwIP/src/netif/slipif.c ****  *
  35:Middlewares/Third_Party/LwIP/src/netif/slipif.c ****  * This file is built upon the file: src/arch/rtxc/netif/sioslip.c
  36:Middlewares/Third_Party/LwIP/src/netif/slipif.c ****  *
  37:Middlewares/Third_Party/LwIP/src/netif/slipif.c ****  * Author: Magnus Ivarsson <magnus.ivarsson(at)volvo.com>
  38:Middlewares/Third_Party/LwIP/src/netif/slipif.c ****  *         Simon Goldschmidt
  39:Middlewares/Third_Party/LwIP/src/netif/slipif.c ****  */
  40:Middlewares/Third_Party/LwIP/src/netif/slipif.c **** 
  41:Middlewares/Third_Party/LwIP/src/netif/slipif.c **** 
  42:Middlewares/Third_Party/LwIP/src/netif/slipif.c **** /**
  43:Middlewares/Third_Party/LwIP/src/netif/slipif.c ****  * @defgroup slipif SLIP
  44:Middlewares/Third_Party/LwIP/src/netif/slipif.c ****  * @ingroup netifs
  45:Middlewares/Third_Party/LwIP/src/netif/slipif.c ****  *
  46:Middlewares/Third_Party/LwIP/src/netif/slipif.c ****  * This is an arch independent SLIP netif. The specific serial hooks must be
  47:Middlewares/Third_Party/LwIP/src/netif/slipif.c ****  * provided by another file. They are sio_open, sio_read/sio_tryread and sio_send
  48:Middlewares/Third_Party/LwIP/src/netif/slipif.c ****  *
  49:Middlewares/Third_Party/LwIP/src/netif/slipif.c ****  * Usage: This netif can be used in three ways:\n
  50:Middlewares/Third_Party/LwIP/src/netif/slipif.c ****  *        1) For NO_SYS==0, an RX thread can be used which blocks on sio_read()
  51:Middlewares/Third_Party/LwIP/src/netif/slipif.c ****  *           until data is received.\n
  52:Middlewares/Third_Party/LwIP/src/netif/slipif.c ****  *        2) In your main loop, call slipif_poll() to check for new RX bytes,
  53:Middlewares/Third_Party/LwIP/src/netif/slipif.c ****  *           completed packets are fed into netif->input().\n
  54:Middlewares/Third_Party/LwIP/src/netif/slipif.c ****  *        3) Call slipif_received_byte[s]() from your serial RX ISR and
ARM GAS  /tmp/ccCDMs4v.s 			page 3


  55:Middlewares/Third_Party/LwIP/src/netif/slipif.c ****  *           slipif_process_rxqueue() from your main loop. ISR level decodes
  56:Middlewares/Third_Party/LwIP/src/netif/slipif.c ****  *           packets and puts completed packets on a queue which is fed into
  57:Middlewares/Third_Party/LwIP/src/netif/slipif.c ****  *           the stack from the main loop (needs SYS_LIGHTWEIGHT_PROT for
  58:Middlewares/Third_Party/LwIP/src/netif/slipif.c ****  *           pbuf_alloc to work on ISR level!).
  59:Middlewares/Third_Party/LwIP/src/netif/slipif.c ****  *
  60:Middlewares/Third_Party/LwIP/src/netif/slipif.c ****  */
  61:Middlewares/Third_Party/LwIP/src/netif/slipif.c **** 
  62:Middlewares/Third_Party/LwIP/src/netif/slipif.c **** #include "netif/slipif.h"
  63:Middlewares/Third_Party/LwIP/src/netif/slipif.c **** #include "lwip/opt.h"
  64:Middlewares/Third_Party/LwIP/src/netif/slipif.c **** 
  65:Middlewares/Third_Party/LwIP/src/netif/slipif.c **** #include "lwip/def.h"
  66:Middlewares/Third_Party/LwIP/src/netif/slipif.c **** #include "lwip/pbuf.h"
  67:Middlewares/Third_Party/LwIP/src/netif/slipif.c **** #include "lwip/stats.h"
  68:Middlewares/Third_Party/LwIP/src/netif/slipif.c **** #include "lwip/snmp.h"
  69:Middlewares/Third_Party/LwIP/src/netif/slipif.c **** #include "lwip/sys.h"
  70:Middlewares/Third_Party/LwIP/src/netif/slipif.c **** #include "lwip/sio.h"
  71:Middlewares/Third_Party/LwIP/src/netif/slipif.c **** 
  72:Middlewares/Third_Party/LwIP/src/netif/slipif.c **** #define SLIP_END     0xC0 /* 0300: start and end of every packet */
  73:Middlewares/Third_Party/LwIP/src/netif/slipif.c **** #define SLIP_ESC     0xDB /* 0333: escape start (one byte escaped data follows) */
  74:Middlewares/Third_Party/LwIP/src/netif/slipif.c **** #define SLIP_ESC_END 0xDC /* 0334: following escape: original byte is 0xC0 (END) */
  75:Middlewares/Third_Party/LwIP/src/netif/slipif.c **** #define SLIP_ESC_ESC 0xDD /* 0335: following escape: original byte is 0xDB (ESC) */
  76:Middlewares/Third_Party/LwIP/src/netif/slipif.c **** 
  77:Middlewares/Third_Party/LwIP/src/netif/slipif.c **** /** Maximum packet size that is received by this netif */
  78:Middlewares/Third_Party/LwIP/src/netif/slipif.c **** #ifndef SLIP_MAX_SIZE
  79:Middlewares/Third_Party/LwIP/src/netif/slipif.c **** #define SLIP_MAX_SIZE 1500
  80:Middlewares/Third_Party/LwIP/src/netif/slipif.c **** #endif
  81:Middlewares/Third_Party/LwIP/src/netif/slipif.c **** 
  82:Middlewares/Third_Party/LwIP/src/netif/slipif.c **** /** Define this to the interface speed for SNMP
  83:Middlewares/Third_Party/LwIP/src/netif/slipif.c ****  * (sio_fd is the sio_fd_t returned by sio_open).
  84:Middlewares/Third_Party/LwIP/src/netif/slipif.c ****  * The default value of zero means 'unknown'.
  85:Middlewares/Third_Party/LwIP/src/netif/slipif.c ****  */
  86:Middlewares/Third_Party/LwIP/src/netif/slipif.c **** #ifndef SLIP_SIO_SPEED
  87:Middlewares/Third_Party/LwIP/src/netif/slipif.c **** #define SLIP_SIO_SPEED(sio_fd) 0
  88:Middlewares/Third_Party/LwIP/src/netif/slipif.c **** #endif
  89:Middlewares/Third_Party/LwIP/src/netif/slipif.c **** 
  90:Middlewares/Third_Party/LwIP/src/netif/slipif.c **** enum slipif_recv_state {
  91:Middlewares/Third_Party/LwIP/src/netif/slipif.c ****   SLIP_RECV_NORMAL,
  92:Middlewares/Third_Party/LwIP/src/netif/slipif.c ****   SLIP_RECV_ESCAPE
  93:Middlewares/Third_Party/LwIP/src/netif/slipif.c **** };
  94:Middlewares/Third_Party/LwIP/src/netif/slipif.c **** 
  95:Middlewares/Third_Party/LwIP/src/netif/slipif.c **** struct slipif_priv {
  96:Middlewares/Third_Party/LwIP/src/netif/slipif.c ****   sio_fd_t sd;
  97:Middlewares/Third_Party/LwIP/src/netif/slipif.c ****   /* q is the whole pbuf chain for a packet, p is the current pbuf in the chain */
  98:Middlewares/Third_Party/LwIP/src/netif/slipif.c ****   struct pbuf *p, *q;
  99:Middlewares/Third_Party/LwIP/src/netif/slipif.c ****   u8_t state;
 100:Middlewares/Third_Party/LwIP/src/netif/slipif.c ****   u16_t i, recved;
 101:Middlewares/Third_Party/LwIP/src/netif/slipif.c **** #if SLIP_RX_FROM_ISR
 102:Middlewares/Third_Party/LwIP/src/netif/slipif.c ****   struct pbuf *rxpackets;
 103:Middlewares/Third_Party/LwIP/src/netif/slipif.c **** #endif
 104:Middlewares/Third_Party/LwIP/src/netif/slipif.c **** };
 105:Middlewares/Third_Party/LwIP/src/netif/slipif.c **** 
 106:Middlewares/Third_Party/LwIP/src/netif/slipif.c **** /**
 107:Middlewares/Third_Party/LwIP/src/netif/slipif.c ****  * Send a pbuf doing the necessary SLIP encapsulation
 108:Middlewares/Third_Party/LwIP/src/netif/slipif.c ****  *
 109:Middlewares/Third_Party/LwIP/src/netif/slipif.c ****  * Uses the serial layer's sio_send()
 110:Middlewares/Third_Party/LwIP/src/netif/slipif.c ****  *
 111:Middlewares/Third_Party/LwIP/src/netif/slipif.c ****  * @param netif the lwip network interface structure for this slipif
ARM GAS  /tmp/ccCDMs4v.s 			page 4


 112:Middlewares/Third_Party/LwIP/src/netif/slipif.c ****  * @param p the pbuf chain packet to send
 113:Middlewares/Third_Party/LwIP/src/netif/slipif.c ****  * @return always returns ERR_OK since the serial layer does not provide return values
 114:Middlewares/Third_Party/LwIP/src/netif/slipif.c ****  */
 115:Middlewares/Third_Party/LwIP/src/netif/slipif.c **** static err_t
 116:Middlewares/Third_Party/LwIP/src/netif/slipif.c **** slipif_output(struct netif *netif, struct pbuf *p)
 117:Middlewares/Third_Party/LwIP/src/netif/slipif.c **** {
  45              		.loc 1 117 1 view -0
  46              		.cfi_startproc
  47              		@ args = 0, pretend = 0, frame = 0
  48              		@ frame_needed = 0, uses_anonymous_args = 0
  49              		.loc 1 117 1 is_stmt 0 view .LVU1
  50 0000 70B5     		push	{r4, r5, r6, lr}
  51              	.LCFI0:
  52              		.cfi_def_cfa_offset 16
  53              		.cfi_offset 4, -16
  54              		.cfi_offset 5, -12
  55              		.cfi_offset 6, -8
  56              		.cfi_offset 14, -4
  57 0002 0D46     		mov	r5, r1
 118:Middlewares/Third_Party/LwIP/src/netif/slipif.c ****   struct slipif_priv *priv;
  58              		.loc 1 118 3 is_stmt 1 view .LVU2
 119:Middlewares/Third_Party/LwIP/src/netif/slipif.c ****   struct pbuf *q;
  59              		.loc 1 119 3 view .LVU3
 120:Middlewares/Third_Party/LwIP/src/netif/slipif.c ****   u16_t i;
  60              		.loc 1 120 3 view .LVU4
 121:Middlewares/Third_Party/LwIP/src/netif/slipif.c ****   u8_t c;
  61              		.loc 1 121 3 view .LVU5
 122:Middlewares/Third_Party/LwIP/src/netif/slipif.c **** 
 123:Middlewares/Third_Party/LwIP/src/netif/slipif.c ****   LWIP_ASSERT("netif != NULL", (netif != NULL));
  62              		.loc 1 123 3 view .LVU6
  63              		.loc 1 123 3 view .LVU7
  64 0004 0446     		mov	r4, r0
  65 0006 40B1     		cbz	r0, .L15
  66              	.LVL1:
  67              	.L2:
  68              		.loc 1 123 3 discriminator 3 view .LVU8
  69              		.loc 1 123 3 discriminator 3 view .LVU9
 124:Middlewares/Third_Party/LwIP/src/netif/slipif.c ****   LWIP_ASSERT("netif->state != NULL", (netif->state != NULL));
  70              		.loc 1 124 3 discriminator 3 view .LVU10
  71              		.loc 1 124 3 discriminator 3 view .LVU11
  72 0008 236A     		ldr	r3, [r4, #32]
  73 000a 6BB1     		cbz	r3, .L16
  74              	.L3:
  75              		.loc 1 124 3 discriminator 3 view .LVU12
  76              		.loc 1 124 3 discriminator 3 view .LVU13
 125:Middlewares/Third_Party/LwIP/src/netif/slipif.c ****   LWIP_ASSERT("p != NULL", (p != NULL));
  77              		.loc 1 125 3 discriminator 3 view .LVU14
  78              		.loc 1 125 3 discriminator 3 view .LVU15
  79 000c 9DB1     		cbz	r5, .L17
  80              	.L4:
  81              		.loc 1 125 3 discriminator 3 view .LVU16
  82              		.loc 1 125 3 discriminator 3 view .LVU17
 126:Middlewares/Third_Party/LwIP/src/netif/slipif.c **** 
 127:Middlewares/Third_Party/LwIP/src/netif/slipif.c ****   LWIP_DEBUGF(SLIP_DEBUG, ("slipif_output: sending %"U16_F" bytes\n", p->tot_len));
  83              		.loc 1 127 83 discriminator 3 view .LVU18
 128:Middlewares/Third_Party/LwIP/src/netif/slipif.c ****   priv = (struct slipif_priv *)netif->state;
  84              		.loc 1 128 3 discriminator 3 view .LVU19
ARM GAS  /tmp/ccCDMs4v.s 			page 5


  85              		.loc 1 128 8 is_stmt 0 discriminator 3 view .LVU20
  86 000e 266A     		ldr	r6, [r4, #32]
  87              	.LVL2:
 129:Middlewares/Third_Party/LwIP/src/netif/slipif.c **** 
 130:Middlewares/Third_Party/LwIP/src/netif/slipif.c ****   /* Send pbuf out on the serial I/O device. */
 131:Middlewares/Third_Party/LwIP/src/netif/slipif.c ****   /* Start with packet delimiter. */
 132:Middlewares/Third_Party/LwIP/src/netif/slipif.c ****   sio_send(SLIP_END, priv->sd);
  88              		.loc 1 132 3 is_stmt 1 discriminator 3 view .LVU21
  89 0010 3168     		ldr	r1, [r6]
  90 0012 C020     		movs	r0, #192
  91 0014 FFF7FEFF 		bl	sio_send
  92              	.LVL3:
 133:Middlewares/Third_Party/LwIP/src/netif/slipif.c **** 
 134:Middlewares/Third_Party/LwIP/src/netif/slipif.c ****   for (q = p; q != NULL; q = q->next) {
  93              		.loc 1 134 3 discriminator 3 view .LVU22
  94              		.loc 1 134 3 is_stmt 0 discriminator 3 view .LVU23
  95 0018 35E0     		b	.L5
  96              	.LVL4:
  97              	.L15:
 123:Middlewares/Third_Party/LwIP/src/netif/slipif.c ****   LWIP_ASSERT("netif->state != NULL", (netif->state != NULL));
  98              		.loc 1 123 3 is_stmt 1 discriminator 1 view .LVU24
 123:Middlewares/Third_Party/LwIP/src/netif/slipif.c ****   LWIP_ASSERT("netif->state != NULL", (netif->state != NULL));
  99              		.loc 1 123 3 discriminator 1 view .LVU25
 100 001a 1F4B     		ldr	r3, .L20
 101 001c 7B22     		movs	r2, #123
 102 001e 1F49     		ldr	r1, .L20+4
 103              	.LVL5:
 123:Middlewares/Third_Party/LwIP/src/netif/slipif.c ****   LWIP_ASSERT("netif->state != NULL", (netif->state != NULL));
 104              		.loc 1 123 3 is_stmt 0 discriminator 1 view .LVU26
 105 0020 1F48     		ldr	r0, .L20+8
 106              	.LVL6:
 123:Middlewares/Third_Party/LwIP/src/netif/slipif.c ****   LWIP_ASSERT("netif->state != NULL", (netif->state != NULL));
 107              		.loc 1 123 3 discriminator 1 view .LVU27
 108 0022 FFF7FEFF 		bl	printf
 109              	.LVL7:
 110 0026 EFE7     		b	.L2
 111              	.L16:
 124:Middlewares/Third_Party/LwIP/src/netif/slipif.c ****   LWIP_ASSERT("p != NULL", (p != NULL));
 112              		.loc 1 124 3 is_stmt 1 discriminator 1 view .LVU28
 124:Middlewares/Third_Party/LwIP/src/netif/slipif.c ****   LWIP_ASSERT("p != NULL", (p != NULL));
 113              		.loc 1 124 3 discriminator 1 view .LVU29
 114 0028 1B4B     		ldr	r3, .L20
 115 002a 7C22     		movs	r2, #124
 116 002c 1D49     		ldr	r1, .L20+12
 117 002e 1C48     		ldr	r0, .L20+8
 118 0030 FFF7FEFF 		bl	printf
 119              	.LVL8:
 120 0034 EAE7     		b	.L3
 121              	.L17:
 125:Middlewares/Third_Party/LwIP/src/netif/slipif.c **** 
 122              		.loc 1 125 3 discriminator 1 view .LVU30
 125:Middlewares/Third_Party/LwIP/src/netif/slipif.c **** 
 123              		.loc 1 125 3 discriminator 1 view .LVU31
 124 0036 184B     		ldr	r3, .L20
 125 0038 7D22     		movs	r2, #125
 126 003a 1B49     		ldr	r1, .L20+16
 127 003c 1848     		ldr	r0, .L20+8
ARM GAS  /tmp/ccCDMs4v.s 			page 6


 128 003e FFF7FEFF 		bl	printf
 129              	.LVL9:
 130 0042 E4E7     		b	.L4
 131              	.LVL10:
 132              	.L6:
 135:Middlewares/Third_Party/LwIP/src/netif/slipif.c ****     for (i = 0; i < q->len; i++) {
 136:Middlewares/Third_Party/LwIP/src/netif/slipif.c ****       c = ((u8_t *)q->payload)[i];
 137:Middlewares/Third_Party/LwIP/src/netif/slipif.c ****       switch (c) {
 138:Middlewares/Third_Party/LwIP/src/netif/slipif.c ****         case SLIP_END:
 139:Middlewares/Third_Party/LwIP/src/netif/slipif.c ****           /* need to escape this byte (0xC0 -> 0xDB, 0xDC) */
 140:Middlewares/Third_Party/LwIP/src/netif/slipif.c ****           sio_send(SLIP_ESC, priv->sd);
 133              		.loc 1 140 11 view .LVU32
 134 0044 3168     		ldr	r1, [r6]
 135 0046 DB20     		movs	r0, #219
 136              	.LVL11:
 137              		.loc 1 140 11 is_stmt 0 view .LVU33
 138 0048 FFF7FEFF 		bl	sio_send
 139              	.LVL12:
 141:Middlewares/Third_Party/LwIP/src/netif/slipif.c ****           sio_send(SLIP_ESC_END, priv->sd);
 140              		.loc 1 141 11 is_stmt 1 view .LVU34
 141 004c 3168     		ldr	r1, [r6]
 142 004e DC20     		movs	r0, #220
 143 0050 FFF7FEFF 		bl	sio_send
 144              	.LVL13:
 142:Middlewares/Third_Party/LwIP/src/netif/slipif.c ****           break;
 145              		.loc 1 142 11 view .LVU35
 146              	.L9:
 135:Middlewares/Third_Party/LwIP/src/netif/slipif.c ****     for (i = 0; i < q->len; i++) {
 147              		.loc 1 135 29 discriminator 2 view .LVU36
 135:Middlewares/Third_Party/LwIP/src/netif/slipif.c ****     for (i = 0; i < q->len; i++) {
 148              		.loc 1 135 30 is_stmt 0 discriminator 2 view .LVU37
 149 0054 0134     		adds	r4, r4, #1
 150              	.LVL14:
 135:Middlewares/Third_Party/LwIP/src/netif/slipif.c ****     for (i = 0; i < q->len; i++) {
 151              		.loc 1 135 30 discriminator 2 view .LVU38
 152 0056 A4B2     		uxth	r4, r4
 153              	.LVL15:
 154              	.L11:
 135:Middlewares/Third_Party/LwIP/src/netif/slipif.c ****     for (i = 0; i < q->len; i++) {
 155              		.loc 1 135 17 is_stmt 1 discriminator 1 view .LVU39
 135:Middlewares/Third_Party/LwIP/src/netif/slipif.c ****     for (i = 0; i < q->len; i++) {
 156              		.loc 1 135 22 is_stmt 0 discriminator 1 view .LVU40
 157 0058 6B89     		ldrh	r3, [r5, #10]
 135:Middlewares/Third_Party/LwIP/src/netif/slipif.c ****     for (i = 0; i < q->len; i++) {
 158              		.loc 1 135 5 discriminator 1 view .LVU41
 159 005a A342     		cmp	r3, r4
 160 005c 12D9     		bls	.L18
 136:Middlewares/Third_Party/LwIP/src/netif/slipif.c ****       switch (c) {
 161              		.loc 1 136 7 is_stmt 1 view .LVU42
 136:Middlewares/Third_Party/LwIP/src/netif/slipif.c ****       switch (c) {
 162              		.loc 1 136 21 is_stmt 0 view .LVU43
 163 005e 6B68     		ldr	r3, [r5, #4]
 136:Middlewares/Third_Party/LwIP/src/netif/slipif.c ****       switch (c) {
 164              		.loc 1 136 9 view .LVU44
 165 0060 185D     		ldrb	r0, [r3, r4]	@ zero_extendqisi2
 166              	.LVL16:
 137:Middlewares/Third_Party/LwIP/src/netif/slipif.c ****         case SLIP_END:
ARM GAS  /tmp/ccCDMs4v.s 			page 7


 167              		.loc 1 137 7 is_stmt 1 view .LVU45
 168 0062 C028     		cmp	r0, #192
 169 0064 EED0     		beq	.L6
 170 0066 DB28     		cmp	r0, #219
 171 0068 03D0     		beq	.L7
 143:Middlewares/Third_Party/LwIP/src/netif/slipif.c ****         case SLIP_ESC:
 144:Middlewares/Third_Party/LwIP/src/netif/slipif.c ****           /* need to escape this byte (0xDB -> 0xDB, 0xDD) */
 145:Middlewares/Third_Party/LwIP/src/netif/slipif.c ****           sio_send(SLIP_ESC, priv->sd);
 146:Middlewares/Third_Party/LwIP/src/netif/slipif.c ****           sio_send(SLIP_ESC_ESC, priv->sd);
 147:Middlewares/Third_Party/LwIP/src/netif/slipif.c ****           break;
 148:Middlewares/Third_Party/LwIP/src/netif/slipif.c ****         default:
 149:Middlewares/Third_Party/LwIP/src/netif/slipif.c ****           /* normal byte - no need for escaping */
 150:Middlewares/Third_Party/LwIP/src/netif/slipif.c ****           sio_send(c, priv->sd);
 172              		.loc 1 150 11 view .LVU46
 173 006a 3168     		ldr	r1, [r6]
 174 006c FFF7FEFF 		bl	sio_send
 175              	.LVL17:
 151:Middlewares/Third_Party/LwIP/src/netif/slipif.c ****           break;
 176              		.loc 1 151 11 view .LVU47
 177 0070 F0E7     		b	.L9
 178              	.LVL18:
 179              	.L7:
 145:Middlewares/Third_Party/LwIP/src/netif/slipif.c ****           sio_send(SLIP_ESC_ESC, priv->sd);
 180              		.loc 1 145 11 view .LVU48
 181 0072 3168     		ldr	r1, [r6]
 182 0074 DB20     		movs	r0, #219
 183              	.LVL19:
 145:Middlewares/Third_Party/LwIP/src/netif/slipif.c ****           sio_send(SLIP_ESC_ESC, priv->sd);
 184              		.loc 1 145 11 is_stmt 0 view .LVU49
 185 0076 FFF7FEFF 		bl	sio_send
 186              	.LVL20:
 146:Middlewares/Third_Party/LwIP/src/netif/slipif.c ****           break;
 187              		.loc 1 146 11 is_stmt 1 view .LVU50
 188 007a 3168     		ldr	r1, [r6]
 189 007c DD20     		movs	r0, #221
 190 007e FFF7FEFF 		bl	sio_send
 191              	.LVL21:
 147:Middlewares/Third_Party/LwIP/src/netif/slipif.c ****         default:
 192              		.loc 1 147 11 view .LVU51
 193 0082 E7E7     		b	.L9
 194              	.L18:
 134:Middlewares/Third_Party/LwIP/src/netif/slipif.c ****     for (i = 0; i < q->len; i++) {
 195              		.loc 1 134 26 discriminator 2 view .LVU52
 134:Middlewares/Third_Party/LwIP/src/netif/slipif.c ****     for (i = 0; i < q->len; i++) {
 196              		.loc 1 134 28 is_stmt 0 discriminator 2 view .LVU53
 197 0084 2D68     		ldr	r5, [r5]
 198              	.LVL22:
 199              	.L5:
 134:Middlewares/Third_Party/LwIP/src/netif/slipif.c ****     for (i = 0; i < q->len; i++) {
 200              		.loc 1 134 15 is_stmt 1 discriminator 1 view .LVU54
 134:Middlewares/Third_Party/LwIP/src/netif/slipif.c ****     for (i = 0; i < q->len; i++) {
 201              		.loc 1 134 3 is_stmt 0 discriminator 1 view .LVU55
 202 0086 0DB1     		cbz	r5, .L19
 135:Middlewares/Third_Party/LwIP/src/netif/slipif.c ****       c = ((u8_t *)q->payload)[i];
 203              		.loc 1 135 12 view .LVU56
 204 0088 0024     		movs	r4, #0
 205 008a E5E7     		b	.L11
ARM GAS  /tmp/ccCDMs4v.s 			page 8


 206              	.L19:
 152:Middlewares/Third_Party/LwIP/src/netif/slipif.c ****       }
 153:Middlewares/Third_Party/LwIP/src/netif/slipif.c ****     }
 154:Middlewares/Third_Party/LwIP/src/netif/slipif.c ****   }
 155:Middlewares/Third_Party/LwIP/src/netif/slipif.c ****   /* End with packet delimiter. */
 156:Middlewares/Third_Party/LwIP/src/netif/slipif.c ****   sio_send(SLIP_END, priv->sd);
 207              		.loc 1 156 3 is_stmt 1 view .LVU57
 208 008c 3168     		ldr	r1, [r6]
 209 008e C020     		movs	r0, #192
 210 0090 FFF7FEFF 		bl	sio_send
 211              	.LVL23:
 157:Middlewares/Third_Party/LwIP/src/netif/slipif.c ****   return ERR_OK;
 212              		.loc 1 157 3 view .LVU58
 158:Middlewares/Third_Party/LwIP/src/netif/slipif.c **** }
 213              		.loc 1 158 1 is_stmt 0 view .LVU59
 214 0094 0020     		movs	r0, #0
 215 0096 70BD     		pop	{r4, r5, r6, pc}
 216              	.LVL24:
 217              	.L21:
 218              		.loc 1 158 1 view .LVU60
 219              		.align	2
 220              	.L20:
 221 0098 00000000 		.word	.LC0
 222 009c 30000000 		.word	.LC1
 223 00a0 40000000 		.word	.LC2
 224 00a4 68000000 		.word	.LC3
 225 00a8 80000000 		.word	.LC4
 226              		.cfi_endproc
 227              	.LFE167:
 229              		.section	.text.slipif_output_v4,"ax",%progbits
 230              		.align	1
 231              		.syntax unified
 232              		.thumb
 233              		.thumb_func
 235              	slipif_output_v4:
 236              	.LVL25:
 237              	.LFB168:
 159:Middlewares/Third_Party/LwIP/src/netif/slipif.c **** 
 160:Middlewares/Third_Party/LwIP/src/netif/slipif.c **** #if LWIP_IPV4
 161:Middlewares/Third_Party/LwIP/src/netif/slipif.c **** /**
 162:Middlewares/Third_Party/LwIP/src/netif/slipif.c ****  * Send a pbuf doing the necessary SLIP encapsulation
 163:Middlewares/Third_Party/LwIP/src/netif/slipif.c ****  *
 164:Middlewares/Third_Party/LwIP/src/netif/slipif.c ****  * Uses the serial layer's sio_send()
 165:Middlewares/Third_Party/LwIP/src/netif/slipif.c ****  *
 166:Middlewares/Third_Party/LwIP/src/netif/slipif.c ****  * @param netif the lwip network interface structure for this slipif
 167:Middlewares/Third_Party/LwIP/src/netif/slipif.c ****  * @param p the pbuf chain packet to send
 168:Middlewares/Third_Party/LwIP/src/netif/slipif.c ****  * @param ipaddr the ip address to send the packet to (not used for slipif)
 169:Middlewares/Third_Party/LwIP/src/netif/slipif.c ****  * @return always returns ERR_OK since the serial layer does not provide return values
 170:Middlewares/Third_Party/LwIP/src/netif/slipif.c ****  */
 171:Middlewares/Third_Party/LwIP/src/netif/slipif.c **** static err_t
 172:Middlewares/Third_Party/LwIP/src/netif/slipif.c **** slipif_output_v4(struct netif *netif, struct pbuf *p, const ip4_addr_t *ipaddr)
 173:Middlewares/Third_Party/LwIP/src/netif/slipif.c **** {
 238              		.loc 1 173 1 is_stmt 1 view -0
 239              		.cfi_startproc
 240              		@ args = 0, pretend = 0, frame = 0
 241              		@ frame_needed = 0, uses_anonymous_args = 0
 242              		.loc 1 173 1 is_stmt 0 view .LVU62
ARM GAS  /tmp/ccCDMs4v.s 			page 9


 243 0000 08B5     		push	{r3, lr}
 244              	.LCFI1:
 245              		.cfi_def_cfa_offset 8
 246              		.cfi_offset 3, -8
 247              		.cfi_offset 14, -4
 174:Middlewares/Third_Party/LwIP/src/netif/slipif.c ****   LWIP_UNUSED_ARG(ipaddr);
 248              		.loc 1 174 3 is_stmt 1 view .LVU63
 175:Middlewares/Third_Party/LwIP/src/netif/slipif.c ****   return slipif_output(netif, p);
 249              		.loc 1 175 3 view .LVU64
 250              		.loc 1 175 10 is_stmt 0 view .LVU65
 251 0002 FFF7FEFF 		bl	slipif_output
 252              	.LVL26:
 176:Middlewares/Third_Party/LwIP/src/netif/slipif.c **** }
 253              		.loc 1 176 1 view .LVU66
 254 0006 08BD     		pop	{r3, pc}
 255              		.cfi_endproc
 256              	.LFE168:
 258              		.section	.text.slipif_rxbyte,"ax",%progbits
 259              		.align	1
 260              		.syntax unified
 261              		.thumb
 262              		.thumb_func
 264              	slipif_rxbyte:
 265              	.LVL27:
 266              	.LFB169:
 177:Middlewares/Third_Party/LwIP/src/netif/slipif.c **** #endif /* LWIP_IPV4 */
 178:Middlewares/Third_Party/LwIP/src/netif/slipif.c **** 
 179:Middlewares/Third_Party/LwIP/src/netif/slipif.c **** #if LWIP_IPV6
 180:Middlewares/Third_Party/LwIP/src/netif/slipif.c **** /**
 181:Middlewares/Third_Party/LwIP/src/netif/slipif.c ****  * Send a pbuf doing the necessary SLIP encapsulation
 182:Middlewares/Third_Party/LwIP/src/netif/slipif.c ****  *
 183:Middlewares/Third_Party/LwIP/src/netif/slipif.c ****  * Uses the serial layer's sio_send()
 184:Middlewares/Third_Party/LwIP/src/netif/slipif.c ****  *
 185:Middlewares/Third_Party/LwIP/src/netif/slipif.c ****  * @param netif the lwip network interface structure for this slipif
 186:Middlewares/Third_Party/LwIP/src/netif/slipif.c ****  * @param p the pbuf chain packet to send
 187:Middlewares/Third_Party/LwIP/src/netif/slipif.c ****  * @param ipaddr the ip address to send the packet to (not used for slipif)
 188:Middlewares/Third_Party/LwIP/src/netif/slipif.c ****  * @return always returns ERR_OK since the serial layer does not provide return values
 189:Middlewares/Third_Party/LwIP/src/netif/slipif.c ****  */
 190:Middlewares/Third_Party/LwIP/src/netif/slipif.c **** static err_t
 191:Middlewares/Third_Party/LwIP/src/netif/slipif.c **** slipif_output_v6(struct netif *netif, struct pbuf *p, const ip6_addr_t *ipaddr)
 192:Middlewares/Third_Party/LwIP/src/netif/slipif.c **** {
 193:Middlewares/Third_Party/LwIP/src/netif/slipif.c ****   LWIP_UNUSED_ARG(ipaddr);
 194:Middlewares/Third_Party/LwIP/src/netif/slipif.c ****   return slipif_output(netif, p);
 195:Middlewares/Third_Party/LwIP/src/netif/slipif.c **** }
 196:Middlewares/Third_Party/LwIP/src/netif/slipif.c **** #endif /* LWIP_IPV6 */
 197:Middlewares/Third_Party/LwIP/src/netif/slipif.c **** 
 198:Middlewares/Third_Party/LwIP/src/netif/slipif.c **** /**
 199:Middlewares/Third_Party/LwIP/src/netif/slipif.c ****  * Handle the incoming SLIP stream character by character
 200:Middlewares/Third_Party/LwIP/src/netif/slipif.c ****  *
 201:Middlewares/Third_Party/LwIP/src/netif/slipif.c ****  * @param netif the lwip network interface structure for this slipif
 202:Middlewares/Third_Party/LwIP/src/netif/slipif.c ****  * @param c received character (multiple calls to this function will
 203:Middlewares/Third_Party/LwIP/src/netif/slipif.c ****  *        return a complete packet, NULL is returned before - used for polling)
 204:Middlewares/Third_Party/LwIP/src/netif/slipif.c ****  * @return The IP packet when SLIP_END is received
 205:Middlewares/Third_Party/LwIP/src/netif/slipif.c ****  */
 206:Middlewares/Third_Party/LwIP/src/netif/slipif.c **** static struct pbuf *
 207:Middlewares/Third_Party/LwIP/src/netif/slipif.c **** slipif_rxbyte(struct netif *netif, u8_t c)
 208:Middlewares/Third_Party/LwIP/src/netif/slipif.c **** {
ARM GAS  /tmp/ccCDMs4v.s 			page 10


 267              		.loc 1 208 1 is_stmt 1 view -0
 268              		.cfi_startproc
 269              		@ args = 0, pretend = 0, frame = 0
 270              		@ frame_needed = 0, uses_anonymous_args = 0
 271              		.loc 1 208 1 is_stmt 0 view .LVU68
 272 0000 38B5     		push	{r3, r4, r5, lr}
 273              	.LCFI2:
 274              		.cfi_def_cfa_offset 16
 275              		.cfi_offset 3, -16
 276              		.cfi_offset 4, -12
 277              		.cfi_offset 5, -8
 278              		.cfi_offset 14, -4
 279 0002 0D46     		mov	r5, r1
 209:Middlewares/Third_Party/LwIP/src/netif/slipif.c ****   struct slipif_priv *priv;
 280              		.loc 1 209 3 is_stmt 1 view .LVU69
 210:Middlewares/Third_Party/LwIP/src/netif/slipif.c ****   struct pbuf *t;
 281              		.loc 1 210 3 view .LVU70
 211:Middlewares/Third_Party/LwIP/src/netif/slipif.c **** 
 212:Middlewares/Third_Party/LwIP/src/netif/slipif.c ****   LWIP_ASSERT("netif != NULL", (netif != NULL));
 282              		.loc 1 212 3 view .LVU71
 283              		.loc 1 212 3 view .LVU72
 284 0004 0446     		mov	r4, r0
 285 0006 0028     		cmp	r0, #0
 286 0008 2CD0     		beq	.L42
 287              	.LVL28:
 288              	.L25:
 289              		.loc 1 212 3 discriminator 3 view .LVU73
 290              		.loc 1 212 3 discriminator 3 view .LVU74
 213:Middlewares/Third_Party/LwIP/src/netif/slipif.c ****   LWIP_ASSERT("netif->state != NULL", (netif->state != NULL));
 291              		.loc 1 213 3 discriminator 3 view .LVU75
 292              		.loc 1 213 3 discriminator 3 view .LVU76
 293 000a 236A     		ldr	r3, [r4, #32]
 294 000c 002B     		cmp	r3, #0
 295 000e 30D0     		beq	.L43
 296              	.L26:
 297              		.loc 1 213 3 discriminator 3 view .LVU77
 298              		.loc 1 213 3 discriminator 3 view .LVU78
 214:Middlewares/Third_Party/LwIP/src/netif/slipif.c **** 
 215:Middlewares/Third_Party/LwIP/src/netif/slipif.c ****   priv = (struct slipif_priv *)netif->state;
 299              		.loc 1 215 3 discriminator 3 view .LVU79
 300              		.loc 1 215 8 is_stmt 0 discriminator 3 view .LVU80
 301 0010 246A     		ldr	r4, [r4, #32]
 302              	.LVL29:
 216:Middlewares/Third_Party/LwIP/src/netif/slipif.c **** 
 217:Middlewares/Third_Party/LwIP/src/netif/slipif.c ****   switch (priv->state) {
 303              		.loc 1 217 3 is_stmt 1 discriminator 3 view .LVU81
 304              		.loc 1 217 15 is_stmt 0 discriminator 3 view .LVU82
 305 0012 237B     		ldrb	r3, [r4, #12]	@ zero_extendqisi2
 306              		.loc 1 217 3 discriminator 3 view .LVU83
 307 0014 002B     		cmp	r3, #0
 308 0016 33D0     		beq	.L27
 309              		.loc 1 217 3 view .LVU84
 310 0018 012B     		cmp	r3, #1
 311 001a 47D0     		beq	.L28
 312              	.LVL30:
 313              	.L29:
 218:Middlewares/Third_Party/LwIP/src/netif/slipif.c ****     case SLIP_RECV_NORMAL:
ARM GAS  /tmp/ccCDMs4v.s 			page 11


 219:Middlewares/Third_Party/LwIP/src/netif/slipif.c ****       switch (c) {
 220:Middlewares/Third_Party/LwIP/src/netif/slipif.c ****         case SLIP_END:
 221:Middlewares/Third_Party/LwIP/src/netif/slipif.c ****           if (priv->recved > 0) {
 222:Middlewares/Third_Party/LwIP/src/netif/slipif.c ****             /* Received whole packet. */
 223:Middlewares/Third_Party/LwIP/src/netif/slipif.c ****             /* Trim the pbuf to the size of the received packet. */
 224:Middlewares/Third_Party/LwIP/src/netif/slipif.c ****             pbuf_realloc(priv->q, priv->recved);
 225:Middlewares/Third_Party/LwIP/src/netif/slipif.c **** 
 226:Middlewares/Third_Party/LwIP/src/netif/slipif.c ****             LINK_STATS_INC(link.recv);
 227:Middlewares/Third_Party/LwIP/src/netif/slipif.c **** 
 228:Middlewares/Third_Party/LwIP/src/netif/slipif.c ****             LWIP_DEBUGF(SLIP_DEBUG, ("slipif: Got packet (%"U16_F" bytes)\n", priv->recved));
 229:Middlewares/Third_Party/LwIP/src/netif/slipif.c ****             t = priv->q;
 230:Middlewares/Third_Party/LwIP/src/netif/slipif.c ****             priv->p = priv->q = NULL;
 231:Middlewares/Third_Party/LwIP/src/netif/slipif.c ****             priv->i = priv->recved = 0;
 232:Middlewares/Third_Party/LwIP/src/netif/slipif.c ****             return t;
 233:Middlewares/Third_Party/LwIP/src/netif/slipif.c ****           }
 234:Middlewares/Third_Party/LwIP/src/netif/slipif.c ****           return NULL;
 235:Middlewares/Third_Party/LwIP/src/netif/slipif.c ****         case SLIP_ESC:
 236:Middlewares/Third_Party/LwIP/src/netif/slipif.c ****           priv->state = SLIP_RECV_ESCAPE;
 237:Middlewares/Third_Party/LwIP/src/netif/slipif.c ****           return NULL;
 238:Middlewares/Third_Party/LwIP/src/netif/slipif.c ****         default:
 239:Middlewares/Third_Party/LwIP/src/netif/slipif.c ****           break;
 240:Middlewares/Third_Party/LwIP/src/netif/slipif.c ****       } /* end switch (c) */
 241:Middlewares/Third_Party/LwIP/src/netif/slipif.c ****       break;
 242:Middlewares/Third_Party/LwIP/src/netif/slipif.c ****     case SLIP_RECV_ESCAPE:
 243:Middlewares/Third_Party/LwIP/src/netif/slipif.c ****       /* un-escape END or ESC bytes, leave other bytes
 244:Middlewares/Third_Party/LwIP/src/netif/slipif.c ****          (although that would be a protocol error) */
 245:Middlewares/Third_Party/LwIP/src/netif/slipif.c ****       switch (c) {
 246:Middlewares/Third_Party/LwIP/src/netif/slipif.c ****         case SLIP_ESC_END:
 247:Middlewares/Third_Party/LwIP/src/netif/slipif.c ****           c = SLIP_END;
 248:Middlewares/Third_Party/LwIP/src/netif/slipif.c ****           break;
 249:Middlewares/Third_Party/LwIP/src/netif/slipif.c ****         case SLIP_ESC_ESC:
 250:Middlewares/Third_Party/LwIP/src/netif/slipif.c ****           c = SLIP_ESC;
 251:Middlewares/Third_Party/LwIP/src/netif/slipif.c ****           break;
 252:Middlewares/Third_Party/LwIP/src/netif/slipif.c ****         default:
 253:Middlewares/Third_Party/LwIP/src/netif/slipif.c ****           break;
 254:Middlewares/Third_Party/LwIP/src/netif/slipif.c ****       }
 255:Middlewares/Third_Party/LwIP/src/netif/slipif.c ****       priv->state = SLIP_RECV_NORMAL;
 256:Middlewares/Third_Party/LwIP/src/netif/slipif.c ****       break;
 257:Middlewares/Third_Party/LwIP/src/netif/slipif.c ****     default:
 258:Middlewares/Third_Party/LwIP/src/netif/slipif.c ****       break;
 259:Middlewares/Third_Party/LwIP/src/netif/slipif.c ****   } /* end switch (priv->state) */
 260:Middlewares/Third_Party/LwIP/src/netif/slipif.c **** 
 261:Middlewares/Third_Party/LwIP/src/netif/slipif.c ****   /* byte received, packet not yet completely received */
 262:Middlewares/Third_Party/LwIP/src/netif/slipif.c ****   if (priv->p == NULL) {
 314              		.loc 1 262 3 is_stmt 1 view .LVU85
 315              		.loc 1 262 11 is_stmt 0 view .LVU86
 316 001c 6368     		ldr	r3, [r4, #4]
 317              		.loc 1 262 6 view .LVU87
 318 001e 002B     		cmp	r3, #0
 319 0020 4ED0     		beq	.L44
 320              	.L34:
 263:Middlewares/Third_Party/LwIP/src/netif/slipif.c ****     /* allocate a new pbuf */
 264:Middlewares/Third_Party/LwIP/src/netif/slipif.c ****     LWIP_DEBUGF(SLIP_DEBUG, ("slipif_input: alloc\n"));
 265:Middlewares/Third_Party/LwIP/src/netif/slipif.c ****     priv->p = pbuf_alloc(PBUF_LINK, (PBUF_POOL_BUFSIZE - PBUF_LINK_HLEN - PBUF_LINK_ENCAPSULATION_H
 266:Middlewares/Third_Party/LwIP/src/netif/slipif.c **** 
 267:Middlewares/Third_Party/LwIP/src/netif/slipif.c ****     if (priv->p == NULL) {
 268:Middlewares/Third_Party/LwIP/src/netif/slipif.c ****       LINK_STATS_INC(link.drop);
ARM GAS  /tmp/ccCDMs4v.s 			page 12


 269:Middlewares/Third_Party/LwIP/src/netif/slipif.c ****       LWIP_DEBUGF(SLIP_DEBUG, ("slipif_input: no new pbuf! (DROP)\n"));
 270:Middlewares/Third_Party/LwIP/src/netif/slipif.c ****       /* don't process any further since we got no pbuf to receive to */
 271:Middlewares/Third_Party/LwIP/src/netif/slipif.c ****       return NULL;
 272:Middlewares/Third_Party/LwIP/src/netif/slipif.c ****     }
 273:Middlewares/Third_Party/LwIP/src/netif/slipif.c **** 
 274:Middlewares/Third_Party/LwIP/src/netif/slipif.c ****     if (priv->q != NULL) {
 275:Middlewares/Third_Party/LwIP/src/netif/slipif.c ****       /* 'chain' the pbuf to the existing chain */
 276:Middlewares/Third_Party/LwIP/src/netif/slipif.c ****       pbuf_cat(priv->q, priv->p);
 277:Middlewares/Third_Party/LwIP/src/netif/slipif.c ****     } else {
 278:Middlewares/Third_Party/LwIP/src/netif/slipif.c ****       /* p is the first pbuf in the chain */
 279:Middlewares/Third_Party/LwIP/src/netif/slipif.c ****       priv->q = priv->p;
 280:Middlewares/Third_Party/LwIP/src/netif/slipif.c ****     }
 281:Middlewares/Third_Party/LwIP/src/netif/slipif.c ****   }
 282:Middlewares/Third_Party/LwIP/src/netif/slipif.c **** 
 283:Middlewares/Third_Party/LwIP/src/netif/slipif.c ****   /* this automatically drops bytes if > SLIP_MAX_SIZE */
 284:Middlewares/Third_Party/LwIP/src/netif/slipif.c ****   if ((priv->p != NULL) && (priv->recved <= SLIP_MAX_SIZE)) {
 321              		.loc 1 284 3 is_stmt 1 view .LVU88
 322              		.loc 1 284 12 is_stmt 0 view .LVU89
 323 0022 6068     		ldr	r0, [r4, #4]
 324              		.loc 1 284 6 view .LVU90
 325 0024 0028     		cmp	r0, #0
 326 0026 61D0     		beq	.L24
 327              		.loc 1 284 33 discriminator 1 view .LVU91
 328 0028 228A     		ldrh	r2, [r4, #16]
 329              		.loc 1 284 25 discriminator 1 view .LVU92
 330 002a 40F2DC53 		movw	r3, #1500
 331 002e 9A42     		cmp	r2, r3
 332 0030 5BD8     		bhi	.L39
 285:Middlewares/Third_Party/LwIP/src/netif/slipif.c ****     ((u8_t *)priv->p->payload)[priv->i] = c;
 333              		.loc 1 285 5 is_stmt 1 view .LVU93
 334              		.loc 1 285 21 is_stmt 0 view .LVU94
 335 0032 4268     		ldr	r2, [r0, #4]
 336              		.loc 1 285 36 view .LVU95
 337 0034 E389     		ldrh	r3, [r4, #14]
 338              		.loc 1 285 41 view .LVU96
 339 0036 D554     		strb	r5, [r2, r3]
 286:Middlewares/Third_Party/LwIP/src/netif/slipif.c ****     priv->recved++;
 340              		.loc 1 286 5 is_stmt 1 view .LVU97
 341              		.loc 1 286 9 is_stmt 0 view .LVU98
 342 0038 238A     		ldrh	r3, [r4, #16]
 343              		.loc 1 286 17 view .LVU99
 344 003a 0133     		adds	r3, r3, #1
 345 003c 2382     		strh	r3, [r4, #16]	@ movhi
 287:Middlewares/Third_Party/LwIP/src/netif/slipif.c ****     priv->i++;
 346              		.loc 1 287 5 is_stmt 1 view .LVU100
 347              		.loc 1 287 9 is_stmt 0 view .LVU101
 348 003e E389     		ldrh	r3, [r4, #14]
 349              		.loc 1 287 12 view .LVU102
 350 0040 0133     		adds	r3, r3, #1
 351 0042 9BB2     		uxth	r3, r3
 352 0044 E381     		strh	r3, [r4, #14]	@ movhi
 288:Middlewares/Third_Party/LwIP/src/netif/slipif.c ****     if (priv->i >= priv->p->len) {
 353              		.loc 1 288 5 is_stmt 1 view .LVU103
 354              		.loc 1 288 24 is_stmt 0 view .LVU104
 355 0046 6268     		ldr	r2, [r4, #4]
 356              		.loc 1 288 27 view .LVU105
 357 0048 5189     		ldrh	r1, [r2, #10]
ARM GAS  /tmp/ccCDMs4v.s 			page 13


 358              		.loc 1 288 8 view .LVU106
 359 004a 8B42     		cmp	r3, r1
 360 004c 4FD3     		bcc	.L40
 289:Middlewares/Third_Party/LwIP/src/netif/slipif.c ****       /* on to the next pbuf */
 290:Middlewares/Third_Party/LwIP/src/netif/slipif.c ****       priv->i = 0;
 361              		.loc 1 290 7 is_stmt 1 view .LVU107
 362              		.loc 1 290 15 is_stmt 0 view .LVU108
 363 004e 0023     		movs	r3, #0
 364 0050 E381     		strh	r3, [r4, #14]	@ movhi
 291:Middlewares/Third_Party/LwIP/src/netif/slipif.c ****       if (priv->p->next != NULL && priv->p->next->len > 0) {
 365              		.loc 1 291 7 is_stmt 1 view .LVU109
 366              		.loc 1 291 18 is_stmt 0 view .LVU110
 367 0052 1368     		ldr	r3, [r2]
 368              		.loc 1 291 10 view .LVU111
 369 0054 002B     		cmp	r3, #0
 370 0056 45D0     		beq	.L36
 371              		.loc 1 291 49 discriminator 1 view .LVU112
 372 0058 5A89     		ldrh	r2, [r3, #10]
 373              		.loc 1 291 33 discriminator 1 view .LVU113
 374 005a 002A     		cmp	r2, #0
 375 005c 42D0     		beq	.L36
 292:Middlewares/Third_Party/LwIP/src/netif/slipif.c ****         /* p is a chain, on to the next in the chain */
 293:Middlewares/Third_Party/LwIP/src/netif/slipif.c ****         priv->p = priv->p->next;
 376              		.loc 1 293 9 is_stmt 1 view .LVU114
 377              		.loc 1 293 17 is_stmt 0 view .LVU115
 378 005e 6360     		str	r3, [r4, #4]
 294:Middlewares/Third_Party/LwIP/src/netif/slipif.c ****       } else {
 295:Middlewares/Third_Party/LwIP/src/netif/slipif.c ****         /* p is a single pbuf, set it to NULL so next time a new
 296:Middlewares/Third_Party/LwIP/src/netif/slipif.c ****          * pbuf is allocated */
 297:Middlewares/Third_Party/LwIP/src/netif/slipif.c ****         priv->p = NULL;
 298:Middlewares/Third_Party/LwIP/src/netif/slipif.c ****       }
 299:Middlewares/Third_Party/LwIP/src/netif/slipif.c ****     }
 300:Middlewares/Third_Party/LwIP/src/netif/slipif.c ****   }
 301:Middlewares/Third_Party/LwIP/src/netif/slipif.c ****   return NULL;
 379              		.loc 1 301 10 view .LVU116
 380 0060 0020     		movs	r0, #0
 293:Middlewares/Third_Party/LwIP/src/netif/slipif.c ****       } else {
 381              		.loc 1 293 17 view .LVU117
 382 0062 43E0     		b	.L24
 383              	.LVL31:
 384              	.L42:
 212:Middlewares/Third_Party/LwIP/src/netif/slipif.c ****   LWIP_ASSERT("netif->state != NULL", (netif->state != NULL));
 385              		.loc 1 212 3 is_stmt 1 discriminator 1 view .LVU118
 212:Middlewares/Third_Party/LwIP/src/netif/slipif.c ****   LWIP_ASSERT("netif->state != NULL", (netif->state != NULL));
 386              		.loc 1 212 3 discriminator 1 view .LVU119
 387 0064 234B     		ldr	r3, .L46
 388 0066 D422     		movs	r2, #212
 389 0068 2349     		ldr	r1, .L46+4
 390              	.LVL32:
 212:Middlewares/Third_Party/LwIP/src/netif/slipif.c ****   LWIP_ASSERT("netif->state != NULL", (netif->state != NULL));
 391              		.loc 1 212 3 is_stmt 0 discriminator 1 view .LVU120
 392 006a 2448     		ldr	r0, .L46+8
 393              	.LVL33:
 212:Middlewares/Third_Party/LwIP/src/netif/slipif.c ****   LWIP_ASSERT("netif->state != NULL", (netif->state != NULL));
 394              		.loc 1 212 3 discriminator 1 view .LVU121
 395 006c FFF7FEFF 		bl	printf
 396              	.LVL34:
ARM GAS  /tmp/ccCDMs4v.s 			page 14


 397 0070 CBE7     		b	.L25
 398              	.L43:
 213:Middlewares/Third_Party/LwIP/src/netif/slipif.c **** 
 399              		.loc 1 213 3 is_stmt 1 discriminator 1 view .LVU122
 213:Middlewares/Third_Party/LwIP/src/netif/slipif.c **** 
 400              		.loc 1 213 3 discriminator 1 view .LVU123
 401 0072 204B     		ldr	r3, .L46
 402 0074 D522     		movs	r2, #213
 403 0076 2249     		ldr	r1, .L46+12
 404 0078 2048     		ldr	r0, .L46+8
 405 007a FFF7FEFF 		bl	printf
 406              	.LVL35:
 407 007e C7E7     		b	.L26
 408              	.LVL36:
 409              	.L27:
 219:Middlewares/Third_Party/LwIP/src/netif/slipif.c ****         case SLIP_END:
 410              		.loc 1 219 7 view .LVU124
 411 0080 C02D     		cmp	r5, #192
 412 0082 05D0     		beq	.L30
 413 0084 DB2D     		cmp	r5, #219
 414 0086 C9D1     		bne	.L29
 236:Middlewares/Third_Party/LwIP/src/netif/slipif.c ****           return NULL;
 415              		.loc 1 236 11 view .LVU125
 236:Middlewares/Third_Party/LwIP/src/netif/slipif.c ****           return NULL;
 416              		.loc 1 236 23 is_stmt 0 view .LVU126
 417 0088 0123     		movs	r3, #1
 418 008a 2373     		strb	r3, [r4, #12]
 237:Middlewares/Third_Party/LwIP/src/netif/slipif.c ****         default:
 419              		.loc 1 237 11 is_stmt 1 view .LVU127
 237:Middlewares/Third_Party/LwIP/src/netif/slipif.c ****         default:
 420              		.loc 1 237 18 is_stmt 0 view .LVU128
 421 008c 0020     		movs	r0, #0
 422 008e 2DE0     		b	.L24
 423              	.L30:
 221:Middlewares/Third_Party/LwIP/src/netif/slipif.c ****             /* Received whole packet. */
 424              		.loc 1 221 11 is_stmt 1 view .LVU129
 221:Middlewares/Third_Party/LwIP/src/netif/slipif.c ****             /* Received whole packet. */
 425              		.loc 1 221 19 is_stmt 0 view .LVU130
 426 0090 218A     		ldrh	r1, [r4, #16]
 221:Middlewares/Third_Party/LwIP/src/netif/slipif.c ****             /* Received whole packet. */
 427              		.loc 1 221 14 view .LVU131
 428 0092 09B9     		cbnz	r1, .L45
 234:Middlewares/Third_Party/LwIP/src/netif/slipif.c ****         case SLIP_ESC:
 429              		.loc 1 234 18 view .LVU132
 430 0094 0020     		movs	r0, #0
 431 0096 29E0     		b	.L24
 432              	.L45:
 224:Middlewares/Third_Party/LwIP/src/netif/slipif.c **** 
 433              		.loc 1 224 13 is_stmt 1 view .LVU133
 434 0098 A068     		ldr	r0, [r4, #8]
 435 009a FFF7FEFF 		bl	pbuf_realloc
 436              	.LVL37:
 226:Middlewares/Third_Party/LwIP/src/netif/slipif.c **** 
 437              		.loc 1 226 38 view .LVU134
 228:Middlewares/Third_Party/LwIP/src/netif/slipif.c ****             t = priv->q;
 438              		.loc 1 228 93 view .LVU135
 229:Middlewares/Third_Party/LwIP/src/netif/slipif.c ****             priv->p = priv->q = NULL;
ARM GAS  /tmp/ccCDMs4v.s 			page 15


 439              		.loc 1 229 13 view .LVU136
 229:Middlewares/Third_Party/LwIP/src/netif/slipif.c ****             priv->p = priv->q = NULL;
 440              		.loc 1 229 15 is_stmt 0 view .LVU137
 441 009e A068     		ldr	r0, [r4, #8]
 442              	.LVL38:
 230:Middlewares/Third_Party/LwIP/src/netif/slipif.c ****             priv->i = priv->recved = 0;
 443              		.loc 1 230 13 is_stmt 1 view .LVU138
 230:Middlewares/Third_Party/LwIP/src/netif/slipif.c ****             priv->i = priv->recved = 0;
 444              		.loc 1 230 31 is_stmt 0 view .LVU139
 445 00a0 0023     		movs	r3, #0
 446 00a2 A360     		str	r3, [r4, #8]
 230:Middlewares/Third_Party/LwIP/src/netif/slipif.c ****             priv->i = priv->recved = 0;
 447              		.loc 1 230 21 view .LVU140
 448 00a4 6360     		str	r3, [r4, #4]
 231:Middlewares/Third_Party/LwIP/src/netif/slipif.c ****             return t;
 449              		.loc 1 231 13 is_stmt 1 view .LVU141
 231:Middlewares/Third_Party/LwIP/src/netif/slipif.c ****             return t;
 450              		.loc 1 231 36 is_stmt 0 view .LVU142
 451 00a6 2382     		strh	r3, [r4, #16]	@ movhi
 231:Middlewares/Third_Party/LwIP/src/netif/slipif.c ****             return t;
 452              		.loc 1 231 21 view .LVU143
 453 00a8 E381     		strh	r3, [r4, #14]	@ movhi
 232:Middlewares/Third_Party/LwIP/src/netif/slipif.c ****           }
 454              		.loc 1 232 13 is_stmt 1 view .LVU144
 232:Middlewares/Third_Party/LwIP/src/netif/slipif.c ****           }
 455              		.loc 1 232 20 is_stmt 0 view .LVU145
 456 00aa 1FE0     		b	.L24
 457              	.LVL39:
 458              	.L28:
 245:Middlewares/Third_Party/LwIP/src/netif/slipif.c ****         case SLIP_ESC_END:
 459              		.loc 1 245 7 is_stmt 1 view .LVU146
 460 00ac DC2D     		cmp	r5, #220
 461 00ae 05D0     		beq	.L38
 462 00b0 DD2D     		cmp	r5, #221
 463 00b2 00D1     		bne	.L33
 250:Middlewares/Third_Party/LwIP/src/netif/slipif.c ****           break;
 464              		.loc 1 250 13 is_stmt 0 view .LVU147
 465 00b4 DB25     		movs	r5, #219
 466              	.L33:
 467              	.LVL40:
 255:Middlewares/Third_Party/LwIP/src/netif/slipif.c ****       break;
 468              		.loc 1 255 7 is_stmt 1 view .LVU148
 255:Middlewares/Third_Party/LwIP/src/netif/slipif.c ****       break;
 469              		.loc 1 255 19 is_stmt 0 view .LVU149
 470 00b6 0023     		movs	r3, #0
 471 00b8 2373     		strb	r3, [r4, #12]
 256:Middlewares/Third_Party/LwIP/src/netif/slipif.c ****     default:
 472              		.loc 1 256 7 is_stmt 1 view .LVU150
 473 00ba AFE7     		b	.L29
 474              	.LVL41:
 475              	.L38:
 247:Middlewares/Third_Party/LwIP/src/netif/slipif.c ****           break;
 476              		.loc 1 247 13 is_stmt 0 view .LVU151
 477 00bc C025     		movs	r5, #192
 478 00be FAE7     		b	.L33
 479              	.LVL42:
 480              	.L44:
ARM GAS  /tmp/ccCDMs4v.s 			page 16


 264:Middlewares/Third_Party/LwIP/src/netif/slipif.c ****     priv->p = pbuf_alloc(PBUF_LINK, (PBUF_POOL_BUFSIZE - PBUF_LINK_HLEN - PBUF_LINK_ENCAPSULATION_H
 481              		.loc 1 264 55 is_stmt 1 view .LVU152
 265:Middlewares/Third_Party/LwIP/src/netif/slipif.c **** 
 482              		.loc 1 265 5 view .LVU153
 265:Middlewares/Third_Party/LwIP/src/netif/slipif.c **** 
 483              		.loc 1 265 15 is_stmt 0 view .LVU154
 484 00c0 4FF4C172 		mov	r2, #386
 485 00c4 40F24221 		movw	r1, #578
 486 00c8 0E20     		movs	r0, #14
 487 00ca FFF7FEFF 		bl	pbuf_alloc
 488              	.LVL43:
 265:Middlewares/Third_Party/LwIP/src/netif/slipif.c **** 
 489              		.loc 1 265 13 view .LVU155
 490 00ce 6060     		str	r0, [r4, #4]
 267:Middlewares/Third_Party/LwIP/src/netif/slipif.c ****       LINK_STATS_INC(link.drop);
 491              		.loc 1 267 5 is_stmt 1 view .LVU156
 267:Middlewares/Third_Party/LwIP/src/netif/slipif.c ****       LINK_STATS_INC(link.drop);
 492              		.loc 1 267 8 is_stmt 0 view .LVU157
 493 00d0 60B1     		cbz	r0, .L24
 274:Middlewares/Third_Party/LwIP/src/netif/slipif.c ****       /* 'chain' the pbuf to the existing chain */
 494              		.loc 1 274 5 is_stmt 1 view .LVU158
 274:Middlewares/Third_Party/LwIP/src/netif/slipif.c ****       /* 'chain' the pbuf to the existing chain */
 495              		.loc 1 274 13 is_stmt 0 view .LVU159
 496 00d2 A368     		ldr	r3, [r4, #8]
 274:Middlewares/Third_Party/LwIP/src/netif/slipif.c ****       /* 'chain' the pbuf to the existing chain */
 497              		.loc 1 274 8 view .LVU160
 498 00d4 23B1     		cbz	r3, .L35
 276:Middlewares/Third_Party/LwIP/src/netif/slipif.c ****     } else {
 499              		.loc 1 276 7 is_stmt 1 view .LVU161
 500 00d6 0146     		mov	r1, r0
 501 00d8 1846     		mov	r0, r3
 502 00da FFF7FEFF 		bl	pbuf_cat
 503              	.LVL44:
 504 00de A0E7     		b	.L34
 505              	.L35:
 279:Middlewares/Third_Party/LwIP/src/netif/slipif.c ****     }
 506              		.loc 1 279 7 view .LVU162
 279:Middlewares/Third_Party/LwIP/src/netif/slipif.c ****     }
 507              		.loc 1 279 15 is_stmt 0 view .LVU163
 508 00e0 A060     		str	r0, [r4, #8]
 509 00e2 9EE7     		b	.L34
 510              	.L36:
 297:Middlewares/Third_Party/LwIP/src/netif/slipif.c ****       }
 511              		.loc 1 297 9 is_stmt 1 view .LVU164
 297:Middlewares/Third_Party/LwIP/src/netif/slipif.c ****       }
 512              		.loc 1 297 17 is_stmt 0 view .LVU165
 513 00e4 0020     		movs	r0, #0
 514 00e6 6060     		str	r0, [r4, #4]
 515 00e8 00E0     		b	.L24
 516              	.L39:
 517              		.loc 1 301 10 view .LVU166
 518 00ea 0020     		movs	r0, #0
 519              	.LVL45:
 520              	.L24:
 302:Middlewares/Third_Party/LwIP/src/netif/slipif.c **** }
 521              		.loc 1 302 1 view .LVU167
 522 00ec 38BD     		pop	{r3, r4, r5, pc}
ARM GAS  /tmp/ccCDMs4v.s 			page 17


 523              	.LVL46:
 524              	.L40:
 301:Middlewares/Third_Party/LwIP/src/netif/slipif.c **** }
 525              		.loc 1 301 10 view .LVU168
 526 00ee 0020     		movs	r0, #0
 527 00f0 FCE7     		b	.L24
 528              	.L47:
 529 00f2 00BF     		.align	2
 530              	.L46:
 531 00f4 00000000 		.word	.LC0
 532 00f8 30000000 		.word	.LC1
 533 00fc 40000000 		.word	.LC2
 534 0100 68000000 		.word	.LC3
 535              		.cfi_endproc
 536              	.LFE169:
 538              		.section	.text.slipif_rxbyte_input,"ax",%progbits
 539              		.align	1
 540              		.syntax unified
 541              		.thumb
 542              		.thumb_func
 544              	slipif_rxbyte_input:
 545              	.LVL47:
 546              	.LFB170:
 303:Middlewares/Third_Party/LwIP/src/netif/slipif.c **** 
 304:Middlewares/Third_Party/LwIP/src/netif/slipif.c **** /** Like slipif_rxbyte, but passes completed packets to netif->input
 305:Middlewares/Third_Party/LwIP/src/netif/slipif.c ****  *
 306:Middlewares/Third_Party/LwIP/src/netif/slipif.c ****  * @param netif The lwip network interface structure for this slipif
 307:Middlewares/Third_Party/LwIP/src/netif/slipif.c ****  * @param c received character
 308:Middlewares/Third_Party/LwIP/src/netif/slipif.c ****  */
 309:Middlewares/Third_Party/LwIP/src/netif/slipif.c **** static void
 310:Middlewares/Third_Party/LwIP/src/netif/slipif.c **** slipif_rxbyte_input(struct netif *netif, u8_t c)
 311:Middlewares/Third_Party/LwIP/src/netif/slipif.c **** {
 547              		.loc 1 311 1 is_stmt 1 view -0
 548              		.cfi_startproc
 549              		@ args = 0, pretend = 0, frame = 0
 550              		@ frame_needed = 0, uses_anonymous_args = 0
 551              		.loc 1 311 1 is_stmt 0 view .LVU170
 552 0000 38B5     		push	{r3, r4, r5, lr}
 553              	.LCFI3:
 554              		.cfi_def_cfa_offset 16
 555              		.cfi_offset 3, -16
 556              		.cfi_offset 4, -12
 557              		.cfi_offset 5, -8
 558              		.cfi_offset 14, -4
 559 0002 0446     		mov	r4, r0
 312:Middlewares/Third_Party/LwIP/src/netif/slipif.c ****   struct pbuf *p;
 560              		.loc 1 312 3 is_stmt 1 view .LVU171
 313:Middlewares/Third_Party/LwIP/src/netif/slipif.c ****   p = slipif_rxbyte(netif, c);
 561              		.loc 1 313 3 view .LVU172
 562              		.loc 1 313 7 is_stmt 0 view .LVU173
 563 0004 FFF7FEFF 		bl	slipif_rxbyte
 564              	.LVL48:
 314:Middlewares/Third_Party/LwIP/src/netif/slipif.c ****   if (p != NULL) {
 565              		.loc 1 314 3 is_stmt 1 view .LVU174
 566              		.loc 1 314 6 is_stmt 0 view .LVU175
 567 0008 20B1     		cbz	r0, .L48
 568 000a 0546     		mov	r5, r0
ARM GAS  /tmp/ccCDMs4v.s 			page 18


 315:Middlewares/Third_Party/LwIP/src/netif/slipif.c ****     if (netif->input(p, netif) != ERR_OK) {
 569              		.loc 1 315 5 is_stmt 1 view .LVU176
 570              		.loc 1 315 14 is_stmt 0 view .LVU177
 571 000c 2369     		ldr	r3, [r4, #16]
 572              		.loc 1 315 9 view .LVU178
 573 000e 2146     		mov	r1, r4
 574 0010 9847     		blx	r3
 575              	.LVL49:
 576              		.loc 1 315 8 view .LVU179
 577 0012 00B9     		cbnz	r0, .L51
 578              	.LVL50:
 579              	.L48:
 316:Middlewares/Third_Party/LwIP/src/netif/slipif.c ****       pbuf_free(p);
 317:Middlewares/Third_Party/LwIP/src/netif/slipif.c ****     }
 318:Middlewares/Third_Party/LwIP/src/netif/slipif.c ****   }
 319:Middlewares/Third_Party/LwIP/src/netif/slipif.c **** }
 580              		.loc 1 319 1 view .LVU180
 581 0014 38BD     		pop	{r3, r4, r5, pc}
 582              	.LVL51:
 583              	.L51:
 316:Middlewares/Third_Party/LwIP/src/netif/slipif.c ****       pbuf_free(p);
 584              		.loc 1 316 7 is_stmt 1 view .LVU181
 585 0016 2846     		mov	r0, r5
 586 0018 FFF7FEFF 		bl	pbuf_free
 587              	.LVL52:
 588              		.loc 1 319 1 is_stmt 0 view .LVU182
 589 001c FAE7     		b	.L48
 590              		.cfi_endproc
 591              	.LFE170:
 593              		.section	.rodata.slipif_init.str1.4,"aMS",%progbits,1
 594              		.align	2
 595              	.LC5:
 596 0000 736C6970 		.ascii	"slipif needs an input callback\000"
 596      6966206E 
 596      65656473 
 596      20616E20 
 596      696E7075 
 597              		.section	.text.slipif_init,"ax",%progbits
 598              		.align	1
 599              		.global	slipif_init
 600              		.syntax unified
 601              		.thumb
 602              		.thumb_func
 604              	slipif_init:
 605              	.LVL53:
 606              	.LFB171:
 320:Middlewares/Third_Party/LwIP/src/netif/slipif.c **** 
 321:Middlewares/Third_Party/LwIP/src/netif/slipif.c **** #if SLIP_USE_RX_THREAD
 322:Middlewares/Third_Party/LwIP/src/netif/slipif.c **** /**
 323:Middlewares/Third_Party/LwIP/src/netif/slipif.c ****  * The SLIP input thread.
 324:Middlewares/Third_Party/LwIP/src/netif/slipif.c ****  *
 325:Middlewares/Third_Party/LwIP/src/netif/slipif.c ****  * Feed the IP layer with incoming packets
 326:Middlewares/Third_Party/LwIP/src/netif/slipif.c ****  *
 327:Middlewares/Third_Party/LwIP/src/netif/slipif.c ****  * @param nf the lwip network interface structure for this slipif
 328:Middlewares/Third_Party/LwIP/src/netif/slipif.c ****  */
 329:Middlewares/Third_Party/LwIP/src/netif/slipif.c **** static void
 330:Middlewares/Third_Party/LwIP/src/netif/slipif.c **** slipif_loop_thread(void *nf)
ARM GAS  /tmp/ccCDMs4v.s 			page 19


 331:Middlewares/Third_Party/LwIP/src/netif/slipif.c **** {
 332:Middlewares/Third_Party/LwIP/src/netif/slipif.c ****   u8_t c;
 333:Middlewares/Third_Party/LwIP/src/netif/slipif.c ****   struct netif *netif = (struct netif *)nf;
 334:Middlewares/Third_Party/LwIP/src/netif/slipif.c ****   struct slipif_priv *priv = (struct slipif_priv *)netif->state;
 335:Middlewares/Third_Party/LwIP/src/netif/slipif.c **** 
 336:Middlewares/Third_Party/LwIP/src/netif/slipif.c ****   while (1) {
 337:Middlewares/Third_Party/LwIP/src/netif/slipif.c ****     if (sio_read(priv->sd, &c, 1) > 0) {
 338:Middlewares/Third_Party/LwIP/src/netif/slipif.c ****       slipif_rxbyte_input(netif, c);
 339:Middlewares/Third_Party/LwIP/src/netif/slipif.c ****     }
 340:Middlewares/Third_Party/LwIP/src/netif/slipif.c ****   }
 341:Middlewares/Third_Party/LwIP/src/netif/slipif.c **** }
 342:Middlewares/Third_Party/LwIP/src/netif/slipif.c **** #endif /* SLIP_USE_RX_THREAD */
 343:Middlewares/Third_Party/LwIP/src/netif/slipif.c **** 
 344:Middlewares/Third_Party/LwIP/src/netif/slipif.c **** /**
 345:Middlewares/Third_Party/LwIP/src/netif/slipif.c ****  * @ingroup slipif
 346:Middlewares/Third_Party/LwIP/src/netif/slipif.c ****  * SLIP netif initialization
 347:Middlewares/Third_Party/LwIP/src/netif/slipif.c ****  *
 348:Middlewares/Third_Party/LwIP/src/netif/slipif.c ****  * Call the arch specific sio_open and remember
 349:Middlewares/Third_Party/LwIP/src/netif/slipif.c ****  * the opened device in the state field of the netif.
 350:Middlewares/Third_Party/LwIP/src/netif/slipif.c ****  *
 351:Middlewares/Third_Party/LwIP/src/netif/slipif.c ****  * @param netif the lwip network interface structure for this slipif
 352:Middlewares/Third_Party/LwIP/src/netif/slipif.c ****  * @return ERR_OK if serial line could be opened,
 353:Middlewares/Third_Party/LwIP/src/netif/slipif.c ****  *         ERR_MEM if no memory could be allocated,
 354:Middlewares/Third_Party/LwIP/src/netif/slipif.c ****  *         ERR_IF is serial line couldn't be opened
 355:Middlewares/Third_Party/LwIP/src/netif/slipif.c ****  *
 356:Middlewares/Third_Party/LwIP/src/netif/slipif.c ****  * @note If netif->state is interpreted as an u8_t serial port number.
 357:Middlewares/Third_Party/LwIP/src/netif/slipif.c ****  *
 358:Middlewares/Third_Party/LwIP/src/netif/slipif.c ****  */
 359:Middlewares/Third_Party/LwIP/src/netif/slipif.c **** err_t
 360:Middlewares/Third_Party/LwIP/src/netif/slipif.c **** slipif_init(struct netif *netif)
 361:Middlewares/Third_Party/LwIP/src/netif/slipif.c **** {
 607              		.loc 1 361 1 is_stmt 1 view -0
 608              		.cfi_startproc
 609              		@ args = 0, pretend = 0, frame = 0
 610              		@ frame_needed = 0, uses_anonymous_args = 0
 611              		.loc 1 361 1 is_stmt 0 view .LVU184
 612 0000 70B5     		push	{r4, r5, r6, lr}
 613              	.LCFI4:
 614              		.cfi_def_cfa_offset 16
 615              		.cfi_offset 4, -16
 616              		.cfi_offset 5, -12
 617              		.cfi_offset 6, -8
 618              		.cfi_offset 14, -4
 619 0002 0446     		mov	r4, r0
 362:Middlewares/Third_Party/LwIP/src/netif/slipif.c ****   struct slipif_priv *priv;
 620              		.loc 1 362 3 is_stmt 1 view .LVU185
 363:Middlewares/Third_Party/LwIP/src/netif/slipif.c ****   u8_t sio_num;
 621              		.loc 1 363 3 view .LVU186
 364:Middlewares/Third_Party/LwIP/src/netif/slipif.c **** 
 365:Middlewares/Third_Party/LwIP/src/netif/slipif.c ****   LWIP_ASSERT("slipif needs an input callback", netif->input != NULL);
 622              		.loc 1 365 3 view .LVU187
 623              		.loc 1 365 3 view .LVU188
 624 0004 0369     		ldr	r3, [r0, #16]
 625 0006 F3B1     		cbz	r3, .L58
 626              	.LVL54:
 627              	.L53:
 628              		.loc 1 365 3 discriminator 3 view .LVU189
ARM GAS  /tmp/ccCDMs4v.s 			page 20


 629              		.loc 1 365 3 discriminator 3 view .LVU190
 366:Middlewares/Third_Party/LwIP/src/netif/slipif.c **** 
 367:Middlewares/Third_Party/LwIP/src/netif/slipif.c ****   /* netif->state contains serial port number */
 368:Middlewares/Third_Party/LwIP/src/netif/slipif.c ****   sio_num = LWIP_PTR_NUMERIC_CAST(u8_t, netif->state);
 630              		.loc 1 368 3 discriminator 3 view .LVU191
 631              		.loc 1 368 11 is_stmt 0 discriminator 3 view .LVU192
 632 0008 94F82060 		ldrb	r6, [r4, #32]	@ zero_extendqisi2
 633              	.LVL55:
 369:Middlewares/Third_Party/LwIP/src/netif/slipif.c **** 
 370:Middlewares/Third_Party/LwIP/src/netif/slipif.c ****   LWIP_DEBUGF(SLIP_DEBUG, ("slipif_init: netif->num=%"U16_F"\n", (u16_t)sio_num));
 634              		.loc 1 370 82 is_stmt 1 discriminator 3 view .LVU193
 371:Middlewares/Third_Party/LwIP/src/netif/slipif.c **** 
 372:Middlewares/Third_Party/LwIP/src/netif/slipif.c ****   /* Allocate private data */
 373:Middlewares/Third_Party/LwIP/src/netif/slipif.c ****   priv = (struct slipif_priv *)mem_malloc(sizeof(struct slipif_priv));
 635              		.loc 1 373 3 discriminator 3 view .LVU194
 636              		.loc 1 373 32 is_stmt 0 discriminator 3 view .LVU195
 637 000c 1420     		movs	r0, #20
 638 000e FFF7FEFF 		bl	mem_malloc
 639              	.LVL56:
 374:Middlewares/Third_Party/LwIP/src/netif/slipif.c ****   if (!priv) {
 640              		.loc 1 374 3 is_stmt 1 discriminator 3 view .LVU196
 641              		.loc 1 374 6 is_stmt 0 discriminator 3 view .LVU197
 642 0012 0546     		mov	r5, r0
 643 0014 28B3     		cbz	r0, .L56
 375:Middlewares/Third_Party/LwIP/src/netif/slipif.c ****     return ERR_MEM;
 376:Middlewares/Third_Party/LwIP/src/netif/slipif.c ****   }
 377:Middlewares/Third_Party/LwIP/src/netif/slipif.c **** 
 378:Middlewares/Third_Party/LwIP/src/netif/slipif.c ****   netif->name[0] = 's';
 644              		.loc 1 378 3 is_stmt 1 view .LVU198
 645              		.loc 1 378 18 is_stmt 0 view .LVU199
 646 0016 7323     		movs	r3, #115
 647 0018 84F82E30 		strb	r3, [r4, #46]
 379:Middlewares/Third_Party/LwIP/src/netif/slipif.c ****   netif->name[1] = 'l';
 648              		.loc 1 379 3 is_stmt 1 view .LVU200
 649              		.loc 1 379 18 is_stmt 0 view .LVU201
 650 001c 6C23     		movs	r3, #108
 651 001e 84F82F30 		strb	r3, [r4, #47]
 380:Middlewares/Third_Party/LwIP/src/netif/slipif.c **** #if LWIP_IPV4
 381:Middlewares/Third_Party/LwIP/src/netif/slipif.c ****   netif->output = slipif_output_v4;
 652              		.loc 1 381 3 is_stmt 1 view .LVU202
 653              		.loc 1 381 17 is_stmt 0 view .LVU203
 654 0022 114B     		ldr	r3, .L60
 655 0024 6361     		str	r3, [r4, #20]
 382:Middlewares/Third_Party/LwIP/src/netif/slipif.c **** #endif /* LWIP_IPV4 */
 383:Middlewares/Third_Party/LwIP/src/netif/slipif.c **** #if LWIP_IPV6
 384:Middlewares/Third_Party/LwIP/src/netif/slipif.c ****   netif->output_ip6 = slipif_output_v6;
 385:Middlewares/Third_Party/LwIP/src/netif/slipif.c **** #endif /* LWIP_IPV6 */
 386:Middlewares/Third_Party/LwIP/src/netif/slipif.c ****   netif->mtu = SLIP_MAX_SIZE;
 656              		.loc 1 386 3 is_stmt 1 view .LVU204
 657              		.loc 1 386 14 is_stmt 0 view .LVU205
 658 0026 40F2DC53 		movw	r3, #1500
 659 002a A384     		strh	r3, [r4, #36]	@ movhi
 387:Middlewares/Third_Party/LwIP/src/netif/slipif.c **** 
 388:Middlewares/Third_Party/LwIP/src/netif/slipif.c ****   /* Try to open the serial port. */
 389:Middlewares/Third_Party/LwIP/src/netif/slipif.c ****   priv->sd = sio_open(sio_num);
 660              		.loc 1 389 3 is_stmt 1 view .LVU206
 661              		.loc 1 389 14 is_stmt 0 view .LVU207
ARM GAS  /tmp/ccCDMs4v.s 			page 21


 662 002c 3046     		mov	r0, r6
 663              	.LVL57:
 664              		.loc 1 389 14 view .LVU208
 665 002e FFF7FEFF 		bl	sio_open
 666              	.LVL58:
 667              		.loc 1 389 12 view .LVU209
 668 0032 2860     		str	r0, [r5]
 390:Middlewares/Third_Party/LwIP/src/netif/slipif.c ****   if (!priv->sd) {
 669              		.loc 1 390 3 is_stmt 1 view .LVU210
 670              		.loc 1 390 6 is_stmt 0 view .LVU211
 671 0034 78B1     		cbz	r0, .L59
 391:Middlewares/Third_Party/LwIP/src/netif/slipif.c ****     /* Opening the serial port failed. */
 392:Middlewares/Third_Party/LwIP/src/netif/slipif.c ****     mem_free(priv);
 393:Middlewares/Third_Party/LwIP/src/netif/slipif.c ****     return ERR_IF;
 394:Middlewares/Third_Party/LwIP/src/netif/slipif.c ****   }
 395:Middlewares/Third_Party/LwIP/src/netif/slipif.c **** 
 396:Middlewares/Third_Party/LwIP/src/netif/slipif.c ****   /* Initialize private data */
 397:Middlewares/Third_Party/LwIP/src/netif/slipif.c ****   priv->p = NULL;
 672              		.loc 1 397 3 is_stmt 1 view .LVU212
 673              		.loc 1 397 11 is_stmt 0 view .LVU213
 674 0036 0020     		movs	r0, #0
 675 0038 6860     		str	r0, [r5, #4]
 398:Middlewares/Third_Party/LwIP/src/netif/slipif.c ****   priv->q = NULL;
 676              		.loc 1 398 3 is_stmt 1 view .LVU214
 677              		.loc 1 398 11 is_stmt 0 view .LVU215
 678 003a A860     		str	r0, [r5, #8]
 399:Middlewares/Third_Party/LwIP/src/netif/slipif.c ****   priv->state = SLIP_RECV_NORMAL;
 679              		.loc 1 399 3 is_stmt 1 view .LVU216
 680              		.loc 1 399 15 is_stmt 0 view .LVU217
 681 003c 2873     		strb	r0, [r5, #12]
 400:Middlewares/Third_Party/LwIP/src/netif/slipif.c ****   priv->i = 0;
 682              		.loc 1 400 3 is_stmt 1 view .LVU218
 683              		.loc 1 400 11 is_stmt 0 view .LVU219
 684 003e E881     		strh	r0, [r5, #14]	@ movhi
 401:Middlewares/Third_Party/LwIP/src/netif/slipif.c ****   priv->recved = 0;
 685              		.loc 1 401 3 is_stmt 1 view .LVU220
 686              		.loc 1 401 16 is_stmt 0 view .LVU221
 687 0040 2882     		strh	r0, [r5, #16]	@ movhi
 402:Middlewares/Third_Party/LwIP/src/netif/slipif.c **** #if SLIP_RX_FROM_ISR
 403:Middlewares/Third_Party/LwIP/src/netif/slipif.c ****   priv->rxpackets = NULL;
 404:Middlewares/Third_Party/LwIP/src/netif/slipif.c **** #endif
 405:Middlewares/Third_Party/LwIP/src/netif/slipif.c **** 
 406:Middlewares/Third_Party/LwIP/src/netif/slipif.c ****   netif->state = priv;
 688              		.loc 1 406 3 is_stmt 1 view .LVU222
 689              		.loc 1 406 16 is_stmt 0 view .LVU223
 690 0042 2562     		str	r5, [r4, #32]
 407:Middlewares/Third_Party/LwIP/src/netif/slipif.c **** 
 408:Middlewares/Third_Party/LwIP/src/netif/slipif.c ****   /* initialize the snmp variables and counters inside the struct netif */
 409:Middlewares/Third_Party/LwIP/src/netif/slipif.c ****   MIB2_INIT_NETIF(netif, snmp_ifType_slip, SLIP_SIO_SPEED(priv->sd));
 691              		.loc 1 409 69 is_stmt 1 view .LVU224
 410:Middlewares/Third_Party/LwIP/src/netif/slipif.c **** 
 411:Middlewares/Third_Party/LwIP/src/netif/slipif.c **** #if SLIP_USE_RX_THREAD
 412:Middlewares/Third_Party/LwIP/src/netif/slipif.c ****   /* Create a thread to poll the serial line. */
 413:Middlewares/Third_Party/LwIP/src/netif/slipif.c ****   sys_thread_new(SLIPIF_THREAD_NAME, slipif_loop_thread, netif,
 414:Middlewares/Third_Party/LwIP/src/netif/slipif.c ****                  SLIPIF_THREAD_STACKSIZE, SLIPIF_THREAD_PRIO);
 415:Middlewares/Third_Party/LwIP/src/netif/slipif.c **** #endif /* SLIP_USE_RX_THREAD */
 416:Middlewares/Third_Party/LwIP/src/netif/slipif.c ****   return ERR_OK;
ARM GAS  /tmp/ccCDMs4v.s 			page 22


 692              		.loc 1 416 3 view .LVU225
 693              	.L54:
 417:Middlewares/Third_Party/LwIP/src/netif/slipif.c **** }
 694              		.loc 1 417 1 is_stmt 0 view .LVU226
 695 0044 70BD     		pop	{r4, r5, r6, pc}
 696              	.LVL59:
 697              	.L58:
 365:Middlewares/Third_Party/LwIP/src/netif/slipif.c **** 
 698              		.loc 1 365 3 is_stmt 1 discriminator 1 view .LVU227
 365:Middlewares/Third_Party/LwIP/src/netif/slipif.c **** 
 699              		.loc 1 365 3 discriminator 1 view .LVU228
 700 0046 094B     		ldr	r3, .L60+4
 701 0048 40F26D12 		movw	r2, #365
 702 004c 0849     		ldr	r1, .L60+8
 703 004e 0948     		ldr	r0, .L60+12
 704              	.LVL60:
 365:Middlewares/Third_Party/LwIP/src/netif/slipif.c **** 
 705              		.loc 1 365 3 is_stmt 0 discriminator 1 view .LVU229
 706 0050 FFF7FEFF 		bl	printf
 707              	.LVL61:
 708 0054 D8E7     		b	.L53
 709              	.LVL62:
 710              	.L59:
 392:Middlewares/Third_Party/LwIP/src/netif/slipif.c ****     return ERR_IF;
 711              		.loc 1 392 5 is_stmt 1 view .LVU230
 712 0056 2846     		mov	r0, r5
 713 0058 FFF7FEFF 		bl	mem_free
 714              	.LVL63:
 393:Middlewares/Third_Party/LwIP/src/netif/slipif.c ****   }
 715              		.loc 1 393 5 view .LVU231
 393:Middlewares/Third_Party/LwIP/src/netif/slipif.c ****   }
 716              		.loc 1 393 12 is_stmt 0 view .LVU232
 717 005c 6FF00B00 		mvn	r0, #11
 718 0060 F0E7     		b	.L54
 719              	.LVL64:
 720              	.L56:
 375:Middlewares/Third_Party/LwIP/src/netif/slipif.c ****   }
 721              		.loc 1 375 12 view .LVU233
 722 0062 4FF0FF30 		mov	r0, #-1
 723              	.LVL65:
 375:Middlewares/Third_Party/LwIP/src/netif/slipif.c ****   }
 724              		.loc 1 375 12 view .LVU234
 725 0066 EDE7     		b	.L54
 726              	.L61:
 727              		.align	2
 728              	.L60:
 729 0068 00000000 		.word	slipif_output_v4
 730 006c 00000000 		.word	.LC0
 731 0070 00000000 		.word	.LC5
 732 0074 40000000 		.word	.LC2
 733              		.cfi_endproc
 734              	.LFE171:
 736              		.section	.text.slipif_poll,"ax",%progbits
 737              		.align	1
 738              		.global	slipif_poll
 739              		.syntax unified
 740              		.thumb
ARM GAS  /tmp/ccCDMs4v.s 			page 23


 741              		.thumb_func
 743              	slipif_poll:
 744              	.LVL66:
 745              	.LFB172:
 418:Middlewares/Third_Party/LwIP/src/netif/slipif.c **** 
 419:Middlewares/Third_Party/LwIP/src/netif/slipif.c **** /**
 420:Middlewares/Third_Party/LwIP/src/netif/slipif.c ****  * @ingroup slipif
 421:Middlewares/Third_Party/LwIP/src/netif/slipif.c ****  * Polls the serial device and feeds the IP layer with incoming packets.
 422:Middlewares/Third_Party/LwIP/src/netif/slipif.c ****  *
 423:Middlewares/Third_Party/LwIP/src/netif/slipif.c ****  * @param netif The lwip network interface structure for this slipif
 424:Middlewares/Third_Party/LwIP/src/netif/slipif.c ****  */
 425:Middlewares/Third_Party/LwIP/src/netif/slipif.c **** void
 426:Middlewares/Third_Party/LwIP/src/netif/slipif.c **** slipif_poll(struct netif *netif)
 427:Middlewares/Third_Party/LwIP/src/netif/slipif.c **** {
 746              		.loc 1 427 1 is_stmt 1 view -0
 747              		.cfi_startproc
 748              		@ args = 0, pretend = 0, frame = 8
 749              		@ frame_needed = 0, uses_anonymous_args = 0
 750              		.loc 1 427 1 is_stmt 0 view .LVU236
 751 0000 30B5     		push	{r4, r5, lr}
 752              	.LCFI5:
 753              		.cfi_def_cfa_offset 12
 754              		.cfi_offset 4, -12
 755              		.cfi_offset 5, -8
 756              		.cfi_offset 14, -4
 757 0002 83B0     		sub	sp, sp, #12
 758              	.LCFI6:
 759              		.cfi_def_cfa_offset 24
 428:Middlewares/Third_Party/LwIP/src/netif/slipif.c ****   u8_t c;
 760              		.loc 1 428 3 is_stmt 1 view .LVU237
 429:Middlewares/Third_Party/LwIP/src/netif/slipif.c ****   struct slipif_priv *priv;
 761              		.loc 1 429 3 view .LVU238
 430:Middlewares/Third_Party/LwIP/src/netif/slipif.c **** 
 431:Middlewares/Third_Party/LwIP/src/netif/slipif.c ****   LWIP_ASSERT("netif != NULL", (netif != NULL));
 762              		.loc 1 431 3 view .LVU239
 763              		.loc 1 431 3 view .LVU240
 764 0004 0446     		mov	r4, r0
 765 0006 18B1     		cbz	r0, .L68
 766              	.LVL67:
 767              	.L63:
 768              		.loc 1 431 3 discriminator 3 view .LVU241
 769              		.loc 1 431 3 discriminator 3 view .LVU242
 432:Middlewares/Third_Party/LwIP/src/netif/slipif.c ****   LWIP_ASSERT("netif->state != NULL", (netif->state != NULL));
 770              		.loc 1 432 3 discriminator 3 view .LVU243
 771              		.loc 1 432 3 discriminator 3 view .LVU244
 772 0008 236A     		ldr	r3, [r4, #32]
 773 000a 4BB1     		cbz	r3, .L69
 774              	.L64:
 775              		.loc 1 432 3 discriminator 3 view .LVU245
 776              		.loc 1 432 3 discriminator 3 view .LVU246
 433:Middlewares/Third_Party/LwIP/src/netif/slipif.c **** 
 434:Middlewares/Third_Party/LwIP/src/netif/slipif.c ****   priv = (struct slipif_priv *)netif->state;
 777              		.loc 1 434 3 discriminator 3 view .LVU247
 778              		.loc 1 434 8 is_stmt 0 discriminator 3 view .LVU248
 779 000c 256A     		ldr	r5, [r4, #32]
 780              	.LVL68:
 435:Middlewares/Third_Party/LwIP/src/netif/slipif.c **** 
ARM GAS  /tmp/ccCDMs4v.s 			page 24


 436:Middlewares/Third_Party/LwIP/src/netif/slipif.c ****   while (sio_tryread(priv->sd, &c, 1) > 0) {
 781              		.loc 1 436 3 is_stmt 1 discriminator 3 view .LVU249
 782              		.loc 1 436 9 is_stmt 0 discriminator 3 view .LVU250
 783 000e 14E0     		b	.L65
 784              	.LVL69:
 785              	.L68:
 431:Middlewares/Third_Party/LwIP/src/netif/slipif.c ****   LWIP_ASSERT("netif->state != NULL", (netif->state != NULL));
 786              		.loc 1 431 3 is_stmt 1 discriminator 1 view .LVU251
 431:Middlewares/Third_Party/LwIP/src/netif/slipif.c ****   LWIP_ASSERT("netif->state != NULL", (netif->state != NULL));
 787              		.loc 1 431 3 discriminator 1 view .LVU252
 788 0010 0F4B     		ldr	r3, .L70
 789 0012 40F2AF12 		movw	r2, #431
 790 0016 0F49     		ldr	r1, .L70+4
 791 0018 0F48     		ldr	r0, .L70+8
 792              	.LVL70:
 431:Middlewares/Third_Party/LwIP/src/netif/slipif.c ****   LWIP_ASSERT("netif->state != NULL", (netif->state != NULL));
 793              		.loc 1 431 3 is_stmt 0 discriminator 1 view .LVU253
 794 001a FFF7FEFF 		bl	printf
 795              	.LVL71:
 796 001e F3E7     		b	.L63
 797              	.L69:
 432:Middlewares/Third_Party/LwIP/src/netif/slipif.c **** 
 798              		.loc 1 432 3 is_stmt 1 discriminator 1 view .LVU254
 432:Middlewares/Third_Party/LwIP/src/netif/slipif.c **** 
 799              		.loc 1 432 3 discriminator 1 view .LVU255
 800 0020 0B4B     		ldr	r3, .L70
 801 0022 4FF4D872 		mov	r2, #432
 802 0026 0D49     		ldr	r1, .L70+12
 803 0028 0B48     		ldr	r0, .L70+8
 804 002a FFF7FEFF 		bl	printf
 805              	.LVL72:
 806 002e EDE7     		b	.L64
 807              	.LVL73:
 808              	.L66:
 437:Middlewares/Third_Party/LwIP/src/netif/slipif.c ****     slipif_rxbyte_input(netif, c);
 809              		.loc 1 437 5 view .LVU256
 810 0030 9DF80710 		ldrb	r1, [sp, #7]	@ zero_extendqisi2
 811 0034 2046     		mov	r0, r4
 812 0036 FFF7FEFF 		bl	slipif_rxbyte_input
 813              	.LVL74:
 814              	.L65:
 436:Middlewares/Third_Party/LwIP/src/netif/slipif.c ****     slipif_rxbyte_input(netif, c);
 815              		.loc 1 436 9 view .LVU257
 436:Middlewares/Third_Party/LwIP/src/netif/slipif.c ****     slipif_rxbyte_input(netif, c);
 816              		.loc 1 436 10 is_stmt 0 view .LVU258
 817 003a 0122     		movs	r2, #1
 818 003c 0DF10701 		add	r1, sp, #7
 819 0040 2868     		ldr	r0, [r5]
 820 0042 FFF7FEFF 		bl	sio_tryread
 821              	.LVL75:
 436:Middlewares/Third_Party/LwIP/src/netif/slipif.c ****     slipif_rxbyte_input(netif, c);
 822              		.loc 1 436 9 view .LVU259
 823 0046 0028     		cmp	r0, #0
 824 0048 F2D1     		bne	.L66
 438:Middlewares/Third_Party/LwIP/src/netif/slipif.c ****   }
 439:Middlewares/Third_Party/LwIP/src/netif/slipif.c **** }
 825              		.loc 1 439 1 view .LVU260
ARM GAS  /tmp/ccCDMs4v.s 			page 25


 826 004a 03B0     		add	sp, sp, #12
 827              	.LCFI7:
 828              		.cfi_def_cfa_offset 12
 829              		@ sp needed
 830 004c 30BD     		pop	{r4, r5, pc}
 831              	.LVL76:
 832              	.L71:
 833              		.loc 1 439 1 view .LVU261
 834 004e 00BF     		.align	2
 835              	.L70:
 836 0050 00000000 		.word	.LC0
 837 0054 30000000 		.word	.LC1
 838 0058 40000000 		.word	.LC2
 839 005c 68000000 		.word	.LC3
 840              		.cfi_endproc
 841              	.LFE172:
 843              		.text
 844              	.Letext0:
 845              		.file 2 "/usr/share/gcc-arm-none-eabi-10.3-2021.10/arm-none-eabi/include/machine/_default_types.h"
 846              		.file 3 "/usr/share/gcc-arm-none-eabi-10.3-2021.10/arm-none-eabi/include/sys/_stdint.h"
 847              		.file 4 "/usr/share/gcc-arm-none-eabi-10.3-2021.10/lib/gcc/arm-none-eabi/10.3.1/include/stddef.h"
 848              		.file 5 "Middlewares/Third_Party/LwIP/src/include/lwip/arch.h"
 849              		.file 6 "Middlewares/Third_Party/LwIP/src/include/lwip/err.h"
 850              		.file 7 "Middlewares/Third_Party/LwIP/src/include/lwip/ip4_addr.h"
 851              		.file 8 "Middlewares/Third_Party/LwIP/src/include/lwip/ip_addr.h"
 852              		.file 9 "Middlewares/Third_Party/LwIP/src/include/lwip/pbuf.h"
 853              		.file 10 "Middlewares/Third_Party/LwIP/src/include/lwip/netif.h"
 854              		.file 11 "Middlewares/Third_Party/LwIP/src/include/lwip/sio.h"
 855              		.file 12 "/usr/share/gcc-arm-none-eabi-10.3-2021.10/arm-none-eabi/include/stdio.h"
 856              		.file 13 "Middlewares/Third_Party/LwIP/src/include/lwip/mem.h"
ARM GAS  /tmp/ccCDMs4v.s 			page 26


DEFINED SYMBOLS
                            *ABS*:0000000000000000 slipif.c
     /tmp/ccCDMs4v.s:20     .rodata.slipif_output.str1.4:0000000000000000 $d
     /tmp/ccCDMs4v.s:36     .text.slipif_output:0000000000000000 $t
     /tmp/ccCDMs4v.s:41     .text.slipif_output:0000000000000000 slipif_output
     /tmp/ccCDMs4v.s:221    .text.slipif_output:0000000000000098 $d
     /tmp/ccCDMs4v.s:230    .text.slipif_output_v4:0000000000000000 $t
     /tmp/ccCDMs4v.s:235    .text.slipif_output_v4:0000000000000000 slipif_output_v4
     /tmp/ccCDMs4v.s:259    .text.slipif_rxbyte:0000000000000000 $t
     /tmp/ccCDMs4v.s:264    .text.slipif_rxbyte:0000000000000000 slipif_rxbyte
     /tmp/ccCDMs4v.s:531    .text.slipif_rxbyte:00000000000000f4 $d
     /tmp/ccCDMs4v.s:539    .text.slipif_rxbyte_input:0000000000000000 $t
     /tmp/ccCDMs4v.s:544    .text.slipif_rxbyte_input:0000000000000000 slipif_rxbyte_input
     /tmp/ccCDMs4v.s:594    .rodata.slipif_init.str1.4:0000000000000000 $d
     /tmp/ccCDMs4v.s:598    .text.slipif_init:0000000000000000 $t
     /tmp/ccCDMs4v.s:604    .text.slipif_init:0000000000000000 slipif_init
     /tmp/ccCDMs4v.s:729    .text.slipif_init:0000000000000068 $d
     /tmp/ccCDMs4v.s:737    .text.slipif_poll:0000000000000000 $t
     /tmp/ccCDMs4v.s:743    .text.slipif_poll:0000000000000000 slipif_poll
     /tmp/ccCDMs4v.s:836    .text.slipif_poll:0000000000000050 $d

UNDEFINED SYMBOLS
sio_send
printf
pbuf_realloc
pbuf_alloc
pbuf_cat
pbuf_free
mem_malloc
sio_open
mem_free
sio_tryread
